2022-04-08 09:43:23.947 [http-nio-8080-exec-7] ERROR o.s.b.a.w.s.e.ErrorMvcAutoConfiguration$StaticView - Cannot render error page for request [/index] as the response has already been committed. As a result, the response may have the wrong status code.
2022-04-08 09:43:26.293 [http-nio-8080-exec-10] ERROR o.s.b.a.w.s.e.ErrorMvcAutoConfiguration$StaticView - Cannot render error page for request [/index/page] as the response has already been committed. As a result, the response may have the wrong status code.
2022-04-08 21:17:05.451 [http-nio-8080-exec-8] ERROR com.a243.magicbazaar.util.websocket.WebSocket - websocket连接异常：Unrecognized token 'asd': was expecting (JSON String, Number, Array, Object or token 'null', 'true' or 'false')
 at [Source: (String)"asd"; line: 1, column: 4]
2022-04-08 21:17:10.354 [http-nio-8080-exec-1] ERROR com.a243.magicbazaar.util.websocket.WebSocket - websocket连接异常：Unrecognized token 'asd': was expecting (JSON String, Number, Array, Object or token 'null', 'true' or 'false')
 at [Source: (String)"asd"; line: 1, column: 4]
2022-04-08 21:17:13.609 [http-nio-8080-exec-5] ERROR com.a243.magicbazaar.util.websocket.WebSocket - websocket连接异常：Unrecognized token 'asd': was expecting (JSON String, Number, Array, Object or token 'null', 'true' or 'false')
 at [Source: (String)"asd"; line: 1, column: 4]
2022-04-08 21:17:22.041 [http-nio-8080-exec-6] ERROR com.a243.magicbazaar.util.websocket.WebSocket - websocket连接异常：Unrecognized token 'asd': was expecting (JSON String, Number, Array, Object or token 'null', 'true' or 'false')
 at [Source: (String)"asd"; line: 1, column: 4]
2022-04-08 21:18:55.250 [http-nio-8080-exec-5] ERROR com.a243.magicbazaar.util.websocket.WebSocket - websocket连接异常：Unrecognized token 'asd': was expecting (JSON String, Number, Array, Object or token 'null', 'true' or 'false')
 at [Source: (String)"asd"; line: 1, column: 4]
2022-04-08 21:27:49.259 [http-nio-8080-exec-9] ERROR com.a243.magicbazaar.util.websocket.WebSocket - websocket连接异常：Unrecognized token 'asdasd': was expecting (JSON String, Number, Array, Object or token 'null', 'true' or 'false')
 at [Source: (String)"asdasd"; line: 1, column: 7]
2022-04-08 21:31:48.706 [http-nio-8080-exec-10] ERROR com.a243.magicbazaar.util.websocket.WebSocket - websocket连接异常：Unrecognized token 'asd': was expecting (JSON String, Number, Array, Object or token 'null', 'true' or 'false')
 at [Source: (String)"asd"; line: 1, column: 4]
2022-04-08 21:37:52.661 [http-nio-8080-exec-10] ERROR com.a243.magicbazaar.util.websocket.WebSocket - websocket连接异常：Unrecognized token 'asd': was expecting (JSON String, Number, Array, Object or token 'null', 'true' or 'false')
 at [Source: (String)"asd"; line: 1, column: 4]
2022-04-08 21:38:38.986 [Druid-ConnectionPool-Create-2144659477] ERROR com.alibaba.druid.pool.DruidDataSource - create connection SQLException, url: jdbc:mysql://localhost:3306/magicbazaar?useUnicode=true&characterEncoding=utf-8&serverTimeZone=UTC, errorCode 0, state 08S01
com.mysql.cj.jdbc.exceptions.CommunicationsException: Communications link failure

The last packet sent successfully to the server was 0 milliseconds ago. The driver has not received any packets from the server.
	at com.mysql.cj.jdbc.exceptions.SQLError.createCommunicationsException(SQLError.java:174)
	at com.mysql.cj.jdbc.exceptions.SQLExceptionsMapping.translateException(SQLExceptionsMapping.java:64)
	at com.mysql.cj.jdbc.ConnectionImpl.createNewIO(ConnectionImpl.java:828)
	at com.mysql.cj.jdbc.ConnectionImpl.<init>(ConnectionImpl.java:448)
	at com.mysql.cj.jdbc.ConnectionImpl.getInstance(ConnectionImpl.java:241)
	at com.mysql.cj.jdbc.NonRegisteringDriver.connect(NonRegisteringDriver.java:198)
	at com.alibaba.druid.pool.DruidAbstractDataSource.createPhysicalConnection(DruidAbstractDataSource.java:1657)
	at com.alibaba.druid.pool.DruidAbstractDataSource.createPhysicalConnection(DruidAbstractDataSource.java:1723)
	at com.alibaba.druid.pool.DruidDataSource$CreateConnectionThread.run(DruidDataSource.java:2838)
Caused by: com.mysql.cj.exceptions.CJCommunicationsException: Communications link failure

The last packet sent successfully to the server was 0 milliseconds ago. The driver has not received any packets from the server.
	at java.base/jdk.internal.reflect.NativeConstructorAccessorImpl.newInstance0(Native Method)
	at java.base/jdk.internal.reflect.NativeConstructorAccessorImpl.newInstance(NativeConstructorAccessorImpl.java:77)
	at java.base/jdk.internal.reflect.DelegatingConstructorAccessorImpl.newInstance(DelegatingConstructorAccessorImpl.java:45)
	at java.base/java.lang.reflect.Constructor.newInstanceWithCaller(Constructor.java:499)
	at java.base/java.lang.reflect.Constructor.newInstance(Constructor.java:480)
	at com.mysql.cj.exceptions.ExceptionFactory.createException(ExceptionFactory.java:61)
	at com.mysql.cj.exceptions.ExceptionFactory.createException(ExceptionFactory.java:105)
	at com.mysql.cj.exceptions.ExceptionFactory.createException(ExceptionFactory.java:151)
	at com.mysql.cj.exceptions.ExceptionFactory.createCommunicationsException(ExceptionFactory.java:167)
	at com.mysql.cj.protocol.a.NativeProtocol.negotiateSSLConnection(NativeProtocol.java:317)
	at com.mysql.cj.protocol.a.NativeAuthenticationProvider.connect(NativeAuthenticationProvider.java:203)
	at com.mysql.cj.protocol.a.NativeProtocol.connect(NativeProtocol.java:1369)
	at com.mysql.cj.NativeSession.connect(NativeSession.java:133)
	at com.mysql.cj.jdbc.ConnectionImpl.connectOneTryOnly(ConnectionImpl.java:948)
	at com.mysql.cj.jdbc.ConnectionImpl.createNewIO(ConnectionImpl.java:818)
	... 6 common frames omitted
Caused by: java.net.SocketException: 你的主机中的软件中止了一个已建立的连接。
	at java.base/sun.nio.ch.NioSocketImpl.implRead(NioSocketImpl.java:325)
	at java.base/sun.nio.ch.NioSocketImpl.read(NioSocketImpl.java:350)
	at java.base/sun.nio.ch.NioSocketImpl$1.read(NioSocketImpl.java:803)
	at java.base/java.net.Socket$SocketInputStream.read(Socket.java:966)
	at java.base/sun.security.ssl.SSLSocketInputRecord.read(SSLSocketInputRecord.java:478)
	at java.base/sun.security.ssl.SSLSocketInputRecord.readHeader(SSLSocketInputRecord.java:472)
	at java.base/sun.security.ssl.SSLSocketInputRecord.decode(SSLSocketInputRecord.java:160)
	at java.base/sun.security.ssl.SSLTransport.decode(SSLTransport.java:111)
	at java.base/sun.security.ssl.SSLSocketImpl.decode(SSLSocketImpl.java:1500)
	at java.base/sun.security.ssl.SSLSocketImpl.readHandshakeRecord(SSLSocketImpl.java:1415)
	at java.base/sun.security.ssl.SSLSocketImpl.startHandshake(SSLSocketImpl.java:450)
	at java.base/sun.security.ssl.SSLSocketImpl.startHandshake(SSLSocketImpl.java:421)
	at com.mysql.cj.protocol.ExportControlled.performTlsHandshake(ExportControlled.java:335)
	at com.mysql.cj.protocol.StandardSocketFactory.performTlsHandshake(StandardSocketFactory.java:194)
	at com.mysql.cj.protocol.a.NativeSocketConnection.performTlsHandshake(NativeSocketConnection.java:101)
	at com.mysql.cj.protocol.a.NativeProtocol.negotiateSSLConnection(NativeProtocol.java:308)
	... 11 common frames omitted
2022-04-08 21:38:58.053 [http-nio-8080-exec-10] ERROR com.a243.magicbazaar.util.websocket.WebSocket - websocket连接异常：Unrecognized token 'asd': was expecting (JSON String, Number, Array, Object or token 'null', 'true' or 'false')
 at [Source: (String)"asd"; line: 1, column: 4]
