2022-09-05 14:52:22.227 [main] INFO  App - Starting App using Java 17.0.2 on sakurasawahina with PID 27152 (D:\Idea-Project\magicbazaar\magicbazaar-web\target\classes started by sakurasawahina in D:\Idea-Project\magicbazaar)
2022-09-05 14:52:22.233 [main] INFO  App - No active profile set, falling back to default profiles: default
2022-09-05 14:52:23.917 [main] INFO  o.s.d.r.config.RepositoryConfigurationDelegate - Multiple Spring Data modules found, entering strict repository configuration mode!
2022-09-05 14:52:23.920 [main] INFO  o.s.d.r.config.RepositoryConfigurationDelegate - Bootstrapping Spring Data Redis repositories in DEFAULT mode.
2022-09-05 14:52:23.948 [main] INFO  o.s.d.r.config.RepositoryConfigurationDelegate - Finished Spring Data repository scanning in 7 ms. Found 0 Redis repository interfaces.
2022-09-05 14:52:24.963 [main] INFO  o.s.boot.web.embedded.tomcat.TomcatWebServer - Tomcat initialized with port(s): 8081 (http)
2022-09-05 14:52:24.974 [main] INFO  org.apache.coyote.http11.Http11NioProtocol - Initializing ProtocolHandler ["http-nio-8081"]
2022-09-05 14:52:24.974 [main] INFO  org.apache.catalina.core.StandardService - Starting service [Tomcat]
2022-09-05 14:52:24.974 [main] INFO  org.apache.catalina.core.StandardEngine - Starting Servlet engine: [Apache Tomcat/9.0.55]
2022-09-05 14:52:25.078 [main] INFO  o.a.c.core.ContainerBase.[Tomcat].[localhost].[/] - Initializing Spring embedded WebApplicationContext
2022-09-05 14:52:25.078 [main] INFO  o.s.b.w.s.c.ServletWebServerApplicationContext - Root WebApplicationContext: initialization completed in 2786 ms
2022-09-05 14:52:25.241 [main] INFO  c.a.d.s.b.a.DruidDataSourceAutoConfigure - Init DruidDataSource
2022-09-05 14:52:25.428 [main] INFO  com.alibaba.druid.pool.DruidDataSource - {dataSource-1} inited
2022-09-05 14:52:29.215 [main] INFO  org.apache.coyote.http11.Http11NioProtocol - Starting ProtocolHandler ["http-nio-8081"]
2022-09-05 14:52:29.253 [main] INFO  o.s.boot.web.embedded.tomcat.TomcatWebServer - Tomcat started on port(s): 8081 (http) with context path ''
2022-09-05 14:52:29.267 [main] INFO  App - Started App in 7.873 seconds (JVM running for 8.897)
2022-09-05 14:58:48.384 [main] INFO  App - Starting App using Java 17.0.2 on sakurasawahina with PID 26300 (D:\Idea-Project\magicbazaar\magicbazaar-web\target\classes started by sakurasawahina in D:\Idea-Project\magicbazaar)
2022-09-05 14:58:48.387 [main] INFO  App - No active profile set, falling back to default profiles: default
2022-09-05 14:58:49.442 [main] INFO  o.s.d.r.config.RepositoryConfigurationDelegate - Multiple Spring Data modules found, entering strict repository configuration mode!
2022-09-05 14:58:49.446 [main] INFO  o.s.d.r.config.RepositoryConfigurationDelegate - Bootstrapping Spring Data Redis repositories in DEFAULT mode.
2022-09-05 14:58:49.468 [main] INFO  o.s.d.r.config.RepositoryConfigurationDelegate - Finished Spring Data repository scanning in 7 ms. Found 0 Redis repository interfaces.
2022-09-05 14:58:50.224 [main] INFO  o.s.boot.web.embedded.tomcat.TomcatWebServer - Tomcat initialized with port(s): 8081 (http)
2022-09-05 14:58:50.231 [main] INFO  org.apache.coyote.http11.Http11NioProtocol - Initializing ProtocolHandler ["http-nio-8081"]
2022-09-05 14:58:50.232 [main] INFO  org.apache.catalina.core.StandardService - Starting service [Tomcat]
2022-09-05 14:58:50.232 [main] INFO  org.apache.catalina.core.StandardEngine - Starting Servlet engine: [Apache Tomcat/9.0.55]
2022-09-05 14:58:50.328 [main] INFO  o.a.c.core.ContainerBase.[Tomcat].[localhost].[/] - Initializing Spring embedded WebApplicationContext
2022-09-05 14:58:50.328 [main] INFO  o.s.b.w.s.c.ServletWebServerApplicationContext - Root WebApplicationContext: initialization completed in 1888 ms
2022-09-05 14:58:50.446 [main] INFO  c.a.d.s.b.a.DruidDataSourceAutoConfigure - Init DruidDataSource
2022-09-05 14:58:50.535 [main] INFO  com.alibaba.druid.pool.DruidDataSource - {dataSource-1} inited
2022-09-05 14:58:53.564 [main] INFO  org.apache.coyote.http11.Http11NioProtocol - Starting ProtocolHandler ["http-nio-8081"]
2022-09-05 14:58:53.602 [main] INFO  o.s.boot.web.embedded.tomcat.TomcatWebServer - Tomcat started on port(s): 8081 (http) with context path ''
2022-09-05 14:58:53.615 [main] INFO  App - Started App in 5.822 seconds (JVM running for 6.631)
2022-09-05 14:59:47.788 [SpringApplicationShutdownHook] INFO  com.alibaba.druid.pool.DruidDataSource - {dataSource-1} closing ...
2022-09-05 14:59:47.889 [SpringApplicationShutdownHook] INFO  com.alibaba.druid.pool.DruidDataSource - {dataSource-1} closed
