2022-04-05 07:51:54.808 [main] WARN  o.s.boot.autoconfigure.AutoConfigurationPackages - @EnableAutoConfiguration was declared on a class in the default package. Automatic @Repository and @Entity scanning is not enabled.
2022-04-05 07:51:58.285 [main] WARN  c.b.mybatisplus.core.injector.DefaultSqlInjector - class com.a243.magicbazaar.dao.dto.Cart ,Not found @TableId annotation, Cannot use Mybatis-Plus 'xxById' Method.
2022-04-05 08:02:37.605 [main] WARN  o.s.boot.autoconfigure.AutoConfigurationPackages - @EnableAutoConfiguration was declared on a class in the default package. Automatic @Repository and @Entity scanning is not enabled.
2022-04-05 08:02:40.213 [main] WARN  c.b.mybatisplus.core.injector.DefaultSqlInjector - class com.a243.magicbazaar.dao.dto.Cart ,Not found @TableId annotation, Cannot use Mybatis-Plus 'xxById' Method.
2022-04-05 08:05:19.033 [main] WARN  o.s.boot.autoconfigure.AutoConfigurationPackages - @EnableAutoConfiguration was declared on a class in the default package. Automatic @Repository and @Entity scanning is not enabled.
2022-04-05 08:05:21.998 [main] WARN  c.b.mybatisplus.core.injector.DefaultSqlInjector - class com.a243.magicbazaar.dao.dto.Cart ,Not found @TableId annotation, Cannot use Mybatis-Plus 'xxById' Method.
2022-04-05 08:05:34.171 [http-nio-8081-exec-5] WARN  o.s.w.s.m.support.DefaultHandlerExceptionResolver - Resolved [org.springframework.web.HttpRequestMethodNotSupportedException: Request method 'GET' not supported]
2022-04-05 08:07:42.247 [http-nio-8081-exec-5] WARN  com.alibaba.druid.pool.DruidAbstractDataSource - discard long time none received connection. , jdbcUrl : jdbc:mysql://localhost:3306/magicbazaar?useUnicode=true&characterEncoding=utf-8&serverTimeZone=UTC, version : 1.2.8, lastPacketReceivedIdleMillis : 134354
2022-04-05 08:07:42.247 [http-nio-8081-exec-7] WARN  com.alibaba.druid.pool.DruidAbstractDataSource - discard long time none received connection. , jdbcUrl : jdbc:mysql://localhost:3306/magicbazaar?useUnicode=true&characterEncoding=utf-8&serverTimeZone=UTC, version : 1.2.8, lastPacketReceivedIdleMillis : 134356
2022-04-05 08:08:37.189 [lettuce-nioEventLoop-4-2] WARN  io.lettuce.core.protocol.ConnectionWatchdog - Cannot reconnect to [localhost/<unresolved>:6379]: Connection refused: no further information: localhost/127.0.0.1:6379
2022-04-05 08:11:02.923 [main] WARN  o.s.boot.autoconfigure.AutoConfigurationPackages - @EnableAutoConfiguration was declared on a class in the default package. Automatic @Repository and @Entity scanning is not enabled.
2022-04-05 08:11:05.511 [main] WARN  c.b.mybatisplus.core.injector.DefaultSqlInjector - class com.a243.magicbazaar.dao.dto.Cart ,Not found @TableId annotation, Cannot use Mybatis-Plus 'xxById' Method.
2022-04-05 08:15:06.614 [http-nio-8081-exec-8] WARN  com.alibaba.druid.pool.DruidAbstractDataSource - discard long time none received connection. , jdbcUrl : jdbc:mysql://localhost:3306/magicbazaar?useUnicode=true&characterEncoding=utf-8&serverTimeZone=UTC, version : 1.2.8, lastPacketReceivedIdleMillis : 232595
2022-04-05 08:15:06.614 [http-nio-8081-exec-5] WARN  com.alibaba.druid.pool.DruidAbstractDataSource - discard long time none received connection. , jdbcUrl : jdbc:mysql://localhost:3306/magicbazaar?useUnicode=true&characterEncoding=utf-8&serverTimeZone=UTC, version : 1.2.8, lastPacketReceivedIdleMillis : 232597
2022-04-05 08:19:20.720 [main] WARN  o.s.boot.autoconfigure.AutoConfigurationPackages - @EnableAutoConfiguration was declared on a class in the default package. Automatic @Repository and @Entity scanning is not enabled.
2022-04-05 08:19:23.301 [main] WARN  c.b.mybatisplus.core.injector.DefaultSqlInjector - class com.a243.magicbazaar.dao.dto.Cart ,Not found @TableId annotation, Cannot use Mybatis-Plus 'xxById' Method.
2022-04-05 08:22:38.723 [main] WARN  o.s.boot.autoconfigure.AutoConfigurationPackages - @EnableAutoConfiguration was declared on a class in the default package. Automatic @Repository and @Entity scanning is not enabled.
2022-04-05 08:22:41.419 [main] WARN  c.b.mybatisplus.core.injector.DefaultSqlInjector - class com.a243.magicbazaar.dao.dto.Cart ,Not found @TableId annotation, Cannot use Mybatis-Plus 'xxById' Method.
2022-04-05 08:24:52.880 [main] WARN  o.s.boot.autoconfigure.AutoConfigurationPackages - @EnableAutoConfiguration was declared on a class in the default package. Automatic @Repository and @Entity scanning is not enabled.
2022-04-05 08:24:55.493 [main] WARN  c.b.mybatisplus.core.injector.DefaultSqlInjector - class com.a243.magicbazaar.dao.dto.Cart ,Not found @TableId annotation, Cannot use Mybatis-Plus 'xxById' Method.
2022-04-05 08:27:28.599 [main] WARN  o.s.boot.autoconfigure.AutoConfigurationPackages - @EnableAutoConfiguration was declared on a class in the default package. Automatic @Repository and @Entity scanning is not enabled.
2022-04-05 08:27:31.099 [main] WARN  c.b.mybatisplus.core.injector.DefaultSqlInjector - class com.a243.magicbazaar.dao.dto.Cart ,Not found @TableId annotation, Cannot use Mybatis-Plus 'xxById' Method.
2022-04-05 08:31:48.493 [http-nio-8081-exec-5] WARN  com.alibaba.druid.pool.DruidAbstractDataSource - discard long time none received connection. , jdbcUrl : jdbc:mysql://localhost:3306/magicbazaar?useUnicode=true&characterEncoding=utf-8&serverTimeZone=UTC, version : 1.2.8, lastPacketReceivedIdleMillis : 225432
2022-04-05 08:31:48.493 [http-nio-8081-exec-6] WARN  com.alibaba.druid.pool.DruidAbstractDataSource - discard long time none received connection. , jdbcUrl : jdbc:mysql://localhost:3306/magicbazaar?useUnicode=true&characterEncoding=utf-8&serverTimeZone=UTC, version : 1.2.8, lastPacketReceivedIdleMillis : 225444
2022-04-05 08:31:48.493 [http-nio-8081-exec-7] WARN  com.alibaba.druid.pool.DruidAbstractDataSource - discard long time none received connection. , jdbcUrl : jdbc:mysql://localhost:3306/magicbazaar?useUnicode=true&characterEncoding=utf-8&serverTimeZone=UTC, version : 1.2.8, lastPacketReceivedIdleMillis : 225440
2022-04-05 08:31:48.494 [http-nio-8081-exec-10] WARN  com.alibaba.druid.pool.DruidAbstractDataSource - discard long time none received connection. , jdbcUrl : jdbc:mysql://localhost:3306/magicbazaar?useUnicode=true&characterEncoding=utf-8&serverTimeZone=UTC, version : 1.2.8, lastPacketReceivedIdleMillis : 225437
2022-04-05 08:43:44.507 [http-nio-8081-exec-10] WARN  com.alibaba.druid.pool.DruidAbstractDataSource - discard long time none received connection. , jdbcUrl : jdbc:mysql://localhost:3306/magicbazaar?useUnicode=true&characterEncoding=utf-8&serverTimeZone=UTC, version : 1.2.8, lastPacketReceivedIdleMillis : 715996
2022-04-05 08:43:44.508 [http-nio-8081-exec-10] WARN  com.alibaba.druid.pool.DruidAbstractDataSource - discard long time none received connection. , jdbcUrl : jdbc:mysql://localhost:3306/magicbazaar?useUnicode=true&characterEncoding=utf-8&serverTimeZone=UTC, version : 1.2.8, lastPacketReceivedIdleMillis : 716005
2022-04-05 08:51:36.848 [http-nio-8081-exec-9] WARN  com.alibaba.druid.pool.DruidAbstractDataSource - discard long time none received connection. , jdbcUrl : jdbc:mysql://localhost:3306/magicbazaar?useUnicode=true&characterEncoding=utf-8&serverTimeZone=UTC, version : 1.2.8, lastPacketReceivedIdleMillis : 472314
2022-04-05 08:51:36.848 [http-nio-8081-exec-2] WARN  com.alibaba.druid.pool.DruidAbstractDataSource - discard long time none received connection. , jdbcUrl : jdbc:mysql://localhost:3306/magicbazaar?useUnicode=true&characterEncoding=utf-8&serverTimeZone=UTC, version : 1.2.8, lastPacketReceivedIdleMillis : 472310
2022-04-05 08:56:01.244 [main] WARN  o.s.boot.autoconfigure.AutoConfigurationPackages - @EnableAutoConfiguration was declared on a class in the default package. Automatic @Repository and @Entity scanning is not enabled.
2022-04-05 08:56:04.252 [main] WARN  c.b.mybatisplus.core.injector.DefaultSqlInjector - class com.a243.magicbazaar.dao.dto.Cart ,Not found @TableId annotation, Cannot use Mybatis-Plus 'xxById' Method.
2022-04-05 08:57:20.732 [main] WARN  o.s.boot.autoconfigure.AutoConfigurationPackages - @EnableAutoConfiguration was declared on a class in the default package. Automatic @Repository and @Entity scanning is not enabled.
2022-04-05 08:57:23.930 [main] WARN  c.b.mybatisplus.core.injector.DefaultSqlInjector - class com.a243.magicbazaar.dao.dto.Cart ,Not found @TableId annotation, Cannot use Mybatis-Plus 'xxById' Method.
2022-04-05 09:29:09.959 [main] WARN  o.s.boot.autoconfigure.AutoConfigurationPackages - @EnableAutoConfiguration was declared on a class in the default package. Automatic @Repository and @Entity scanning is not enabled.
2022-04-05 09:29:16.352 [main] WARN  c.b.mybatisplus.core.injector.DefaultSqlInjector - class com.a243.magicbazaar.dao.dto.Cart ,Not found @TableId annotation, Cannot use Mybatis-Plus 'xxById' Method.
2022-04-05 09:32:09.203 [main] WARN  o.s.boot.autoconfigure.AutoConfigurationPackages - @EnableAutoConfiguration was declared on a class in the default package. Automatic @Repository and @Entity scanning is not enabled.
2022-04-05 09:32:14.623 [main] WARN  c.b.mybatisplus.core.injector.DefaultSqlInjector - class com.a243.magicbazaar.dao.dto.Cart ,Not found @TableId annotation, Cannot use Mybatis-Plus 'xxById' Method.
2022-04-05 09:34:22.935 [main] WARN  o.s.boot.autoconfigure.AutoConfigurationPackages - @EnableAutoConfiguration was declared on a class in the default package. Automatic @Repository and @Entity scanning is not enabled.
2022-04-05 09:34:27.783 [main] WARN  c.b.mybatisplus.core.injector.DefaultSqlInjector - class com.a243.magicbazaar.dao.dto.Cart ,Not found @TableId annotation, Cannot use Mybatis-Plus 'xxById' Method.
2022-04-05 10:06:55.921 [main] WARN  o.s.boot.autoconfigure.AutoConfigurationPackages - @EnableAutoConfiguration was declared on a class in the default package. Automatic @Repository and @Entity scanning is not enabled.
2022-04-05 10:07:07.835 [main] WARN  c.b.mybatisplus.core.injector.DefaultSqlInjector - class com.a243.magicbazaar.dao.dto.Cart ,Not found @TableId annotation, Cannot use Mybatis-Plus 'xxById' Method.
2022-04-05 10:09:09.510 [main] WARN  o.s.boot.autoconfigure.AutoConfigurationPackages - @EnableAutoConfiguration was declared on a class in the default package. Automatic @Repository and @Entity scanning is not enabled.
2022-04-05 10:09:14.468 [main] WARN  c.b.mybatisplus.core.injector.DefaultSqlInjector - class com.a243.magicbazaar.dao.dto.Cart ,Not found @TableId annotation, Cannot use Mybatis-Plus 'xxById' Method.
2022-04-05 10:10:18.257 [main] WARN  o.s.boot.autoconfigure.AutoConfigurationPackages - @EnableAutoConfiguration was declared on a class in the default package. Automatic @Repository and @Entity scanning is not enabled.
2022-04-05 10:10:23.555 [main] WARN  c.b.mybatisplus.core.injector.DefaultSqlInjector - class com.a243.magicbazaar.dao.dto.Cart ,Not found @TableId annotation, Cannot use Mybatis-Plus 'xxById' Method.
2022-04-05 10:30:46.760 [main] WARN  o.s.boot.autoconfigure.AutoConfigurationPackages - @EnableAutoConfiguration was declared on a class in the default package. Automatic @Repository and @Entity scanning is not enabled.
2022-04-05 10:30:50.946 [main] WARN  c.b.mybatisplus.core.injector.DefaultSqlInjector - class com.a243.magicbazaar.dao.dto.Cart ,Not found @TableId annotation, Cannot use Mybatis-Plus 'xxById' Method.
2022-04-05 10:31:54.452 [main] WARN  o.s.boot.autoconfigure.AutoConfigurationPackages - @EnableAutoConfiguration was declared on a class in the default package. Automatic @Repository and @Entity scanning is not enabled.
2022-04-05 10:31:58.759 [main] WARN  c.b.mybatisplus.core.injector.DefaultSqlInjector - class com.a243.magicbazaar.dao.dto.Cart ,Not found @TableId annotation, Cannot use Mybatis-Plus 'xxById' Method.
2022-04-05 10:34:15.897 [main] WARN  o.s.boot.autoconfigure.AutoConfigurationPackages - @EnableAutoConfiguration was declared on a class in the default package. Automatic @Repository and @Entity scanning is not enabled.
2022-04-05 10:34:19.774 [main] WARN  c.b.mybatisplus.core.injector.DefaultSqlInjector - class com.a243.magicbazaar.dao.dto.Cart ,Not found @TableId annotation, Cannot use Mybatis-Plus 'xxById' Method.
2022-04-05 10:34:40.458 [main] WARN  o.s.boot.autoconfigure.AutoConfigurationPackages - @EnableAutoConfiguration was declared on a class in the default package. Automatic @Repository and @Entity scanning is not enabled.
2022-04-05 10:34:45.084 [main] WARN  c.b.mybatisplus.core.injector.DefaultSqlInjector - class com.a243.magicbazaar.dao.dto.Cart ,Not found @TableId annotation, Cannot use Mybatis-Plus 'xxById' Method.
2022-04-05 10:35:20.804 [main] WARN  o.s.boot.autoconfigure.AutoConfigurationPackages - @EnableAutoConfiguration was declared on a class in the default package. Automatic @Repository and @Entity scanning is not enabled.
2022-04-05 10:35:25.308 [main] WARN  c.b.mybatisplus.core.injector.DefaultSqlInjector - class com.a243.magicbazaar.dao.dto.Cart ,Not found @TableId annotation, Cannot use Mybatis-Plus 'xxById' Method.
2022-04-05 10:40:31.749 [main] WARN  o.s.boot.autoconfigure.AutoConfigurationPackages - @EnableAutoConfiguration was declared on a class in the default package. Automatic @Repository and @Entity scanning is not enabled.
2022-04-05 10:40:36.815 [main] WARN  c.b.mybatisplus.core.injector.DefaultSqlInjector - class com.a243.magicbazaar.dao.dto.Cart ,Not found @TableId annotation, Cannot use Mybatis-Plus 'xxById' Method.
2022-04-05 10:41:13.472 [main] WARN  o.s.boot.autoconfigure.AutoConfigurationPackages - @EnableAutoConfiguration was declared on a class in the default package. Automatic @Repository and @Entity scanning is not enabled.
2022-04-05 10:41:18.100 [main] WARN  c.b.mybatisplus.core.injector.DefaultSqlInjector - class com.a243.magicbazaar.dao.dto.Cart ,Not found @TableId annotation, Cannot use Mybatis-Plus 'xxById' Method.
2022-04-05 10:42:16.794 [main] WARN  o.s.boot.autoconfigure.AutoConfigurationPackages - @EnableAutoConfiguration was declared on a class in the default package. Automatic @Repository and @Entity scanning is not enabled.
2022-04-05 10:42:20.137 [main] WARN  c.b.mybatisplus.core.injector.DefaultSqlInjector - class com.a243.magicbazaar.dao.dto.Cart ,Not found @TableId annotation, Cannot use Mybatis-Plus 'xxById' Method.
2022-04-05 10:56:40.657 [http-nio-8081-exec-4] WARN  com.alibaba.druid.pool.DruidAbstractDataSource - discard long time none received connection. , jdbcUrl : jdbc:mysql://localhost:3306/magicbazaar?useUnicode=true&characterEncoding=utf-8&serverTimeZone=UTC, version : 1.2.8, lastPacketReceivedIdleMillis : 851856
2022-04-05 10:56:40.657 [http-nio-8081-exec-7] WARN  com.alibaba.druid.pool.DruidAbstractDataSource - discard long time none received connection. , jdbcUrl : jdbc:mysql://localhost:3306/magicbazaar?useUnicode=true&characterEncoding=utf-8&serverTimeZone=UTC, version : 1.2.8, lastPacketReceivedIdleMillis : 851846
2022-04-05 10:56:40.658 [http-nio-8081-exec-7] WARN  com.alibaba.druid.pool.DruidAbstractDataSource - discard long time none received connection. , jdbcUrl : jdbc:mysql://localhost:3306/magicbazaar?useUnicode=true&characterEncoding=utf-8&serverTimeZone=UTC, version : 1.2.8, lastPacketReceivedIdleMillis : 851881
2022-04-05 10:59:17.857 [main] WARN  o.s.boot.autoconfigure.AutoConfigurationPackages - @EnableAutoConfiguration was declared on a class in the default package. Automatic @Repository and @Entity scanning is not enabled.
2022-04-05 10:59:21.308 [main] WARN  c.b.mybatisplus.core.injector.DefaultSqlInjector - class com.a243.magicbazaar.dao.dto.Cart ,Not found @TableId annotation, Cannot use Mybatis-Plus 'xxById' Method.
2022-04-05 11:16:39.213 [main] WARN  o.s.boot.autoconfigure.AutoConfigurationPackages - @EnableAutoConfiguration was declared on a class in the default package. Automatic @Repository and @Entity scanning is not enabled.
2022-04-05 11:16:41.924 [main] WARN  c.b.mybatisplus.core.injector.DefaultSqlInjector - class com.a243.magicbazaar.dao.dto.Cart ,Not found @TableId annotation, Cannot use Mybatis-Plus 'xxById' Method.
2022-04-05 11:24:20.101 [main] WARN  o.s.boot.autoconfigure.AutoConfigurationPackages - @EnableAutoConfiguration was declared on a class in the default package. Automatic @Repository and @Entity scanning is not enabled.
2022-04-05 11:24:25.171 [main] WARN  c.b.mybatisplus.core.injector.DefaultSqlInjector - class com.a243.magicbazaar.dao.dto.Cart ,Not found @TableId annotation, Cannot use Mybatis-Plus 'xxById' Method.
2022-04-05 11:27:12.617 [main] WARN  o.s.boot.autoconfigure.AutoConfigurationPackages - @EnableAutoConfiguration was declared on a class in the default package. Automatic @Repository and @Entity scanning is not enabled.
2022-04-05 11:27:17.404 [main] WARN  c.b.mybatisplus.core.injector.DefaultSqlInjector - class com.a243.magicbazaar.dao.dto.Cart ,Not found @TableId annotation, Cannot use Mybatis-Plus 'xxById' Method.
2022-04-05 11:28:15.482 [main] WARN  o.s.boot.autoconfigure.AutoConfigurationPackages - @EnableAutoConfiguration was declared on a class in the default package. Automatic @Repository and @Entity scanning is not enabled.
2022-04-05 11:28:20.953 [main] WARN  c.b.mybatisplus.core.injector.DefaultSqlInjector - class com.a243.magicbazaar.dao.dto.Cart ,Not found @TableId annotation, Cannot use Mybatis-Plus 'xxById' Method.
2022-04-05 11:48:17.674 [http-nio-8081-exec-1] WARN  com.alibaba.druid.pool.DruidAbstractDataSource - discard long time none received connection. , jdbcUrl : jdbc:mysql://localhost:3306/magicbazaar?useUnicode=true&characterEncoding=utf-8&serverTimeZone=UTC, version : 1.2.8, lastPacketReceivedIdleMillis : 331859
2022-04-05 11:48:17.674 [http-nio-8081-exec-10] WARN  com.alibaba.druid.pool.DruidAbstractDataSource - discard long time none received connection. , jdbcUrl : jdbc:mysql://localhost:3306/magicbazaar?useUnicode=true&characterEncoding=utf-8&serverTimeZone=UTC, version : 1.2.8, lastPacketReceivedIdleMillis : 331862
2022-04-05 11:51:37.084 [main] WARN  o.s.boot.autoconfigure.AutoConfigurationPackages - @EnableAutoConfiguration was declared on a class in the default package. Automatic @Repository and @Entity scanning is not enabled.
2022-04-05 11:51:39.844 [main] WARN  c.b.mybatisplus.core.injector.DefaultSqlInjector - class com.a243.magicbazaar.dao.dto.Cart ,Not found @TableId annotation, Cannot use Mybatis-Plus 'xxById' Method.
2022-04-05 11:52:20.960 [main] WARN  o.s.boot.autoconfigure.AutoConfigurationPackages - @EnableAutoConfiguration was declared on a class in the default package. Automatic @Repository and @Entity scanning is not enabled.
2022-04-05 11:52:23.458 [main] WARN  c.b.mybatisplus.core.injector.DefaultSqlInjector - class com.a243.magicbazaar.dao.dto.Cart ,Not found @TableId annotation, Cannot use Mybatis-Plus 'xxById' Method.
2022-04-05 13:04:33.145 [main] WARN  o.s.boot.autoconfigure.AutoConfigurationPackages - @EnableAutoConfiguration was declared on a class in the default package. Automatic @Repository and @Entity scanning is not enabled.
2022-04-05 13:04:36.287 [main] WARN  c.b.mybatisplus.core.injector.DefaultSqlInjector - class com.a243.magicbazaar.dao.dto.Cart ,Not found @TableId annotation, Cannot use Mybatis-Plus 'xxById' Method.
2022-04-05 13:12:30.579 [http-nio-8081-exec-6] WARN  com.alibaba.druid.pool.DruidAbstractDataSource - discard long time none received connection. , jdbcUrl : jdbc:mysql://localhost:3306/magicbazaar?useUnicode=true&characterEncoding=utf-8&serverTimeZone=UTC, version : 1.2.8, lastPacketReceivedIdleMillis : 358047
2022-04-05 13:12:30.579 [http-nio-8081-exec-8] WARN  com.alibaba.druid.pool.DruidAbstractDataSource - discard long time none received connection. , jdbcUrl : jdbc:mysql://localhost:3306/magicbazaar?useUnicode=true&characterEncoding=utf-8&serverTimeZone=UTC, version : 1.2.8, lastPacketReceivedIdleMillis : 358044
2022-04-05 13:12:30.579 [http-nio-8081-exec-9] WARN  com.alibaba.druid.pool.DruidAbstractDataSource - discard long time none received connection. , jdbcUrl : jdbc:mysql://localhost:3306/magicbazaar?useUnicode=true&characterEncoding=utf-8&serverTimeZone=UTC, version : 1.2.8, lastPacketReceivedIdleMillis : 358044
2022-04-05 13:12:42.913 [main] WARN  o.s.boot.autoconfigure.AutoConfigurationPackages - @EnableAutoConfiguration was declared on a class in the default package. Automatic @Repository and @Entity scanning is not enabled.
2022-04-05 13:12:45.689 [main] WARN  c.b.mybatisplus.core.injector.DefaultSqlInjector - class com.a243.magicbazaar.dao.dto.Cart ,Not found @TableId annotation, Cannot use Mybatis-Plus 'xxById' Method.
2022-04-05 13:13:47.590 [main] WARN  o.s.boot.autoconfigure.AutoConfigurationPackages - @EnableAutoConfiguration was declared on a class in the default package. Automatic @Repository and @Entity scanning is not enabled.
2022-04-05 13:13:50.159 [main] WARN  c.b.mybatisplus.core.injector.DefaultSqlInjector - class com.a243.magicbazaar.dao.dto.Cart ,Not found @TableId annotation, Cannot use Mybatis-Plus 'xxById' Method.
2022-04-05 13:15:50.093 [main] WARN  o.s.boot.autoconfigure.AutoConfigurationPackages - @EnableAutoConfiguration was declared on a class in the default package. Automatic @Repository and @Entity scanning is not enabled.
2022-04-05 13:15:53.103 [main] WARN  c.b.mybatisplus.core.injector.DefaultSqlInjector - class com.a243.magicbazaar.dao.dto.Cart ,Not found @TableId annotation, Cannot use Mybatis-Plus 'xxById' Method.
2022-04-05 13:16:01.169 [main] WARN  o.s.boot.autoconfigure.AutoConfigurationPackages - @EnableAutoConfiguration was declared on a class in the default package. Automatic @Repository and @Entity scanning is not enabled.
2022-04-05 13:16:04.810 [main] WARN  c.b.mybatisplus.core.injector.DefaultSqlInjector - class com.a243.magicbazaar.dao.dto.Cart ,Not found @TableId annotation, Cannot use Mybatis-Plus 'xxById' Method.
2022-04-05 13:18:40.965 [main] WARN  o.s.boot.autoconfigure.AutoConfigurationPackages - @EnableAutoConfiguration was declared on a class in the default package. Automatic @Repository and @Entity scanning is not enabled.
2022-04-05 13:18:44.791 [main] WARN  c.b.mybatisplus.core.injector.DefaultSqlInjector - class com.a243.magicbazaar.dao.dto.Cart ,Not found @TableId annotation, Cannot use Mybatis-Plus 'xxById' Method.
2022-04-05 13:20:13.045 [main] WARN  o.s.boot.autoconfigure.AutoConfigurationPackages - @EnableAutoConfiguration was declared on a class in the default package. Automatic @Repository and @Entity scanning is not enabled.
2022-04-05 13:20:16.778 [main] WARN  c.b.mybatisplus.core.injector.DefaultSqlInjector - class com.a243.magicbazaar.dao.dto.Cart ,Not found @TableId annotation, Cannot use Mybatis-Plus 'xxById' Method.
2022-04-05 13:21:20.711 [main] WARN  o.s.boot.autoconfigure.AutoConfigurationPackages - @EnableAutoConfiguration was declared on a class in the default package. Automatic @Repository and @Entity scanning is not enabled.
2022-04-05 13:21:23.663 [main] WARN  c.b.mybatisplus.core.injector.DefaultSqlInjector - class com.a243.magicbazaar.dao.dto.Cart ,Not found @TableId annotation, Cannot use Mybatis-Plus 'xxById' Method.
2022-04-05 13:22:26.072 [main] WARN  o.s.boot.autoconfigure.AutoConfigurationPackages - @EnableAutoConfiguration was declared on a class in the default package. Automatic @Repository and @Entity scanning is not enabled.
2022-04-05 13:22:28.727 [main] WARN  c.b.mybatisplus.core.injector.DefaultSqlInjector - class com.a243.magicbazaar.dao.dto.Cart ,Not found @TableId annotation, Cannot use Mybatis-Plus 'xxById' Method.
2022-04-05 13:24:23.771 [main] WARN  o.s.boot.autoconfigure.AutoConfigurationPackages - @EnableAutoConfiguration was declared on a class in the default package. Automatic @Repository and @Entity scanning is not enabled.
2022-04-05 13:24:26.848 [main] WARN  c.b.mybatisplus.core.injector.DefaultSqlInjector - class com.a243.magicbazaar.dao.dto.Cart ,Not found @TableId annotation, Cannot use Mybatis-Plus 'xxById' Method.
2022-04-05 13:25:14.331 [main] WARN  o.s.boot.autoconfigure.AutoConfigurationPackages - @EnableAutoConfiguration was declared on a class in the default package. Automatic @Repository and @Entity scanning is not enabled.
2022-04-05 13:25:17.947 [main] WARN  c.b.mybatisplus.core.injector.DefaultSqlInjector - class com.a243.magicbazaar.dao.dto.Cart ,Not found @TableId annotation, Cannot use Mybatis-Plus 'xxById' Method.
2022-04-05 13:26:10.314 [main] WARN  o.s.boot.autoconfigure.AutoConfigurationPackages - @EnableAutoConfiguration was declared on a class in the default package. Automatic @Repository and @Entity scanning is not enabled.
2022-04-05 13:26:13.277 [main] WARN  c.b.mybatisplus.core.injector.DefaultSqlInjector - class com.a243.magicbazaar.dao.dto.Cart ,Not found @TableId annotation, Cannot use Mybatis-Plus 'xxById' Method.
2022-04-05 13:27:50.749 [main] WARN  o.s.boot.autoconfigure.AutoConfigurationPackages - @EnableAutoConfiguration was declared on a class in the default package. Automatic @Repository and @Entity scanning is not enabled.
2022-04-05 13:27:54.442 [main] WARN  c.b.mybatisplus.core.injector.DefaultSqlInjector - class com.a243.magicbazaar.dao.dto.Cart ,Not found @TableId annotation, Cannot use Mybatis-Plus 'xxById' Method.
2022-04-05 13:31:14.091 [main] WARN  o.s.boot.autoconfigure.AutoConfigurationPackages - @EnableAutoConfiguration was declared on a class in the default package. Automatic @Repository and @Entity scanning is not enabled.
2022-04-05 13:31:16.790 [main] WARN  c.b.mybatisplus.core.injector.DefaultSqlInjector - class com.a243.magicbazaar.dao.dto.Cart ,Not found @TableId annotation, Cannot use Mybatis-Plus 'xxById' Method.
2022-04-05 13:32:46.311 [main] WARN  o.s.boot.autoconfigure.AutoConfigurationPackages - @EnableAutoConfiguration was declared on a class in the default package. Automatic @Repository and @Entity scanning is not enabled.
2022-04-05 13:32:50.501 [main] WARN  c.b.mybatisplus.core.injector.DefaultSqlInjector - class com.a243.magicbazaar.dao.dto.Cart ,Not found @TableId annotation, Cannot use Mybatis-Plus 'xxById' Method.
2022-04-05 13:47:23.455 [main] WARN  o.s.boot.autoconfigure.AutoConfigurationPackages - @EnableAutoConfiguration was declared on a class in the default package. Automatic @Repository and @Entity scanning is not enabled.
2022-04-05 13:47:25.061 [main] WARN  c.b.mybatisplus.core.injector.DefaultSqlInjector - class com.a243.magicbazaar.dao.dto.Cart ,Not found @TableId annotation, Cannot use Mybatis-Plus 'xxById' Method.
2022-04-05 13:47:39.770 [main] WARN  o.s.boot.autoconfigure.AutoConfigurationPackages - @EnableAutoConfiguration was declared on a class in the default package. Automatic @Repository and @Entity scanning is not enabled.
2022-04-05 13:47:41.469 [main] WARN  c.b.mybatisplus.core.injector.DefaultSqlInjector - class com.a243.magicbazaar.dao.dto.Cart ,Not found @TableId annotation, Cannot use Mybatis-Plus 'xxById' Method.
2022-04-05 13:51:41.730 [main] WARN  o.s.boot.autoconfigure.AutoConfigurationPackages - @EnableAutoConfiguration was declared on a class in the default package. Automatic @Repository and @Entity scanning is not enabled.
2022-04-05 13:51:43.414 [main] WARN  c.b.mybatisplus.core.injector.DefaultSqlInjector - class com.a243.magicbazaar.dao.dto.Cart ,Not found @TableId annotation, Cannot use Mybatis-Plus 'xxById' Method.
2022-04-05 13:52:13.939 [main] WARN  o.s.boot.autoconfigure.AutoConfigurationPackages - @EnableAutoConfiguration was declared on a class in the default package. Automatic @Repository and @Entity scanning is not enabled.
2022-04-05 13:52:15.512 [main] WARN  c.b.mybatisplus.core.injector.DefaultSqlInjector - class com.a243.magicbazaar.dao.dto.Cart ,Not found @TableId annotation, Cannot use Mybatis-Plus 'xxById' Method.
2022-04-05 13:53:31.092 [main] WARN  o.s.boot.autoconfigure.AutoConfigurationPackages - @EnableAutoConfiguration was declared on a class in the default package. Automatic @Repository and @Entity scanning is not enabled.
2022-04-05 13:53:32.725 [main] WARN  c.b.mybatisplus.core.injector.DefaultSqlInjector - class com.a243.magicbazaar.dao.dto.Cart ,Not found @TableId annotation, Cannot use Mybatis-Plus 'xxById' Method.
2022-04-05 13:57:30.397 [http-nio-8081-exec-1] WARN  com.alibaba.druid.pool.DruidAbstractDataSource - discard long time none received connection. , jdbcUrl : jdbc:mysql://localhost:3306/magicbazaar?useUnicode=true&characterEncoding=utf-8&serverTimeZone=UTC, version : 1.2.8, lastPacketReceivedIdleMillis : 187651
2022-04-05 13:57:30.397 [http-nio-8081-exec-8] WARN  com.alibaba.druid.pool.DruidAbstractDataSource - discard long time none received connection. , jdbcUrl : jdbc:mysql://localhost:3306/magicbazaar?useUnicode=true&characterEncoding=utf-8&serverTimeZone=UTC, version : 1.2.8, lastPacketReceivedIdleMillis : 187647
2022-04-05 13:57:30.398 [http-nio-8081-exec-1] WARN  com.alibaba.druid.pool.DruidAbstractDataSource - discard long time none received connection. , jdbcUrl : jdbc:mysql://localhost:3306/magicbazaar?useUnicode=true&characterEncoding=utf-8&serverTimeZone=UTC, version : 1.2.8, lastPacketReceivedIdleMillis : 187667
2022-04-05 14:03:18.561 [http-nio-8081-exec-1] WARN  com.alibaba.druid.pool.DruidAbstractDataSource - discard long time none received connection. , jdbcUrl : jdbc:mysql://localhost:3306/magicbazaar?useUnicode=true&characterEncoding=utf-8&serverTimeZone=UTC, version : 1.2.8, lastPacketReceivedIdleMillis : 348134
2022-04-05 14:03:18.561 [http-nio-8081-exec-8] WARN  com.alibaba.druid.pool.DruidAbstractDataSource - discard long time none received connection. , jdbcUrl : jdbc:mysql://localhost:3306/magicbazaar?useUnicode=true&characterEncoding=utf-8&serverTimeZone=UTC, version : 1.2.8, lastPacketReceivedIdleMillis : 348138
2022-04-05 14:04:34.150 [main] WARN  o.s.boot.autoconfigure.AutoConfigurationPackages - @EnableAutoConfiguration was declared on a class in the default package. Automatic @Repository and @Entity scanning is not enabled.
2022-04-05 14:04:36.704 [main] WARN  c.b.mybatisplus.core.injector.DefaultSqlInjector - class com.a243.magicbazaar.dao.dto.Cart ,Not found @TableId annotation, Cannot use Mybatis-Plus 'xxById' Method.
2022-04-05 14:06:21.350 [main] WARN  o.s.boot.autoconfigure.AutoConfigurationPackages - @EnableAutoConfiguration was declared on a class in the default package. Automatic @Repository and @Entity scanning is not enabled.
2022-04-05 14:06:22.972 [main] WARN  c.b.mybatisplus.core.injector.DefaultSqlInjector - class com.a243.magicbazaar.dao.dto.Cart ,Not found @TableId annotation, Cannot use Mybatis-Plus 'xxById' Method.
2022-04-05 14:14:31.261 [main] WARN  o.s.boot.autoconfigure.AutoConfigurationPackages - @EnableAutoConfiguration was declared on a class in the default package. Automatic @Repository and @Entity scanning is not enabled.
2022-04-05 14:14:33.049 [main] WARN  c.b.mybatisplus.core.injector.DefaultSqlInjector - class com.a243.magicbazaar.dao.dto.Cart ,Not found @TableId annotation, Cannot use Mybatis-Plus 'xxById' Method.
2022-04-05 14:15:38.352 [main] WARN  o.s.boot.autoconfigure.AutoConfigurationPackages - @EnableAutoConfiguration was declared on a class in the default package. Automatic @Repository and @Entity scanning is not enabled.
2022-04-05 14:15:41.143 [main] WARN  c.b.mybatisplus.core.injector.DefaultSqlInjector - class com.a243.magicbazaar.dao.dto.Cart ,Not found @TableId annotation, Cannot use Mybatis-Plus 'xxById' Method.
2022-04-05 14:17:52.034 [main] WARN  o.s.boot.autoconfigure.AutoConfigurationPackages - @EnableAutoConfiguration was declared on a class in the default package. Automatic @Repository and @Entity scanning is not enabled.
2022-04-05 14:17:54.226 [main] WARN  c.b.mybatisplus.core.injector.DefaultSqlInjector - class com.a243.magicbazaar.dao.dto.Cart ,Not found @TableId annotation, Cannot use Mybatis-Plus 'xxById' Method.
2022-04-05 14:21:08.937 [http-nio-8081-exec-3] WARN  com.alibaba.druid.pool.DruidAbstractDataSource - discard long time none received connection. , jdbcUrl : jdbc:mysql://localhost:3306/magicbazaar?useUnicode=true&characterEncoding=utf-8&serverTimeZone=UTC, version : 1.2.8, lastPacketReceivedIdleMillis : 141062
2022-04-05 14:21:08.937 [http-nio-8081-exec-10] WARN  com.alibaba.druid.pool.DruidAbstractDataSource - discard long time none received connection. , jdbcUrl : jdbc:mysql://localhost:3306/magicbazaar?useUnicode=true&characterEncoding=utf-8&serverTimeZone=UTC, version : 1.2.8, lastPacketReceivedIdleMillis : 135645
2022-04-05 14:21:08.937 [http-nio-8081-exec-1] WARN  com.alibaba.druid.pool.DruidAbstractDataSource - discard long time none received connection. , jdbcUrl : jdbc:mysql://localhost:3306/magicbazaar?useUnicode=true&characterEncoding=utf-8&serverTimeZone=UTC, version : 1.2.8, lastPacketReceivedIdleMillis : 135647
2022-04-05 14:22:02.801 [main] WARN  o.s.boot.autoconfigure.AutoConfigurationPackages - @EnableAutoConfiguration was declared on a class in the default package. Automatic @Repository and @Entity scanning is not enabled.
2022-04-05 14:22:04.703 [main] WARN  c.b.mybatisplus.core.injector.DefaultSqlInjector - class com.a243.magicbazaar.dao.dto.Cart ,Not found @TableId annotation, Cannot use Mybatis-Plus 'xxById' Method.
2022-04-05 14:22:16.460 [main] WARN  o.s.boot.autoconfigure.AutoConfigurationPackages - @EnableAutoConfiguration was declared on a class in the default package. Automatic @Repository and @Entity scanning is not enabled.
2022-04-05 14:22:17.951 [main] WARN  c.b.mybatisplus.core.injector.DefaultSqlInjector - class com.a243.magicbazaar.dao.dto.Cart ,Not found @TableId annotation, Cannot use Mybatis-Plus 'xxById' Method.
2022-04-05 14:26:30.583 [http-nio-8080-exec-9] WARN  com.alibaba.druid.pool.DruidAbstractDataSource - discard long time none received connection. , jdbcUrl : jdbc:mysql://localhost:3306/magicbazaar?useUnicode=true&characterEncoding=utf-8&serverTimeZone=UTC, version : 1.2.8, lastPacketReceivedIdleMillis : 160667
2022-04-05 14:26:30.583 [http-nio-8080-exec-1] WARN  com.alibaba.druid.pool.DruidAbstractDataSource - discard long time none received connection. , jdbcUrl : jdbc:mysql://localhost:3306/magicbazaar?useUnicode=true&characterEncoding=utf-8&serverTimeZone=UTC, version : 1.2.8, lastPacketReceivedIdleMillis : 160661
2022-04-05 14:29:07.911 [main] WARN  o.s.boot.autoconfigure.AutoConfigurationPackages - @EnableAutoConfiguration was declared on a class in the default package. Automatic @Repository and @Entity scanning is not enabled.
2022-04-05 14:29:09.819 [main] WARN  c.b.mybatisplus.core.injector.DefaultSqlInjector - class com.a243.magicbazaar.dao.dto.Cart ,Not found @TableId annotation, Cannot use Mybatis-Plus 'xxById' Method.
2022-04-05 14:30:50.009 [main] WARN  o.s.boot.autoconfigure.AutoConfigurationPackages - @EnableAutoConfiguration was declared on a class in the default package. Automatic @Repository and @Entity scanning is not enabled.
2022-04-05 14:30:53.094 [main] WARN  c.b.mybatisplus.core.injector.DefaultSqlInjector - class com.a243.magicbazaar.dao.dto.Cart ,Not found @TableId annotation, Cannot use Mybatis-Plus 'xxById' Method.
2022-04-05 14:39:05.526 [taskExecutor-10] WARN  com.alibaba.druid.pool.DruidAbstractDataSource - discard long time none received connection. , jdbcUrl : jdbc:mysql://localhost:3306/magicbazaar?useUnicode=true&characterEncoding=utf-8&serverTimeZone=UTC, version : 1.2.8, lastPacketReceivedIdleMillis : 461215
2022-04-05 14:39:56.329 [http-nio-8080-exec-2] WARN  com.alibaba.druid.pool.DruidAbstractDataSource - discard long time none received connection. , jdbcUrl : jdbc:mysql://localhost:3306/magicbazaar?useUnicode=true&characterEncoding=utf-8&serverTimeZone=UTC, version : 1.2.8, lastPacketReceivedIdleMillis : 512040
2022-04-05 14:39:56.330 [http-nio-8080-exec-2] WARN  com.alibaba.druid.pool.DruidAbstractDataSource - discard long time none received connection. , jdbcUrl : jdbc:mysql://localhost:3306/magicbazaar?useUnicode=true&characterEncoding=utf-8&serverTimeZone=UTC, version : 1.2.8, lastPacketReceivedIdleMillis : 512033
2022-04-05 14:44:53.836 [http-nio-8080-exec-1] WARN  com.alibaba.druid.pool.DruidAbstractDataSource - discard long time none received connection. , jdbcUrl : jdbc:mysql://localhost:3306/magicbazaar?useUnicode=true&characterEncoding=utf-8&serverTimeZone=UTC, version : 1.2.8, lastPacketReceivedIdleMillis : 233426
2022-04-05 14:44:53.836 [http-nio-8080-exec-5] WARN  com.alibaba.druid.pool.DruidAbstractDataSource - discard long time none received connection. , jdbcUrl : jdbc:mysql://localhost:3306/magicbazaar?useUnicode=true&characterEncoding=utf-8&serverTimeZone=UTC, version : 1.2.8, lastPacketReceivedIdleMillis : 233424
2022-04-05 14:49:32.464 [http-nio-8080-exec-3] WARN  com.alibaba.druid.pool.DruidAbstractDataSource - discard long time none received connection. , jdbcUrl : jdbc:mysql://localhost:3306/magicbazaar?useUnicode=true&characterEncoding=utf-8&serverTimeZone=UTC, version : 1.2.8, lastPacketReceivedIdleMillis : 273147
2022-04-05 14:49:32.473 [http-nio-8080-exec-3] WARN  com.alibaba.druid.pool.DruidAbstractDataSource - discard long time none received connection. , jdbcUrl : jdbc:mysql://localhost:3306/magicbazaar?useUnicode=true&characterEncoding=utf-8&serverTimeZone=UTC, version : 1.2.8, lastPacketReceivedIdleMillis : 273164
2022-04-05 14:52:03.806 [main] WARN  o.s.boot.autoconfigure.AutoConfigurationPackages - @EnableAutoConfiguration was declared on a class in the default package. Automatic @Repository and @Entity scanning is not enabled.
2022-04-05 14:52:05.469 [main] WARN  c.b.mybatisplus.core.injector.DefaultSqlInjector - class com.a243.magicbazaar.dao.dto.Cart ,Not found @TableId annotation, Cannot use Mybatis-Plus 'xxById' Method.
2022-04-05 14:55:11.074 [http-nio-8080-exec-9] WARN  com.alibaba.druid.pool.DruidAbstractDataSource - discard long time none received connection. , jdbcUrl : jdbc:mysql://localhost:3306/magicbazaar?useUnicode=true&characterEncoding=utf-8&serverTimeZone=UTC, version : 1.2.8, lastPacketReceivedIdleMillis : 71793
2022-04-05 14:55:11.075 [http-nio-8080-exec-9] WARN  com.alibaba.druid.pool.DruidAbstractDataSource - discard long time none received connection. , jdbcUrl : jdbc:mysql://localhost:3306/magicbazaar?useUnicode=true&characterEncoding=utf-8&serverTimeZone=UTC, version : 1.2.8, lastPacketReceivedIdleMillis : 71804
2022-04-05 14:55:11.076 [http-nio-8080-exec-9] WARN  com.alibaba.druid.pool.DruidAbstractDataSource - discard long time none received connection. , jdbcUrl : jdbc:mysql://localhost:3306/magicbazaar?useUnicode=true&characterEncoding=utf-8&serverTimeZone=UTC, version : 1.2.8, lastPacketReceivedIdleMillis : 127174
2022-04-05 15:00:12.038 [http-nio-8080-exec-7] WARN  com.alibaba.druid.pool.DruidAbstractDataSource - discard long time none received connection. , jdbcUrl : jdbc:mysql://localhost:3306/magicbazaar?useUnicode=true&characterEncoding=utf-8&serverTimeZone=UTC, version : 1.2.8, lastPacketReceivedIdleMillis : 62747
2022-04-05 15:00:12.038 [http-nio-8080-exec-1] WARN  com.alibaba.druid.pool.DruidAbstractDataSource - discard long time none received connection. , jdbcUrl : jdbc:mysql://localhost:3306/magicbazaar?useUnicode=true&characterEncoding=utf-8&serverTimeZone=UTC, version : 1.2.8, lastPacketReceivedIdleMillis : 62749
2022-04-05 15:00:12.038 [http-nio-8080-exec-1] WARN  com.alibaba.druid.pool.DruidAbstractDataSource - discard long time none received connection. , jdbcUrl : jdbc:mysql://localhost:3306/magicbazaar?useUnicode=true&characterEncoding=utf-8&serverTimeZone=UTC, version : 1.2.8, lastPacketReceivedIdleMillis : 62756
2022-04-05 15:02:52.242 [main] WARN  o.s.boot.autoconfigure.AutoConfigurationPackages - @EnableAutoConfiguration was declared on a class in the default package. Automatic @Repository and @Entity scanning is not enabled.
2022-04-05 15:02:53.887 [main] WARN  c.b.mybatisplus.core.injector.DefaultSqlInjector - class com.a243.magicbazaar.dao.dto.Cart ,Not found @TableId annotation, Cannot use Mybatis-Plus 'xxById' Method.
2022-04-05 15:07:51.739 [http-nio-8080-exec-9] WARN  com.alibaba.druid.pool.DruidAbstractDataSource - discard long time none received connection. , jdbcUrl : jdbc:mysql://localhost:3306/magicbazaar?useUnicode=true&characterEncoding=utf-8&serverTimeZone=UTC, version : 1.2.8, lastPacketReceivedIdleMillis : 252170
2022-04-05 15:07:51.740 [http-nio-8080-exec-9] WARN  com.alibaba.druid.pool.DruidAbstractDataSource - discard long time none received connection. , jdbcUrl : jdbc:mysql://localhost:3306/magicbazaar?useUnicode=true&characterEncoding=utf-8&serverTimeZone=UTC, version : 1.2.8, lastPacketReceivedIdleMillis : 252184
2022-04-05 15:10:53.356 [http-nio-8080-exec-5] WARN  com.alibaba.druid.pool.DruidAbstractDataSource - discard long time none received connection. , jdbcUrl : jdbc:mysql://localhost:3306/magicbazaar?useUnicode=true&characterEncoding=utf-8&serverTimeZone=UTC, version : 1.2.8, lastPacketReceivedIdleMillis : 181575
2022-04-05 15:17:07.603 [http-nio-8080-exec-3] WARN  com.alibaba.druid.pool.DruidAbstractDataSource - discard long time none received connection. , jdbcUrl : jdbc:mysql://localhost:3306/magicbazaar?useUnicode=true&characterEncoding=utf-8&serverTimeZone=UTC, version : 1.2.8, lastPacketReceivedIdleMillis : 258628
2022-04-05 15:17:07.604 [http-nio-8080-exec-3] WARN  com.alibaba.druid.pool.DruidAbstractDataSource - discard long time none received connection. , jdbcUrl : jdbc:mysql://localhost:3306/magicbazaar?useUnicode=true&characterEncoding=utf-8&serverTimeZone=UTC, version : 1.2.8, lastPacketReceivedIdleMillis : 293383
2022-04-05 15:21:36.689 [main] WARN  o.s.boot.autoconfigure.AutoConfigurationPackages - @EnableAutoConfiguration was declared on a class in the default package. Automatic @Repository and @Entity scanning is not enabled.
2022-04-05 15:21:38.370 [main] WARN  c.b.mybatisplus.core.injector.DefaultSqlInjector - class com.a243.magicbazaar.dao.dto.Cart ,Not found @TableId annotation, Cannot use Mybatis-Plus 'xxById' Method.
2022-04-05 15:23:02.331 [main] WARN  o.s.boot.autoconfigure.AutoConfigurationPackages - @EnableAutoConfiguration was declared on a class in the default package. Automatic @Repository and @Entity scanning is not enabled.
2022-04-05 15:23:03.960 [main] WARN  c.b.mybatisplus.core.injector.DefaultSqlInjector - class com.a243.magicbazaar.dao.dto.Cart ,Not found @TableId annotation, Cannot use Mybatis-Plus 'xxById' Method.
2022-04-05 15:24:31.599 [http-nio-8080-exec-7] WARN  com.alibaba.druid.pool.DruidAbstractDataSource - discard long time none received connection. , jdbcUrl : jdbc:mysql://localhost:3306/magicbazaar?useUnicode=true&characterEncoding=utf-8&serverTimeZone=UTC, version : 1.2.8, lastPacketReceivedIdleMillis : 68716
2022-04-05 15:24:31.607 [http-nio-8080-exec-1] WARN  com.alibaba.druid.pool.DruidAbstractDataSource - discard long time none received connection. , jdbcUrl : jdbc:mysql://localhost:3306/magicbazaar?useUnicode=true&characterEncoding=utf-8&serverTimeZone=UTC, version : 1.2.8, lastPacketReceivedIdleMillis : 68734
2022-04-05 15:33:20.267 [http-nio-8080-exec-5] WARN  com.alibaba.druid.pool.DruidAbstractDataSource - discard long time none received connection. , jdbcUrl : jdbc:mysql://localhost:3306/magicbazaar?useUnicode=true&characterEncoding=utf-8&serverTimeZone=UTC, version : 1.2.8, lastPacketReceivedIdleMillis : 477519
2022-04-05 15:33:20.268 [http-nio-8080-exec-7] WARN  com.alibaba.druid.pool.DruidAbstractDataSource - discard long time none received connection. , jdbcUrl : jdbc:mysql://localhost:3306/magicbazaar?useUnicode=true&characterEncoding=utf-8&serverTimeZone=UTC, version : 1.2.8, lastPacketReceivedIdleMillis : 477524
2022-04-05 15:33:20.271 [http-nio-8080-exec-10] WARN  com.alibaba.druid.pool.DruidAbstractDataSource - discard long time none received connection. , jdbcUrl : jdbc:mysql://localhost:3306/magicbazaar?useUnicode=true&characterEncoding=utf-8&serverTimeZone=UTC, version : 1.2.8, lastPacketReceivedIdleMillis : 477544
2022-04-05 15:37:38.622 [http-nio-8080-exec-2] WARN  com.alibaba.druid.pool.DruidAbstractDataSource - discard long time none received connection. , jdbcUrl : jdbc:mysql://localhost:3306/magicbazaar?useUnicode=true&characterEncoding=utf-8&serverTimeZone=UTC, version : 1.2.8, lastPacketReceivedIdleMillis : 209005
2022-04-05 15:37:38.623 [http-nio-8080-exec-8] WARN  com.alibaba.druid.pool.DruidAbstractDataSource - discard long time none received connection. , jdbcUrl : jdbc:mysql://localhost:3306/magicbazaar?useUnicode=true&characterEncoding=utf-8&serverTimeZone=UTC, version : 1.2.8, lastPacketReceivedIdleMillis : 234327
2022-04-05 15:39:19.252 [http-nio-8080-exec-1] WARN  com.alibaba.druid.pool.DruidAbstractDataSource - discard long time none received connection. , jdbcUrl : jdbc:mysql://localhost:3306/magicbazaar?useUnicode=true&characterEncoding=utf-8&serverTimeZone=UTC, version : 1.2.8, lastPacketReceivedIdleMillis : 80702
2022-04-05 15:40:55.068 [http-nio-8080-exec-2] WARN  com.alibaba.druid.pool.DruidAbstractDataSource - discard long time none received connection. , jdbcUrl : jdbc:mysql://localhost:3306/magicbazaar?useUnicode=true&characterEncoding=utf-8&serverTimeZone=UTC, version : 1.2.8, lastPacketReceivedIdleMillis : 95805
2022-04-05 15:40:55.068 [http-nio-8080-exec-4] WARN  com.alibaba.druid.pool.DruidAbstractDataSource - discard long time none received connection. , jdbcUrl : jdbc:mysql://localhost:3306/magicbazaar?useUnicode=true&characterEncoding=utf-8&serverTimeZone=UTC, version : 1.2.8, lastPacketReceivedIdleMillis : 95813
2022-04-05 15:43:09.615 [main] WARN  o.s.boot.autoconfigure.AutoConfigurationPackages - @EnableAutoConfiguration was declared on a class in the default package. Automatic @Repository and @Entity scanning is not enabled.
2022-04-05 15:43:11.265 [main] WARN  c.b.mybatisplus.core.injector.DefaultSqlInjector - class com.a243.magicbazaar.dao.dto.Cart ,Not found @TableId annotation, Cannot use Mybatis-Plus 'xxById' Method.
2022-04-05 15:49:36.352 [http-nio-8080-exec-2] WARN  com.alibaba.druid.pool.DruidAbstractDataSource - discard long time none received connection. , jdbcUrl : jdbc:mysql://localhost:3306/magicbazaar?useUnicode=true&characterEncoding=utf-8&serverTimeZone=UTC, version : 1.2.8, lastPacketReceivedIdleMillis : 140371
2022-04-05 15:49:36.352 [http-nio-8080-exec-8] WARN  com.alibaba.druid.pool.DruidAbstractDataSource - discard long time none received connection. , jdbcUrl : jdbc:mysql://localhost:3306/magicbazaar?useUnicode=true&characterEncoding=utf-8&serverTimeZone=UTC, version : 1.2.8, lastPacketReceivedIdleMillis : 140373
2022-04-05 15:49:36.353 [http-nio-8080-exec-8] WARN  com.alibaba.druid.pool.DruidAbstractDataSource - discard long time none received connection. , jdbcUrl : jdbc:mysql://localhost:3306/magicbazaar?useUnicode=true&characterEncoding=utf-8&serverTimeZone=UTC, version : 1.2.8, lastPacketReceivedIdleMillis : 144791
2022-04-05 17:16:42.181 [main] WARN  o.s.boot.autoconfigure.AutoConfigurationPackages - @EnableAutoConfiguration was declared on a class in the default package. Automatic @Repository and @Entity scanning is not enabled.
2022-04-05 17:16:45.016 [main] WARN  c.b.mybatisplus.core.injector.DefaultSqlInjector - class com.a243.magicbazaar.dao.dto.Cart ,Not found @TableId annotation, Cannot use Mybatis-Plus 'xxById' Method.
2022-04-05 17:27:55.980 [http-nio-8080-exec-9] WARN  com.alibaba.druid.pool.DruidAbstractDataSource - discard long time none received connection. , jdbcUrl : jdbc:mysql://localhost:3306/magicbazaar?useUnicode=true&characterEncoding=utf-8&serverTimeZone=UTC, version : 1.2.8, lastPacketReceivedIdleMillis : 599450
2022-04-05 17:27:55.981 [http-nio-8080-exec-9] WARN  com.alibaba.druid.pool.DruidAbstractDataSource - discard long time none received connection. , jdbcUrl : jdbc:mysql://localhost:3306/magicbazaar?useUnicode=true&characterEncoding=utf-8&serverTimeZone=UTC, version : 1.2.8, lastPacketReceivedIdleMillis : 622639
2022-04-05 17:30:48.170 [taskExecutor-9] WARN  com.alibaba.druid.pool.DruidAbstractDataSource - discard long time none received connection. , jdbcUrl : jdbc:mysql://localhost:3306/magicbazaar?useUnicode=true&characterEncoding=utf-8&serverTimeZone=UTC, version : 1.2.8, lastPacketReceivedIdleMillis : 172163
2022-04-05 17:32:55.976 [http-nio-8080-exec-7] WARN  com.alibaba.druid.pool.DruidAbstractDataSource - discard long time none received connection. , jdbcUrl : jdbc:mysql://localhost:3306/magicbazaar?useUnicode=true&characterEncoding=utf-8&serverTimeZone=UTC, version : 1.2.8, lastPacketReceivedIdleMillis : 127802
2022-04-05 17:36:23.237 [main] WARN  o.s.boot.autoconfigure.AutoConfigurationPackages - @EnableAutoConfiguration was declared on a class in the default package. Automatic @Repository and @Entity scanning is not enabled.
2022-04-05 17:36:24.858 [main] WARN  c.b.mybatisplus.core.injector.DefaultSqlInjector - class com.a243.magicbazaar.dao.dto.Cart ,Not found @TableId annotation, Cannot use Mybatis-Plus 'xxById' Method.
2022-04-05 17:37:57.982 [main] WARN  o.s.boot.autoconfigure.AutoConfigurationPackages - @EnableAutoConfiguration was declared on a class in the default package. Automatic @Repository and @Entity scanning is not enabled.
2022-04-05 17:38:00.046 [main] WARN  c.b.mybatisplus.core.injector.DefaultSqlInjector - class com.a243.magicbazaar.dao.dto.Cart ,Not found @TableId annotation, Cannot use Mybatis-Plus 'xxById' Method.
2022-04-05 17:38:43.669 [main] WARN  o.s.boot.autoconfigure.AutoConfigurationPackages - @EnableAutoConfiguration was declared on a class in the default package. Automatic @Repository and @Entity scanning is not enabled.
2022-04-05 17:38:46.314 [main] WARN  c.b.mybatisplus.core.injector.DefaultSqlInjector - class com.a243.magicbazaar.dao.dto.Cart ,Not found @TableId annotation, Cannot use Mybatis-Plus 'xxById' Method.
2022-04-05 17:43:13.048 [main] WARN  o.s.boot.autoconfigure.AutoConfigurationPackages - @EnableAutoConfiguration was declared on a class in the default package. Automatic @Repository and @Entity scanning is not enabled.
2022-04-05 17:43:14.699 [main] WARN  c.b.mybatisplus.core.injector.DefaultSqlInjector - class com.a243.magicbazaar.dao.dto.Cart ,Not found @TableId annotation, Cannot use Mybatis-Plus 'xxById' Method.
2022-04-05 17:44:31.214 [main] WARN  o.s.boot.autoconfigure.AutoConfigurationPackages - @EnableAutoConfiguration was declared on a class in the default package. Automatic @Repository and @Entity scanning is not enabled.
2022-04-05 17:44:33.035 [main] WARN  c.b.mybatisplus.core.injector.DefaultSqlInjector - class com.a243.magicbazaar.dao.dto.Cart ,Not found @TableId annotation, Cannot use Mybatis-Plus 'xxById' Method.
2022-04-05 17:44:50.338 [main] WARN  o.s.boot.autoconfigure.AutoConfigurationPackages - @EnableAutoConfiguration was declared on a class in the default package. Automatic @Repository and @Entity scanning is not enabled.
2022-04-05 17:44:52.462 [main] WARN  c.b.mybatisplus.core.injector.DefaultSqlInjector - class com.a243.magicbazaar.dao.dto.Cart ,Not found @TableId annotation, Cannot use Mybatis-Plus 'xxById' Method.
2022-04-05 17:48:09.327 [main] WARN  o.s.boot.autoconfigure.AutoConfigurationPackages - @EnableAutoConfiguration was declared on a class in the default package. Automatic @Repository and @Entity scanning is not enabled.
2022-04-05 17:48:11.875 [main] WARN  c.b.mybatisplus.core.injector.DefaultSqlInjector - class com.a243.magicbazaar.dao.dto.Cart ,Not found @TableId annotation, Cannot use Mybatis-Plus 'xxById' Method.
2022-04-05 17:48:38.803 [main] WARN  o.s.boot.autoconfigure.AutoConfigurationPackages - @EnableAutoConfiguration was declared on a class in the default package. Automatic @Repository and @Entity scanning is not enabled.
2022-04-05 17:48:40.511 [main] WARN  c.b.mybatisplus.core.injector.DefaultSqlInjector - class com.a243.magicbazaar.dao.dto.Cart ,Not found @TableId annotation, Cannot use Mybatis-Plus 'xxById' Method.
2022-04-05 17:49:12.140 [main] WARN  o.s.boot.autoconfigure.AutoConfigurationPackages - @EnableAutoConfiguration was declared on a class in the default package. Automatic @Repository and @Entity scanning is not enabled.
2022-04-05 17:49:14.797 [main] WARN  c.b.mybatisplus.core.injector.DefaultSqlInjector - class com.a243.magicbazaar.dao.dto.Cart ,Not found @TableId annotation, Cannot use Mybatis-Plus 'xxById' Method.
