2022-04-12 07:44:11.604 [main] WARN  o.s.boot.autoconfigure.AutoConfigurationPackages - @EnableAutoConfiguration was declared on a class in the default package. Automatic @Repository and @Entity scanning is not enabled.
2022-04-12 07:44:15.291 [main] WARN  c.b.mybatisplus.core.metadata.TableInfoHelper - Can not find table primary key in Class: "com.a243.magicbazaar.dao.dto.Cart".
2022-04-12 07:44:15.291 [main] WARN  c.b.mybatisplus.core.injector.DefaultSqlInjector - class com.a243.magicbazaar.dao.dto.Cart ,Not found @TableId annotation, Cannot use Mybatis-Plus 'xxById' Method.
2022-04-12 07:47:39.944 [http-nio-8080-exec-5] WARN  com.alibaba.druid.pool.DruidAbstractDataSource - discard long time none received connection. , jdbcUrl : jdbc:mysql://localhost:3306/magicbazaar?useUnicode=true&characterEncoding=utf-8&serverTimeZone=UTC, version : 1.2.8, lastPacketReceivedIdleMillis : 145728
2022-04-12 07:49:06.099 [http-nio-8080-exec-2] WARN  com.alibaba.druid.pool.DruidAbstractDataSource - discard long time none received connection. , jdbcUrl : jdbc:mysql://localhost:3306/magicbazaar?useUnicode=true&characterEncoding=utf-8&serverTimeZone=UTC, version : 1.2.8, lastPacketReceivedIdleMillis : 62647
2022-04-12 07:54:17.847 [main] WARN  o.s.boot.autoconfigure.AutoConfigurationPackages - @EnableAutoConfiguration was declared on a class in the default package. Automatic @Repository and @Entity scanning is not enabled.
2022-04-12 07:54:20.006 [main] WARN  c.b.mybatisplus.core.metadata.TableInfoHelper - Can not find table primary key in Class: "com.a243.magicbazaar.dao.dto.Cart".
2022-04-12 07:54:20.006 [main] WARN  c.b.mybatisplus.core.injector.DefaultSqlInjector - class com.a243.magicbazaar.dao.dto.Cart ,Not found @TableId annotation, Cannot use Mybatis-Plus 'xxById' Method.
2022-04-12 07:55:22.301 [main] WARN  o.s.boot.autoconfigure.AutoConfigurationPackages - @EnableAutoConfiguration was declared on a class in the default package. Automatic @Repository and @Entity scanning is not enabled.
2022-04-12 07:55:24.836 [main] WARN  c.b.mybatisplus.core.metadata.TableInfoHelper - Can not find table primary key in Class: "com.a243.magicbazaar.dao.dto.Cart".
2022-04-12 07:55:24.836 [main] WARN  c.b.mybatisplus.core.injector.DefaultSqlInjector - class com.a243.magicbazaar.dao.dto.Cart ,Not found @TableId annotation, Cannot use Mybatis-Plus 'xxById' Method.
2022-04-12 07:57:33.715 [http-nio-8080-exec-8] WARN  com.alibaba.druid.pool.DruidAbstractDataSource - discard long time none received connection. , jdbcUrl : jdbc:mysql://localhost:3306/magicbazaar?useUnicode=true&characterEncoding=utf-8&serverTimeZone=UTC, version : 1.2.8, lastPacketReceivedIdleMillis : 60885
2022-04-12 08:02:20.113 [http-nio-8080-exec-7] WARN  com.alibaba.druid.pool.DruidAbstractDataSource - discard long time none received connection. , jdbcUrl : jdbc:mysql://localhost:3306/magicbazaar?useUnicode=true&characterEncoding=utf-8&serverTimeZone=UTC, version : 1.2.8, lastPacketReceivedIdleMillis : 231586
2022-04-12 08:02:20.113 [http-nio-8080-exec-8] WARN  com.alibaba.druid.pool.DruidAbstractDataSource - discard long time none received connection. , jdbcUrl : jdbc:mysql://localhost:3306/magicbazaar?useUnicode=true&characterEncoding=utf-8&serverTimeZone=UTC, version : 1.2.8, lastPacketReceivedIdleMillis : 286382
2022-04-12 08:18:25.513 [main] WARN  o.s.boot.autoconfigure.AutoConfigurationPackages - @EnableAutoConfiguration was declared on a class in the default package. Automatic @Repository and @Entity scanning is not enabled.
2022-04-12 08:18:27.163 [main] WARN  c.b.mybatisplus.core.metadata.TableInfoHelper - Can not find table primary key in Class: "com.a243.magicbazaar.dao.dto.Cart".
2022-04-12 08:18:27.163 [main] WARN  c.b.mybatisplus.core.injector.DefaultSqlInjector - class com.a243.magicbazaar.dao.dto.Cart ,Not found @TableId annotation, Cannot use Mybatis-Plus 'xxById' Method.
2022-04-12 08:32:36.243 [taskExecutor-7] WARN  com.alibaba.druid.pool.DruidAbstractDataSource - discard long time none received connection. , jdbcUrl : jdbc:mysql://localhost:3306/magicbazaar?useUnicode=true&characterEncoding=utf-8&serverTimeZone=UTC, version : 1.2.8, lastPacketReceivedIdleMillis : 236759
2022-04-12 08:32:36.243 [taskExecutor-8] WARN  com.alibaba.druid.pool.DruidAbstractDataSource - discard long time none received connection. , jdbcUrl : jdbc:mysql://localhost:3306/magicbazaar?useUnicode=true&characterEncoding=utf-8&serverTimeZone=UTC, version : 1.2.8, lastPacketReceivedIdleMillis : 236767
2022-04-12 08:32:36.243 [taskExecutor-9] WARN  com.alibaba.druid.pool.DruidAbstractDataSource - discard long time none received connection. , jdbcUrl : jdbc:mysql://localhost:3306/magicbazaar?useUnicode=true&characterEncoding=utf-8&serverTimeZone=UTC, version : 1.2.8, lastPacketReceivedIdleMillis : 236767
2022-04-12 08:32:36.243 [taskExecutor-7] WARN  com.alibaba.druid.pool.DruidAbstractDataSource - discard long time none received connection. , jdbcUrl : jdbc:mysql://localhost:3306/magicbazaar?useUnicode=true&characterEncoding=utf-8&serverTimeZone=UTC, version : 1.2.8, lastPacketReceivedIdleMillis : 571313
2022-04-12 08:32:36.243 [taskExecutor-8] WARN  com.alibaba.druid.pool.DruidAbstractDataSource - discard long time none received connection. , jdbcUrl : jdbc:mysql://localhost:3306/magicbazaar?useUnicode=true&characterEncoding=utf-8&serverTimeZone=UTC, version : 1.2.8, lastPacketReceivedIdleMillis : 572747
2022-04-12 08:51:52.072 [main] WARN  o.s.boot.autoconfigure.AutoConfigurationPackages - @EnableAutoConfiguration was declared on a class in the default package. Automatic @Repository and @Entity scanning is not enabled.
2022-04-12 08:51:53.703 [main] WARN  c.b.mybatisplus.core.metadata.TableInfoHelper - Can not find table primary key in Class: "com.a243.magicbazaar.dao.dto.Cart".
2022-04-12 08:51:53.703 [main] WARN  c.b.mybatisplus.core.injector.DefaultSqlInjector - class com.a243.magicbazaar.dao.dto.Cart ,Not found @TableId annotation, Cannot use Mybatis-Plus 'xxById' Method.
2022-04-12 08:55:05.808 [main] WARN  o.s.boot.autoconfigure.AutoConfigurationPackages - @EnableAutoConfiguration was declared on a class in the default package. Automatic @Repository and @Entity scanning is not enabled.
2022-04-12 08:55:07.403 [main] WARN  c.b.mybatisplus.core.metadata.TableInfoHelper - Can not find table primary key in Class: "com.a243.magicbazaar.dao.dto.Cart".
2022-04-12 08:55:07.403 [main] WARN  c.b.mybatisplus.core.injector.DefaultSqlInjector - class com.a243.magicbazaar.dao.dto.Cart ,Not found @TableId annotation, Cannot use Mybatis-Plus 'xxById' Method.
2022-04-12 09:04:32.856 [main] WARN  o.s.boot.autoconfigure.AutoConfigurationPackages - @EnableAutoConfiguration was declared on a class in the default package. Automatic @Repository and @Entity scanning is not enabled.
2022-04-12 09:04:35.204 [main] WARN  c.b.mybatisplus.core.metadata.TableInfoHelper - Can not find table primary key in Class: "com.a243.magicbazaar.dao.dto.Cart".
2022-04-12 09:04:35.204 [main] WARN  c.b.mybatisplus.core.injector.DefaultSqlInjector - class com.a243.magicbazaar.dao.dto.Cart ,Not found @TableId annotation, Cannot use Mybatis-Plus 'xxById' Method.
2022-04-12 09:07:09.915 [main] WARN  o.s.boot.autoconfigure.AutoConfigurationPackages - @EnableAutoConfiguration was declared on a class in the default package. Automatic @Repository and @Entity scanning is not enabled.
2022-04-12 09:07:11.749 [main] WARN  c.b.mybatisplus.core.metadata.TableInfoHelper - Can not find table primary key in Class: "com.a243.magicbazaar.dao.dto.Cart".
2022-04-12 09:07:11.749 [main] WARN  c.b.mybatisplus.core.injector.DefaultSqlInjector - class com.a243.magicbazaar.dao.dto.Cart ,Not found @TableId annotation, Cannot use Mybatis-Plus 'xxById' Method.
2022-04-12 09:09:43.139 [main] WARN  o.s.boot.autoconfigure.AutoConfigurationPackages - @EnableAutoConfiguration was declared on a class in the default package. Automatic @Repository and @Entity scanning is not enabled.
2022-04-12 09:09:44.796 [main] WARN  c.b.mybatisplus.core.metadata.TableInfoHelper - Can not find table primary key in Class: "com.a243.magicbazaar.dao.dto.Cart".
2022-04-12 09:09:44.796 [main] WARN  c.b.mybatisplus.core.injector.DefaultSqlInjector - class com.a243.magicbazaar.dao.dto.Cart ,Not found @TableId annotation, Cannot use Mybatis-Plus 'xxById' Method.
2022-04-12 10:33:50.681 [taskExecutor-9] WARN  com.alibaba.druid.pool.DruidAbstractDataSource - discard long time none received connection. , jdbcUrl : jdbc:mysql://localhost:3306/magicbazaar?useUnicode=true&characterEncoding=utf-8&serverTimeZone=UTC, version : 1.2.8, lastPacketReceivedIdleMillis : 90092
2022-04-12 10:53:24.562 [http-nio-8080-exec-9] WARN  com.alibaba.druid.pool.DruidAbstractDataSource - discard long time none received connection. , jdbcUrl : jdbc:mysql://localhost:3306/magicbazaar?useUnicode=true&characterEncoding=utf-8&serverTimeZone=UTC, version : 1.2.8, lastPacketReceivedIdleMillis : 675941
2022-04-12 11:02:19.376 [main] WARN  o.s.boot.autoconfigure.AutoConfigurationPackages - @EnableAutoConfiguration was declared on a class in the default package. Automatic @Repository and @Entity scanning is not enabled.
2022-04-12 11:02:22.463 [main] WARN  c.b.mybatisplus.core.metadata.TableInfoHelper - Can not find table primary key in Class: "com.a243.magicbazaar.dao.dto.Cart".
2022-04-12 11:02:22.463 [main] WARN  c.b.mybatisplus.core.injector.DefaultSqlInjector - class com.a243.magicbazaar.dao.dto.Cart ,Not found @TableId annotation, Cannot use Mybatis-Plus 'xxById' Method.
2022-04-12 11:06:35.506 [taskExecutor-5] WARN  com.alibaba.druid.pool.DruidAbstractDataSource - discard long time none received connection. , jdbcUrl : jdbc:mysql://localhost:3306/magicbazaar?useUnicode=true&characterEncoding=utf-8&serverTimeZone=UTC, version : 1.2.8, lastPacketReceivedIdleMillis : 70049
2022-04-12 11:07:35.555 [taskExecutor-7] WARN  com.alibaba.druid.pool.DruidAbstractDataSource - discard long time none received connection. , jdbcUrl : jdbc:mysql://localhost:3306/magicbazaar?useUnicode=true&characterEncoding=utf-8&serverTimeZone=UTC, version : 1.2.8, lastPacketReceivedIdleMillis : 289892
2022-04-12 11:07:35.555 [taskExecutor-7] WARN  com.alibaba.druid.pool.DruidAbstractDataSource - discard long time none received connection. , jdbcUrl : jdbc:mysql://localhost:3306/magicbazaar?useUnicode=true&characterEncoding=utf-8&serverTimeZone=UTC, version : 1.2.8, lastPacketReceivedIdleMillis : 290612
2022-04-12 11:11:56.548 [http-nio-8080-exec-2] WARN  com.alibaba.druid.pool.DruidAbstractDataSource - discard long time none received connection. , jdbcUrl : jdbc:mysql://localhost:3306/magicbazaar?useUnicode=true&characterEncoding=utf-8&serverTimeZone=UTC, version : 1.2.8, lastPacketReceivedIdleMillis : 190937
2022-04-12 11:13:46.836 [http-nio-8080-exec-5] WARN  com.alibaba.druid.pool.DruidAbstractDataSource - discard long time none received connection. , jdbcUrl : jdbc:mysql://localhost:3306/magicbazaar?useUnicode=true&characterEncoding=utf-8&serverTimeZone=UTC, version : 1.2.8, lastPacketReceivedIdleMillis : 110248
2022-04-12 11:18:04.741 [http-nio-8080-exec-4] WARN  com.alibaba.druid.pool.DruidAbstractDataSource - discard long time none received connection. , jdbcUrl : jdbc:mysql://localhost:3306/magicbazaar?useUnicode=true&characterEncoding=utf-8&serverTimeZone=UTC, version : 1.2.8, lastPacketReceivedIdleMillis : 128723
2022-04-12 11:18:04.741 [http-nio-8080-exec-4] WARN  com.alibaba.druid.pool.DruidAbstractDataSource - discard long time none received connection. , jdbcUrl : jdbc:mysql://localhost:3306/magicbazaar?useUnicode=true&characterEncoding=utf-8&serverTimeZone=UTC, version : 1.2.8, lastPacketReceivedIdleMillis : 182242
2022-04-12 11:18:04.749 [http-nio-8080-exec-1] WARN  com.alibaba.druid.pool.DruidAbstractDataSource - discard long time none received connection. , jdbcUrl : jdbc:mysql://localhost:3306/magicbazaar?useUnicode=true&characterEncoding=utf-8&serverTimeZone=UTC, version : 1.2.8, lastPacketReceivedIdleMillis : 182250
2022-04-12 11:18:04.757 [http-nio-8080-exec-1] WARN  com.alibaba.druid.pool.DruidAbstractDataSource - discard long time none received connection. , jdbcUrl : jdbc:mysql://localhost:3306/magicbazaar?useUnicode=true&characterEncoding=utf-8&serverTimeZone=UTC, version : 1.2.8, lastPacketReceivedIdleMillis : 199277
2022-04-12 11:20:26.052 [http-nio-8080-exec-6] WARN  com.alibaba.druid.pool.DruidAbstractDataSource - discard long time none received connection. , jdbcUrl : jdbc:mysql://localhost:3306/magicbazaar?useUnicode=true&characterEncoding=utf-8&serverTimeZone=UTC, version : 1.2.8, lastPacketReceivedIdleMillis : 93295
2022-04-12 11:20:26.053 [http-nio-8080-exec-6] WARN  com.alibaba.druid.pool.DruidAbstractDataSource - discard long time none received connection. , jdbcUrl : jdbc:mysql://localhost:3306/magicbazaar?useUnicode=true&characterEncoding=utf-8&serverTimeZone=UTC, version : 1.2.8, lastPacketReceivedIdleMillis : 93320
2022-04-12 11:20:26.053 [http-nio-8080-exec-6] WARN  com.alibaba.druid.pool.DruidAbstractDataSource - discard long time none received connection. , jdbcUrl : jdbc:mysql://localhost:3306/magicbazaar?useUnicode=true&characterEncoding=utf-8&serverTimeZone=UTC, version : 1.2.8, lastPacketReceivedIdleMillis : 93321
2022-04-12 11:23:07.927 [http-nio-8080-exec-9] WARN  com.alibaba.druid.pool.DruidAbstractDataSource - discard long time none received connection. , jdbcUrl : jdbc:mysql://localhost:3306/magicbazaar?useUnicode=true&characterEncoding=utf-8&serverTimeZone=UTC, version : 1.2.8, lastPacketReceivedIdleMillis : 100940
2022-04-12 11:23:07.927 [http-nio-8080-exec-4] WARN  com.alibaba.druid.pool.DruidAbstractDataSource - discard long time none received connection. , jdbcUrl : jdbc:mysql://localhost:3306/magicbazaar?useUnicode=true&characterEncoding=utf-8&serverTimeZone=UTC, version : 1.2.8, lastPacketReceivedIdleMillis : 100956
2022-04-12 11:24:54.587 [http-nio-8080-exec-1] WARN  com.alibaba.druid.pool.DruidAbstractDataSource - discard long time none received connection. , jdbcUrl : jdbc:mysql://localhost:3306/magicbazaar?useUnicode=true&characterEncoding=utf-8&serverTimeZone=UTC, version : 1.2.8, lastPacketReceivedIdleMillis : 106620
2022-04-12 11:24:54.595 [http-nio-8080-exec-9] WARN  com.alibaba.druid.pool.DruidAbstractDataSource - discard long time none received connection. , jdbcUrl : jdbc:mysql://localhost:3306/magicbazaar?useUnicode=true&characterEncoding=utf-8&serverTimeZone=UTC, version : 1.2.8, lastPacketReceivedIdleMillis : 106628
2022-04-12 11:27:04.346 [http-nio-8080-exec-1] WARN  com.alibaba.druid.pool.DruidAbstractDataSource - discard long time none received connection. , jdbcUrl : jdbc:mysql://localhost:3306/magicbazaar?useUnicode=true&characterEncoding=utf-8&serverTimeZone=UTC, version : 1.2.8, lastPacketReceivedIdleMillis : 129671
2022-04-12 11:35:06.896 [taskExecutor-2] WARN  com.alibaba.druid.pool.DruidAbstractDataSource - discard long time none received connection. , jdbcUrl : jdbc:mysql://localhost:3306/magicbazaar?useUnicode=true&characterEncoding=utf-8&serverTimeZone=UTC, version : 1.2.8, lastPacketReceivedIdleMillis : 90073
2022-04-12 11:35:16.912 [taskExecutor-8] WARN  com.alibaba.druid.pool.DruidAbstractDataSource - discard long time none received connection. , jdbcUrl : jdbc:mysql://localhost:3306/magicbazaar?useUnicode=true&characterEncoding=utf-8&serverTimeZone=UTC, version : 1.2.8, lastPacketReceivedIdleMillis : 443865
2022-04-12 11:35:16.912 [taskExecutor-8] WARN  com.alibaba.druid.pool.DruidAbstractDataSource - discard long time none received connection. , jdbcUrl : jdbc:mysql://localhost:3306/magicbazaar?useUnicode=true&characterEncoding=utf-8&serverTimeZone=UTC, version : 1.2.8, lastPacketReceivedIdleMillis : 443879
2022-04-12 11:35:16.912 [taskExecutor-8] WARN  com.alibaba.druid.pool.DruidAbstractDataSource - discard long time none received connection. , jdbcUrl : jdbc:mysql://localhost:3306/magicbazaar?useUnicode=true&characterEncoding=utf-8&serverTimeZone=UTC, version : 1.2.8, lastPacketReceivedIdleMillis : 443895
2022-04-12 11:38:17.075 [taskExecutor-10] WARN  com.alibaba.druid.pool.DruidAbstractDataSource - discard long time none received connection. , jdbcUrl : jdbc:mysql://localhost:3306/magicbazaar?useUnicode=true&characterEncoding=utf-8&serverTimeZone=UTC, version : 1.2.8, lastPacketReceivedIdleMillis : 80078
2022-04-12 11:42:57.343 [taskExecutor-4] WARN  com.alibaba.druid.pool.DruidAbstractDataSource - discard long time none received connection. , jdbcUrl : jdbc:mysql://localhost:3306/magicbazaar?useUnicode=true&characterEncoding=utf-8&serverTimeZone=UTC, version : 1.2.8, lastPacketReceivedIdleMillis : 80053
2022-04-12 11:44:57.501 [taskExecutor-3] WARN  com.alibaba.druid.pool.DruidAbstractDataSource - discard long time none received connection. , jdbcUrl : jdbc:mysql://localhost:3306/magicbazaar?useUnicode=true&characterEncoding=utf-8&serverTimeZone=UTC, version : 1.2.8, lastPacketReceivedIdleMillis : 70098
