2022-04-06 07:59:45.796 [main] WARN  o.s.boot.autoconfigure.AutoConfigurationPackages - @EnableAutoConfiguration was declared on a class in the default package. Automatic @Repository and @Entity scanning is not enabled.
2022-04-06 07:59:48.896 [main] WARN  c.b.mybatisplus.core.injector.DefaultSqlInjector - class com.a243.magicbazaar.dao.dto.Cart ,Not found @TableId annotation, Cannot use Mybatis-Plus 'xxById' Method.
2022-04-06 08:07:45.026 [http-nio-8080-exec-2] WARN  com.alibaba.druid.pool.DruidAbstractDataSource - discard long time none received connection. , jdbcUrl : jdbc:mysql://localhost:3306/magicbazaar?useUnicode=true&characterEncoding=utf-8&serverTimeZone=UTC, version : 1.2.8, lastPacketReceivedIdleMillis : 263987
2022-04-06 08:07:45.026 [http-nio-8080-exec-7] WARN  com.alibaba.druid.pool.DruidAbstractDataSource - discard long time none received connection. , jdbcUrl : jdbc:mysql://localhost:3306/magicbazaar?useUnicode=true&characterEncoding=utf-8&serverTimeZone=UTC, version : 1.2.8, lastPacketReceivedIdleMillis : 264004
2022-04-06 08:07:45.027 [http-nio-8080-exec-10] WARN  com.alibaba.druid.pool.DruidAbstractDataSource - discard long time none received connection. , jdbcUrl : jdbc:mysql://localhost:3306/magicbazaar?useUnicode=true&characterEncoding=utf-8&serverTimeZone=UTC, version : 1.2.8, lastPacketReceivedIdleMillis : 263886
2022-04-06 08:09:42.874 [http-nio-8080-exec-7] WARN  com.alibaba.druid.pool.DruidAbstractDataSource - discard long time none received connection. , jdbcUrl : jdbc:mysql://localhost:3306/magicbazaar?useUnicode=true&characterEncoding=utf-8&serverTimeZone=UTC, version : 1.2.8, lastPacketReceivedIdleMillis : 82022
2022-04-06 08:20:12.406 [taskExecutor-5] WARN  com.alibaba.druid.pool.DruidAbstractDataSource - discard long time none received connection. , jdbcUrl : jdbc:mysql://localhost:3306/magicbazaar?useUnicode=true&characterEncoding=utf-8&serverTimeZone=UTC, version : 1.2.8, lastPacketReceivedIdleMillis : 160111
2022-04-06 08:20:12.407 [taskExecutor-6] WARN  com.alibaba.druid.pool.DruidAbstractDataSource - discard long time none received connection. , jdbcUrl : jdbc:mysql://localhost:3306/magicbazaar?useUnicode=true&characterEncoding=utf-8&serverTimeZone=UTC, version : 1.2.8, lastPacketReceivedIdleMillis : 619760
2022-04-06 08:20:12.409 [taskExecutor-6] WARN  com.alibaba.druid.pool.DruidAbstractDataSource - discard long time none received connection. , jdbcUrl : jdbc:mysql://localhost:3306/magicbazaar?useUnicode=true&characterEncoding=utf-8&serverTimeZone=UTC, version : 1.2.8, lastPacketReceivedIdleMillis : 619769
2022-04-06 08:32:32.808 [http-nio-8080-exec-7] WARN  com.alibaba.druid.pool.DruidAbstractDataSource - discard long time none received connection. , jdbcUrl : jdbc:mysql://localhost:3306/magicbazaar?useUnicode=true&characterEncoding=utf-8&serverTimeZone=UTC, version : 1.2.8, lastPacketReceivedIdleMillis : 1360182
2022-04-06 08:35:29.450 [http-nio-8080-exec-6] WARN  com.alibaba.druid.pool.DruidAbstractDataSource - discard long time none received connection. , jdbcUrl : jdbc:mysql://localhost:3306/magicbazaar?useUnicode=true&characterEncoding=utf-8&serverTimeZone=UTC, version : 1.2.8, lastPacketReceivedIdleMillis : 176590
2022-04-06 08:35:59.310 [http-nio-8080-exec-2] WARN  o.s.w.s.m.support.DefaultHandlerExceptionResolver - Resolved [org.springframework.web.method.annotation.MethodArgumentTypeMismatchException: Failed to convert value of type 'java.lang.String' to required type 'java.lang.Long'; nested exception is java.lang.NumberFormatException: For input string: "undefined"]
2022-04-06 08:36:25.483 [http-nio-8080-exec-8] WARN  o.s.w.s.m.support.DefaultHandlerExceptionResolver - Resolved [org.springframework.web.method.annotation.MethodArgumentTypeMismatchException: Failed to convert value of type 'java.lang.String' to required type 'java.lang.Long'; nested exception is java.lang.NumberFormatException: For input string: "undefined"]
2022-04-06 08:37:38.720 [main] WARN  o.s.boot.autoconfigure.AutoConfigurationPackages - @EnableAutoConfiguration was declared on a class in the default package. Automatic @Repository and @Entity scanning is not enabled.
2022-04-06 08:37:42.925 [main] WARN  c.b.mybatisplus.core.injector.DefaultSqlInjector - class com.a243.magicbazaar.dao.dto.Cart ,Not found @TableId annotation, Cannot use Mybatis-Plus 'xxById' Method.
2022-04-06 08:38:17.862 [http-nio-8080-exec-1] WARN  o.s.w.s.m.support.DefaultHandlerExceptionResolver - Resolved [org.springframework.web.method.annotation.MethodArgumentTypeMismatchException: Failed to convert value of type 'java.lang.String' to required type 'java.lang.Long'; nested exception is java.lang.NumberFormatException: For input string: "undefined"]
2022-04-06 08:38:27.495 [http-nio-8080-exec-4] WARN  o.s.w.s.m.support.DefaultHandlerExceptionResolver - Resolved [org.springframework.web.method.annotation.MethodArgumentTypeMismatchException: Failed to convert value of type 'java.lang.String' to required type 'java.lang.Long'; nested exception is java.lang.NumberFormatException: For input string: "undefined"]
2022-04-06 08:38:39.154 [http-nio-8080-exec-6] WARN  o.s.w.s.m.support.DefaultHandlerExceptionResolver - Resolved [org.springframework.web.method.annotation.MethodArgumentTypeMismatchException: Failed to convert value of type 'java.lang.String' to required type 'java.lang.Long'; nested exception is java.lang.NumberFormatException: For input string: "undefined"]
2022-04-06 08:41:28.112 [main] WARN  o.s.boot.autoconfigure.AutoConfigurationPackages - @EnableAutoConfiguration was declared on a class in the default package. Automatic @Repository and @Entity scanning is not enabled.
2022-04-06 08:41:31.084 [main] WARN  c.b.mybatisplus.core.injector.DefaultSqlInjector - class com.a243.magicbazaar.dao.dto.Cart ,Not found @TableId annotation, Cannot use Mybatis-Plus 'xxById' Method.
2022-04-06 08:43:34.880 [main] WARN  o.s.boot.autoconfigure.AutoConfigurationPackages - @EnableAutoConfiguration was declared on a class in the default package. Automatic @Repository and @Entity scanning is not enabled.
2022-04-06 08:43:38.068 [main] WARN  c.b.mybatisplus.core.injector.DefaultSqlInjector - class com.a243.magicbazaar.dao.dto.Cart ,Not found @TableId annotation, Cannot use Mybatis-Plus 'xxById' Method.
2022-04-06 08:44:45.234 [main] WARN  o.s.boot.autoconfigure.AutoConfigurationPackages - @EnableAutoConfiguration was declared on a class in the default package. Automatic @Repository and @Entity scanning is not enabled.
2022-04-06 08:44:47.976 [main] WARN  c.b.mybatisplus.core.injector.DefaultSqlInjector - class com.a243.magicbazaar.dao.dto.Cart ,Not found @TableId annotation, Cannot use Mybatis-Plus 'xxById' Method.
2022-04-06 08:50:04.069 [http-nio-8080-exec-6] WARN  com.alibaba.druid.pool.DruidAbstractDataSource - discard long time none received connection. , jdbcUrl : jdbc:mysql://localhost:3306/magicbazaar?useUnicode=true&characterEncoding=utf-8&serverTimeZone=UTC, version : 1.2.8, lastPacketReceivedIdleMillis : 259549
2022-04-06 08:50:04.072 [http-nio-8080-exec-10] WARN  com.alibaba.druid.pool.DruidAbstractDataSource - discard long time none received connection. , jdbcUrl : jdbc:mysql://localhost:3306/magicbazaar?useUnicode=true&characterEncoding=utf-8&serverTimeZone=UTC, version : 1.2.8, lastPacketReceivedIdleMillis : 192245
2022-04-06 08:50:04.072 [http-nio-8080-exec-1] WARN  com.alibaba.druid.pool.DruidAbstractDataSource - discard long time none received connection. , jdbcUrl : jdbc:mysql://localhost:3306/magicbazaar?useUnicode=true&characterEncoding=utf-8&serverTimeZone=UTC, version : 1.2.8, lastPacketReceivedIdleMillis : 259531
2022-04-06 09:10:31.026 [main] WARN  o.s.boot.autoconfigure.AutoConfigurationPackages - @EnableAutoConfiguration was declared on a class in the default package. Automatic @Repository and @Entity scanning is not enabled.
2022-04-06 09:10:33.051 [main] WARN  c.b.mybatisplus.core.injector.DefaultSqlInjector - class com.a243.magicbazaar.dao.dto.Cart ,Not found @TableId annotation, Cannot use Mybatis-Plus 'xxById' Method.
2022-04-06 09:13:58.560 [main] WARN  o.s.boot.autoconfigure.AutoConfigurationPackages - @EnableAutoConfiguration was declared on a class in the default package. Automatic @Repository and @Entity scanning is not enabled.
2022-04-06 09:14:00.976 [main] WARN  c.b.mybatisplus.core.injector.DefaultSqlInjector - class com.a243.magicbazaar.dao.dto.Cart ,Not found @TableId annotation, Cannot use Mybatis-Plus 'xxById' Method.
2022-04-06 09:14:17.523 [main] WARN  o.s.boot.autoconfigure.AutoConfigurationPackages - @EnableAutoConfiguration was declared on a class in the default package. Automatic @Repository and @Entity scanning is not enabled.
2022-04-06 09:14:19.788 [main] WARN  c.b.mybatisplus.core.injector.DefaultSqlInjector - class com.a243.magicbazaar.dao.dto.Cart ,Not found @TableId annotation, Cannot use Mybatis-Plus 'xxById' Method.
2022-04-06 09:17:13.910 [main] WARN  o.s.boot.autoconfigure.AutoConfigurationPackages - @EnableAutoConfiguration was declared on a class in the default package. Automatic @Repository and @Entity scanning is not enabled.
2022-04-06 09:17:16.194 [main] WARN  c.b.mybatisplus.core.injector.DefaultSqlInjector - class com.a243.magicbazaar.dao.dto.Cart ,Not found @TableId annotation, Cannot use Mybatis-Plus 'xxById' Method.
2022-04-06 09:20:23.483 [main] WARN  o.s.boot.autoconfigure.AutoConfigurationPackages - @EnableAutoConfiguration was declared on a class in the default package. Automatic @Repository and @Entity scanning is not enabled.
2022-04-06 09:20:25.910 [main] WARN  c.b.mybatisplus.core.injector.DefaultSqlInjector - class com.a243.magicbazaar.dao.dto.Cart ,Not found @TableId annotation, Cannot use Mybatis-Plus 'xxById' Method.
2022-04-06 09:21:26.276 [main] WARN  o.s.boot.autoconfigure.AutoConfigurationPackages - @EnableAutoConfiguration was declared on a class in the default package. Automatic @Repository and @Entity scanning is not enabled.
2022-04-06 09:21:28.651 [main] WARN  c.b.mybatisplus.core.injector.DefaultSqlInjector - class com.a243.magicbazaar.dao.dto.Cart ,Not found @TableId annotation, Cannot use Mybatis-Plus 'xxById' Method.
2022-04-06 09:30:47.191 [main] WARN  o.s.boot.autoconfigure.AutoConfigurationPackages - @EnableAutoConfiguration was declared on a class in the default package. Automatic @Repository and @Entity scanning is not enabled.
2022-04-06 09:30:49.374 [main] WARN  c.b.mybatisplus.core.injector.DefaultSqlInjector - class com.a243.magicbazaar.dao.dto.Cart ,Not found @TableId annotation, Cannot use Mybatis-Plus 'xxById' Method.
2022-04-06 09:32:38.957 [main] WARN  o.s.boot.autoconfigure.AutoConfigurationPackages - @EnableAutoConfiguration was declared on a class in the default package. Automatic @Repository and @Entity scanning is not enabled.
2022-04-06 09:32:42.470 [main] WARN  c.b.mybatisplus.core.injector.DefaultSqlInjector - class com.a243.magicbazaar.dao.dto.Cart ,Not found @TableId annotation, Cannot use Mybatis-Plus 'xxById' Method.
2022-04-06 09:42:24.058 [main] WARN  o.s.boot.autoconfigure.AutoConfigurationPackages - @EnableAutoConfiguration was declared on a class in the default package. Automatic @Repository and @Entity scanning is not enabled.
2022-04-06 09:42:25.738 [main] WARN  c.b.mybatisplus.core.injector.DefaultSqlInjector - class com.a243.magicbazaar.dao.dto.Cart ,Not found @TableId annotation, Cannot use Mybatis-Plus 'xxById' Method.
2022-04-06 09:52:11.215 [main] WARN  o.s.boot.autoconfigure.AutoConfigurationPackages - @EnableAutoConfiguration was declared on a class in the default package. Automatic @Repository and @Entity scanning is not enabled.
2022-04-06 09:52:13.121 [main] WARN  c.b.mybatisplus.core.injector.DefaultSqlInjector - class com.a243.magicbazaar.dao.dto.Cart ,Not found @TableId annotation, Cannot use Mybatis-Plus 'xxById' Method.
2022-04-06 10:01:36.304 [taskExecutor-4] WARN  com.alibaba.druid.pool.DruidAbstractDataSource - discard long time none received connection. , jdbcUrl : jdbc:mysql://localhost:3306/magicbazaar?useUnicode=true&characterEncoding=utf-8&serverTimeZone=UTC, version : 1.2.8, lastPacketReceivedIdleMillis : 110081
2022-04-06 10:05:51.548 [main] WARN  o.s.boot.autoconfigure.AutoConfigurationPackages - @EnableAutoConfiguration was declared on a class in the default package. Automatic @Repository and @Entity scanning is not enabled.
2022-04-06 10:05:53.471 [main] WARN  c.b.mybatisplus.core.injector.DefaultSqlInjector - class com.a243.magicbazaar.dao.dto.Cart ,Not found @TableId annotation, Cannot use Mybatis-Plus 'xxById' Method.
2022-04-06 10:08:45.667 [main] WARN  o.s.boot.autoconfigure.AutoConfigurationPackages - @EnableAutoConfiguration was declared on a class in the default package. Automatic @Repository and @Entity scanning is not enabled.
2022-04-06 10:08:47.349 [main] WARN  c.b.mybatisplus.core.injector.DefaultSqlInjector - class com.a243.magicbazaar.dao.dto.Cart ,Not found @TableId annotation, Cannot use Mybatis-Plus 'xxById' Method.
2022-04-06 10:11:21.247 [http-nio-8080-exec-2] WARN  com.alibaba.druid.pool.DruidAbstractDataSource - discard long time none received connection. , jdbcUrl : jdbc:mysql://localhost:3306/magicbazaar?useUnicode=true&characterEncoding=utf-8&serverTimeZone=UTC, version : 1.2.8, lastPacketReceivedIdleMillis : 132312
2022-04-06 10:11:21.247 [http-nio-8080-exec-10] WARN  com.alibaba.druid.pool.DruidAbstractDataSource - discard long time none received connection. , jdbcUrl : jdbc:mysql://localhost:3306/magicbazaar?useUnicode=true&characterEncoding=utf-8&serverTimeZone=UTC, version : 1.2.8, lastPacketReceivedIdleMillis : 134802
2022-04-06 10:11:21.248 [http-nio-8080-exec-9] WARN  com.alibaba.druid.pool.DruidAbstractDataSource - discard long time none received connection. , jdbcUrl : jdbc:mysql://localhost:3306/magicbazaar?useUnicode=true&characterEncoding=utf-8&serverTimeZone=UTC, version : 1.2.8, lastPacketReceivedIdleMillis : 132303
2022-04-06 10:36:40.755 [taskExecutor-5] WARN  com.alibaba.druid.pool.DruidAbstractDataSource - discard long time none received connection. , jdbcUrl : jdbc:mysql://localhost:3306/magicbazaar?useUnicode=true&characterEncoding=utf-8&serverTimeZone=UTC, version : 1.2.8, lastPacketReceivedIdleMillis : 250215
2022-04-06 10:36:50.755 [taskExecutor-7] WARN  com.alibaba.druid.pool.DruidAbstractDataSource - discard long time none received connection. , jdbcUrl : jdbc:mysql://localhost:3306/magicbazaar?useUnicode=true&characterEncoding=utf-8&serverTimeZone=UTC, version : 1.2.8, lastPacketReceivedIdleMillis : 1529452
2022-04-06 10:39:41.469 [http-nio-8080-exec-7] WARN  com.alibaba.druid.pool.DruidAbstractDataSource - discard long time none received connection. , jdbcUrl : jdbc:mysql://localhost:3306/magicbazaar?useUnicode=true&characterEncoding=utf-8&serverTimeZone=UTC, version : 1.2.8, lastPacketReceivedIdleMillis : 170712
2022-04-06 10:39:41.469 [http-nio-8080-exec-10] WARN  com.alibaba.druid.pool.DruidAbstractDataSource - discard long time none received connection. , jdbcUrl : jdbc:mysql://localhost:3306/magicbazaar?useUnicode=true&characterEncoding=utf-8&serverTimeZone=UTC, version : 1.2.8, lastPacketReceivedIdleMillis : 1700168
2022-04-06 10:41:00.998 [taskExecutor-8] WARN  com.alibaba.druid.pool.DruidAbstractDataSource - discard long time none received connection. , jdbcUrl : jdbc:mysql://localhost:3306/magicbazaar?useUnicode=true&characterEncoding=utf-8&serverTimeZone=UTC, version : 1.2.8, lastPacketReceivedIdleMillis : 70150
2022-04-06 10:41:00.999 [taskExecutor-8] WARN  com.alibaba.druid.pool.DruidAbstractDataSource - discard long time none received connection. , jdbcUrl : jdbc:mysql://localhost:3306/magicbazaar?useUnicode=true&characterEncoding=utf-8&serverTimeZone=UTC, version : 1.2.8, lastPacketReceivedIdleMillis : 70178
2022-04-06 10:42:24.231 [http-nio-8080-exec-1] WARN  com.alibaba.druid.pool.DruidAbstractDataSource - discard long time none received connection. , jdbcUrl : jdbc:mysql://localhost:3306/magicbazaar?useUnicode=true&characterEncoding=utf-8&serverTimeZone=UTC, version : 1.2.8, lastPacketReceivedIdleMillis : 153418
2022-04-06 10:42:24.233 [http-nio-8080-exec-7] WARN  com.alibaba.druid.pool.DruidAbstractDataSource - discard long time none received connection. , jdbcUrl : jdbc:mysql://localhost:3306/magicbazaar?useUnicode=true&characterEncoding=utf-8&serverTimeZone=UTC, version : 1.2.8, lastPacketReceivedIdleMillis : 153434
2022-04-06 10:45:01.186 [taskExecutor-6] WARN  com.alibaba.druid.pool.DruidAbstractDataSource - discard long time none received connection. , jdbcUrl : jdbc:mysql://localhost:3306/magicbazaar?useUnicode=true&characterEncoding=utf-8&serverTimeZone=UTC, version : 1.2.8, lastPacketReceivedIdleMillis : 60041
2022-04-06 10:45:01.187 [taskExecutor-6] WARN  com.alibaba.druid.pool.DruidAbstractDataSource - discard long time none received connection. , jdbcUrl : jdbc:mysql://localhost:3306/magicbazaar?useUnicode=true&characterEncoding=utf-8&serverTimeZone=UTC, version : 1.2.8, lastPacketReceivedIdleMillis : 156892
2022-04-06 10:46:11.285 [taskExecutor-10] WARN  com.alibaba.druid.pool.DruidAbstractDataSource - discard long time none received connection. , jdbcUrl : jdbc:mysql://localhost:3306/magicbazaar?useUnicode=true&characterEncoding=utf-8&serverTimeZone=UTC, version : 1.2.8, lastPacketReceivedIdleMillis : 70066
2022-04-06 10:58:14.487 [http-nio-8080-exec-4] WARN  com.alibaba.druid.pool.DruidAbstractDataSource - discard long time none received connection. , jdbcUrl : jdbc:mysql://localhost:3306/magicbazaar?useUnicode=true&characterEncoding=utf-8&serverTimeZone=UTC, version : 1.2.8, lastPacketReceivedIdleMillis : 292825
2022-04-06 11:01:58.353 [main] WARN  o.s.boot.autoconfigure.AutoConfigurationPackages - @EnableAutoConfiguration was declared on a class in the default package. Automatic @Repository and @Entity scanning is not enabled.
2022-04-06 11:02:00.564 [main] WARN  c.b.mybatisplus.core.injector.DefaultSqlInjector - class com.a243.magicbazaar.dao.dto.Cart ,Not found @TableId annotation, Cannot use Mybatis-Plus 'xxById' Method.
2022-04-06 11:09:03.214 [http-nio-8080-exec-8] WARN  com.alibaba.druid.pool.DruidAbstractDataSource - discard long time none received connection. , jdbcUrl : jdbc:mysql://localhost:3306/magicbazaar?useUnicode=true&characterEncoding=utf-8&serverTimeZone=UTC, version : 1.2.8, lastPacketReceivedIdleMillis : 290255
2022-04-06 11:09:19.275 [main] WARN  o.s.boot.autoconfigure.AutoConfigurationPackages - @EnableAutoConfiguration was declared on a class in the default package. Automatic @Repository and @Entity scanning is not enabled.
2022-04-06 11:09:21.579 [main] WARN  c.b.mybatisplus.core.injector.DefaultSqlInjector - class com.a243.magicbazaar.dao.dto.Cart ,Not found @TableId annotation, Cannot use Mybatis-Plus 'xxById' Method.
2022-04-06 11:14:07.542 [main] WARN  o.s.boot.autoconfigure.AutoConfigurationPackages - @EnableAutoConfiguration was declared on a class in the default package. Automatic @Repository and @Entity scanning is not enabled.
2022-04-06 11:14:09.798 [main] WARN  c.b.mybatisplus.core.injector.DefaultSqlInjector - class com.a243.magicbazaar.dao.dto.Cart ,Not found @TableId annotation, Cannot use Mybatis-Plus 'xxById' Method.
2022-04-06 11:14:48.781 [main] WARN  o.s.boot.autoconfigure.AutoConfigurationPackages - @EnableAutoConfiguration was declared on a class in the default package. Automatic @Repository and @Entity scanning is not enabled.
2022-04-06 11:14:51.069 [main] WARN  c.b.mybatisplus.core.injector.DefaultSqlInjector - class com.a243.magicbazaar.dao.dto.Cart ,Not found @TableId annotation, Cannot use Mybatis-Plus 'xxById' Method.
2022-04-06 11:17:53.941 [taskExecutor-8] WARN  com.alibaba.druid.pool.DruidAbstractDataSource - discard long time none received connection. , jdbcUrl : jdbc:mysql://localhost:3306/magicbazaar?useUnicode=true&characterEncoding=utf-8&serverTimeZone=UTC, version : 1.2.8, lastPacketReceivedIdleMillis : 60042
2022-04-06 11:23:14.215 [taskExecutor-1] WARN  com.alibaba.druid.pool.DruidAbstractDataSource - discard long time none received connection. , jdbcUrl : jdbc:mysql://localhost:3306/magicbazaar?useUnicode=true&characterEncoding=utf-8&serverTimeZone=UTC, version : 1.2.8, lastPacketReceivedIdleMillis : 90044
2022-04-06 11:28:54.534 [taskExecutor-9] WARN  com.alibaba.druid.pool.DruidAbstractDataSource - discard long time none received connection. , jdbcUrl : jdbc:mysql://localhost:3306/magicbazaar?useUnicode=true&characterEncoding=utf-8&serverTimeZone=UTC, version : 1.2.8, lastPacketReceivedIdleMillis : 60056
2022-04-06 12:33:27.627 [taskExecutor-3] WARN  com.alibaba.druid.pool.DruidAbstractDataSource - discard long time none received connection. , jdbcUrl : jdbc:mysql://localhost:3306/magicbazaar?useUnicode=true&characterEncoding=utf-8&serverTimeZone=UTC, version : 1.2.8, lastPacketReceivedIdleMillis : 260175
2022-04-06 12:34:37.697 [taskExecutor-8] WARN  com.alibaba.druid.pool.DruidAbstractDataSource - discard long time none received connection. , jdbcUrl : jdbc:mysql://localhost:3306/magicbazaar?useUnicode=true&characterEncoding=utf-8&serverTimeZone=UTC, version : 1.2.8, lastPacketReceivedIdleMillis : 60060
2022-04-06 13:25:11.272 [main] WARN  o.s.boot.autoconfigure.AutoConfigurationPackages - @EnableAutoConfiguration was declared on a class in the default package. Automatic @Repository and @Entity scanning is not enabled.
2022-04-06 13:25:13.374 [main] WARN  c.b.mybatisplus.core.injector.DefaultSqlInjector - class com.a243.magicbazaar.dao.dto.Cart ,Not found @TableId annotation, Cannot use Mybatis-Plus 'xxById' Method.
2022-04-06 13:26:28.602 [main] WARN  o.s.boot.autoconfigure.AutoConfigurationPackages - @EnableAutoConfiguration was declared on a class in the default package. Automatic @Repository and @Entity scanning is not enabled.
2022-04-06 13:26:30.658 [main] WARN  c.b.mybatisplus.core.injector.DefaultSqlInjector - class com.a243.magicbazaar.dao.dto.Cart ,Not found @TableId annotation, Cannot use Mybatis-Plus 'xxById' Method.
2022-04-06 13:27:40.734 [main] WARN  o.s.boot.autoconfigure.AutoConfigurationPackages - @EnableAutoConfiguration was declared on a class in the default package. Automatic @Repository and @Entity scanning is not enabled.
2022-04-06 13:27:42.774 [main] WARN  c.b.mybatisplus.core.injector.DefaultSqlInjector - class com.a243.magicbazaar.dao.dto.Cart ,Not found @TableId annotation, Cannot use Mybatis-Plus 'xxById' Method.
2022-04-06 13:41:10.843 [main] WARN  o.s.boot.autoconfigure.AutoConfigurationPackages - @EnableAutoConfiguration was declared on a class in the default package. Automatic @Repository and @Entity scanning is not enabled.
2022-04-06 13:41:12.391 [main] WARN  c.b.mybatisplus.core.injector.DefaultSqlInjector - class com.a243.magicbazaar.dao.dto.Cart ,Not found @TableId annotation, Cannot use Mybatis-Plus 'xxById' Method.
2022-04-06 13:49:52.622 [http-nio-8080-exec-4] WARN  com.alibaba.druid.pool.DruidAbstractDataSource - discard long time none received connection. , jdbcUrl : jdbc:mysql://localhost:3306/magicbazaar?useUnicode=true&characterEncoding=utf-8&serverTimeZone=UTC, version : 1.2.8, lastPacketReceivedIdleMillis : 365269
2022-04-06 13:49:52.622 [http-nio-8080-exec-9] WARN  com.alibaba.druid.pool.DruidAbstractDataSource - discard long time none received connection. , jdbcUrl : jdbc:mysql://localhost:3306/magicbazaar?useUnicode=true&characterEncoding=utf-8&serverTimeZone=UTC, version : 1.2.8, lastPacketReceivedIdleMillis : 365275
2022-04-06 13:49:52.624 [http-nio-8080-exec-2] WARN  com.alibaba.druid.pool.DruidAbstractDataSource - discard long time none received connection. , jdbcUrl : jdbc:mysql://localhost:3306/magicbazaar?useUnicode=true&characterEncoding=utf-8&serverTimeZone=UTC, version : 1.2.8, lastPacketReceivedIdleMillis : 365250
2022-04-06 13:56:15.783 [http-nio-8080-exec-3] WARN  com.alibaba.druid.pool.DruidAbstractDataSource - discard long time none received connection. , jdbcUrl : jdbc:mysql://localhost:3306/magicbazaar?useUnicode=true&characterEncoding=utf-8&serverTimeZone=UTC, version : 1.2.8, lastPacketReceivedIdleMillis : 383136
2022-04-06 13:56:15.789 [http-nio-8080-exec-8] WARN  com.alibaba.druid.pool.DruidAbstractDataSource - discard long time none received connection. , jdbcUrl : jdbc:mysql://localhost:3306/magicbazaar?useUnicode=true&characterEncoding=utf-8&serverTimeZone=UTC, version : 1.2.8, lastPacketReceivedIdleMillis : 383142
2022-04-06 14:45:18.037 [http-nio-8080-exec-9] WARN  com.alibaba.druid.pool.DruidAbstractDataSource - discard long time none received connection. , jdbcUrl : jdbc:mysql://localhost:3306/magicbazaar?useUnicode=true&characterEncoding=utf-8&serverTimeZone=UTC, version : 1.2.8, lastPacketReceivedIdleMillis : 752063
2022-04-06 14:52:47.740 [http-nio-8080-exec-7] WARN  com.alibaba.druid.pool.DruidAbstractDataSource - discard long time none received connection. , jdbcUrl : jdbc:mysql://localhost:3306/magicbazaar?useUnicode=true&characterEncoding=utf-8&serverTimeZone=UTC, version : 1.2.8, lastPacketReceivedIdleMillis : 449682
2022-04-06 15:04:45.103 [main] WARN  o.s.boot.autoconfigure.AutoConfigurationPackages - @EnableAutoConfiguration was declared on a class in the default package. Automatic @Repository and @Entity scanning is not enabled.
2022-04-06 15:04:46.734 [main] WARN  c.b.mybatisplus.core.injector.DefaultSqlInjector - class com.a243.magicbazaar.dao.dto.Cart ,Not found @TableId annotation, Cannot use Mybatis-Plus 'xxById' Method.
2022-04-06 15:41:21.692 [main] WARN  o.s.boot.autoconfigure.AutoConfigurationPackages - @EnableAutoConfiguration was declared on a class in the default package. Automatic @Repository and @Entity scanning is not enabled.
2022-04-06 15:41:23.291 [main] WARN  c.b.mybatisplus.core.injector.DefaultSqlInjector - class com.a243.magicbazaar.dao.dto.Cart ,Not found @TableId annotation, Cannot use Mybatis-Plus 'xxById' Method.
2022-04-06 15:42:54.567 [main] WARN  o.s.boot.autoconfigure.AutoConfigurationPackages - @EnableAutoConfiguration was declared on a class in the default package. Automatic @Repository and @Entity scanning is not enabled.
2022-04-06 15:42:56.146 [main] WARN  c.b.mybatisplus.core.injector.DefaultSqlInjector - class com.a243.magicbazaar.dao.dto.Cart ,Not found @TableId annotation, Cannot use Mybatis-Plus 'xxById' Method.
2022-04-06 15:43:34.767 [main] WARN  o.s.boot.autoconfigure.AutoConfigurationPackages - @EnableAutoConfiguration was declared on a class in the default package. Automatic @Repository and @Entity scanning is not enabled.
2022-04-06 15:43:36.469 [main] WARN  c.b.mybatisplus.core.injector.DefaultSqlInjector - class com.a243.magicbazaar.dao.dto.Cart ,Not found @TableId annotation, Cannot use Mybatis-Plus 'xxById' Method.
2022-04-06 15:46:15.043 [main] WARN  o.s.boot.autoconfigure.AutoConfigurationPackages - @EnableAutoConfiguration was declared on a class in the default package. Automatic @Repository and @Entity scanning is not enabled.
2022-04-06 15:46:18.465 [main] WARN  c.b.mybatisplus.core.injector.DefaultSqlInjector - class com.a243.magicbazaar.dao.dto.Cart ,Not found @TableId annotation, Cannot use Mybatis-Plus 'xxById' Method.
2022-04-06 15:50:11.599 [http-nio-8080-exec-4] WARN  com.alibaba.druid.pool.DruidAbstractDataSource - discard long time none received connection. , jdbcUrl : jdbc:mysql://localhost:3306/magicbazaar?useUnicode=true&characterEncoding=utf-8&serverTimeZone=UTC, version : 1.2.8, lastPacketReceivedIdleMillis : 130281
2022-04-06 15:50:11.599 [taskExecutor-8] WARN  com.alibaba.druid.pool.DruidAbstractDataSource - discard long time none received connection. , jdbcUrl : jdbc:mysql://localhost:3306/magicbazaar?useUnicode=true&characterEncoding=utf-8&serverTimeZone=UTC, version : 1.2.8, lastPacketReceivedIdleMillis : 119304
2022-04-06 15:50:11.599 [taskExecutor-8] WARN  com.alibaba.druid.pool.DruidAbstractDataSource - discard long time none received connection. , jdbcUrl : jdbc:mysql://localhost:3306/magicbazaar?useUnicode=true&characterEncoding=utf-8&serverTimeZone=UTC, version : 1.2.8, lastPacketReceivedIdleMillis : 130307
2022-04-06 16:02:42.175 [taskExecutor-8] WARN  com.alibaba.druid.pool.DruidAbstractDataSource - discard long time none received connection. , jdbcUrl : jdbc:mysql://localhost:3306/magicbazaar?useUnicode=true&characterEncoding=utf-8&serverTimeZone=UTC, version : 1.2.8, lastPacketReceivedIdleMillis : 100069
2022-04-06 16:02:42.175 [taskExecutor-8] WARN  com.alibaba.druid.pool.DruidAbstractDataSource - discard long time none received connection. , jdbcUrl : jdbc:mysql://localhost:3306/magicbazaar?useUnicode=true&characterEncoding=utf-8&serverTimeZone=UTC, version : 1.2.8, lastPacketReceivedIdleMillis : 750538
2022-04-06 16:13:42.280 [http-nio-8080-exec-9] WARN  com.alibaba.druid.pool.DruidAbstractDataSource - discard long time none received connection. , jdbcUrl : jdbc:mysql://localhost:3306/magicbazaar?useUnicode=true&characterEncoding=utf-8&serverTimeZone=UTC, version : 1.2.8, lastPacketReceivedIdleMillis : 159734
2022-04-06 16:13:42.280 [http-nio-8080-exec-9] WARN  com.alibaba.druid.pool.DruidAbstractDataSource - discard long time none received connection. , jdbcUrl : jdbc:mysql://localhost:3306/magicbazaar?useUnicode=true&characterEncoding=utf-8&serverTimeZone=UTC, version : 1.2.8, lastPacketReceivedIdleMillis : 204938
2022-04-06 16:13:42.280 [http-nio-8080-exec-1] WARN  com.alibaba.druid.pool.DruidAbstractDataSource - discard long time none received connection. , jdbcUrl : jdbc:mysql://localhost:3306/magicbazaar?useUnicode=true&characterEncoding=utf-8&serverTimeZone=UTC, version : 1.2.8, lastPacketReceivedIdleMillis : 213115
2022-04-06 16:15:38.201 [http-nio-8080-exec-6] WARN  com.alibaba.druid.pool.DruidAbstractDataSource - discard long time none received connection. , jdbcUrl : jdbc:mysql://localhost:3306/magicbazaar?useUnicode=true&characterEncoding=utf-8&serverTimeZone=UTC, version : 1.2.8, lastPacketReceivedIdleMillis : 98748
2022-04-06 16:15:38.209 [http-nio-8080-exec-6] WARN  com.alibaba.druid.pool.DruidAbstractDataSource - discard long time none received connection. , jdbcUrl : jdbc:mysql://localhost:3306/magicbazaar?useUnicode=true&characterEncoding=utf-8&serverTimeZone=UTC, version : 1.2.8, lastPacketReceivedIdleMillis : 98762
2022-04-06 16:16:50.886 [http-nio-8080-exec-8] WARN  com.alibaba.druid.pool.DruidAbstractDataSource - discard long time none received connection. , jdbcUrl : jdbc:mysql://localhost:3306/magicbazaar?useUnicode=true&characterEncoding=utf-8&serverTimeZone=UTC, version : 1.2.8, lastPacketReceivedIdleMillis : 72612
2022-04-06 16:18:41.804 [http-nio-8080-exec-10] WARN  com.alibaba.druid.pool.DruidAbstractDataSource - discard long time none received connection. , jdbcUrl : jdbc:mysql://localhost:3306/magicbazaar?useUnicode=true&characterEncoding=utf-8&serverTimeZone=UTC, version : 1.2.8, lastPacketReceivedIdleMillis : 110886
2022-04-06 16:21:39.097 [http-nio-8080-exec-9] WARN  com.alibaba.druid.pool.DruidAbstractDataSource - discard long time none received connection. , jdbcUrl : jdbc:mysql://localhost:3306/magicbazaar?useUnicode=true&characterEncoding=utf-8&serverTimeZone=UTC, version : 1.2.8, lastPacketReceivedIdleMillis : 177183
2022-04-06 16:21:39.097 [http-nio-8080-exec-8] WARN  com.alibaba.druid.pool.DruidAbstractDataSource - discard long time none received connection. , jdbcUrl : jdbc:mysql://localhost:3306/magicbazaar?useUnicode=true&characterEncoding=utf-8&serverTimeZone=UTC, version : 1.2.8, lastPacketReceivedIdleMillis : 103577
2022-04-06 16:23:25.608 [http-nio-8080-exec-9] WARN  com.alibaba.druid.pool.DruidAbstractDataSource - discard long time none received connection. , jdbcUrl : jdbc:mysql://localhost:3306/magicbazaar?useUnicode=true&characterEncoding=utf-8&serverTimeZone=UTC, version : 1.2.8, lastPacketReceivedIdleMillis : 103030
2022-04-06 16:23:25.608 [http-nio-8080-exec-9] WARN  com.alibaba.druid.pool.DruidAbstractDataSource - discard long time none received connection. , jdbcUrl : jdbc:mysql://localhost:3306/magicbazaar?useUnicode=true&characterEncoding=utf-8&serverTimeZone=UTC, version : 1.2.8, lastPacketReceivedIdleMillis : 106396
2022-04-06 16:26:07.962 [http-nio-8080-exec-4] WARN  com.alibaba.druid.pool.DruidAbstractDataSource - discard long time none received connection. , jdbcUrl : jdbc:mysql://localhost:3306/magicbazaar?useUnicode=true&characterEncoding=utf-8&serverTimeZone=UTC, version : 1.2.8, lastPacketReceivedIdleMillis : 116726
2022-04-06 16:26:07.963 [http-nio-8080-exec-4] WARN  com.alibaba.druid.pool.DruidAbstractDataSource - discard long time none received connection. , jdbcUrl : jdbc:mysql://localhost:3306/magicbazaar?useUnicode=true&characterEncoding=utf-8&serverTimeZone=UTC, version : 1.2.8, lastPacketReceivedIdleMillis : 119113
2022-04-06 16:29:53.756 [main] WARN  o.s.boot.autoconfigure.AutoConfigurationPackages - @EnableAutoConfiguration was declared on a class in the default package. Automatic @Repository and @Entity scanning is not enabled.
2022-04-06 16:29:55.663 [main] WARN  c.b.mybatisplus.core.injector.DefaultSqlInjector - class com.a243.magicbazaar.dao.dto.Cart ,Not found @TableId annotation, Cannot use Mybatis-Plus 'xxById' Method.
2022-04-06 16:30:01.470 [main] WARN  o.s.boot.autoconfigure.AutoConfigurationPackages - @EnableAutoConfiguration was declared on a class in the default package. Automatic @Repository and @Entity scanning is not enabled.
2022-04-06 16:30:03.066 [main] WARN  c.b.mybatisplus.core.injector.DefaultSqlInjector - class com.a243.magicbazaar.dao.dto.Cart ,Not found @TableId annotation, Cannot use Mybatis-Plus 'xxById' Method.
2022-04-06 16:35:51.453 [http-nio-8080-exec-8] WARN  com.alibaba.druid.pool.DruidAbstractDataSource - discard long time none received connection. , jdbcUrl : jdbc:mysql://localhost:3306/magicbazaar?useUnicode=true&characterEncoding=utf-8&serverTimeZone=UTC, version : 1.2.8, lastPacketReceivedIdleMillis : 199196
2022-04-06 16:35:51.453 [http-nio-8080-exec-10] WARN  com.alibaba.druid.pool.DruidAbstractDataSource - discard long time none received connection. , jdbcUrl : jdbc:mysql://localhost:3306/magicbazaar?useUnicode=true&characterEncoding=utf-8&serverTimeZone=UTC, version : 1.2.8, lastPacketReceivedIdleMillis : 199198
2022-04-06 16:35:51.454 [http-nio-8080-exec-7] WARN  com.alibaba.druid.pool.DruidAbstractDataSource - discard long time none received connection. , jdbcUrl : jdbc:mysql://localhost:3306/magicbazaar?useUnicode=true&characterEncoding=utf-8&serverTimeZone=UTC, version : 1.2.8, lastPacketReceivedIdleMillis : 199202
2022-04-06 16:38:30.140 [http-nio-8080-exec-5] WARN  com.alibaba.druid.pool.DruidAbstractDataSource - discard long time none received connection. , jdbcUrl : jdbc:mysql://localhost:3306/magicbazaar?useUnicode=true&characterEncoding=utf-8&serverTimeZone=UTC, version : 1.2.8, lastPacketReceivedIdleMillis : 113617
2022-04-06 16:38:30.141 [http-nio-8080-exec-8] WARN  com.alibaba.druid.pool.DruidAbstractDataSource - discard long time none received connection. , jdbcUrl : jdbc:mysql://localhost:3306/magicbazaar?useUnicode=true&characterEncoding=utf-8&serverTimeZone=UTC, version : 1.2.8, lastPacketReceivedIdleMillis : 113628
2022-04-06 16:38:30.141 [http-nio-8080-exec-10] WARN  com.alibaba.druid.pool.DruidAbstractDataSource - discard long time none received connection. , jdbcUrl : jdbc:mysql://localhost:3306/magicbazaar?useUnicode=true&characterEncoding=utf-8&serverTimeZone=UTC, version : 1.2.8, lastPacketReceivedIdleMillis : 113619
2022-04-06 16:45:02.616 [http-nio-8080-exec-9] WARN  com.alibaba.druid.pool.DruidAbstractDataSource - discard long time none received connection. , jdbcUrl : jdbc:mysql://localhost:3306/magicbazaar?useUnicode=true&characterEncoding=utf-8&serverTimeZone=UTC, version : 1.2.8, lastPacketReceivedIdleMillis : 389739
2022-04-06 16:45:02.617 [http-nio-8080-exec-10] WARN  com.alibaba.druid.pool.DruidAbstractDataSource - discard long time none received connection. , jdbcUrl : jdbc:mysql://localhost:3306/magicbazaar?useUnicode=true&characterEncoding=utf-8&serverTimeZone=UTC, version : 1.2.8, lastPacketReceivedIdleMillis : 389743
2022-04-06 16:51:06.681 [main] WARN  o.s.boot.autoconfigure.AutoConfigurationPackages - @EnableAutoConfiguration was declared on a class in the default package. Automatic @Repository and @Entity scanning is not enabled.
2022-04-06 16:51:08.211 [main] WARN  c.b.mybatisplus.core.injector.DefaultSqlInjector - class com.a243.magicbazaar.dao.dto.Cart ,Not found @TableId annotation, Cannot use Mybatis-Plus 'xxById' Method.
2022-04-06 19:30:57.725 [main] WARN  o.s.boot.autoconfigure.AutoConfigurationPackages - @EnableAutoConfiguration was declared on a class in the default package. Automatic @Repository and @Entity scanning is not enabled.
2022-04-06 19:31:01.310 [main] WARN  c.b.mybatisplus.core.injector.DefaultSqlInjector - class com.a243.magicbazaar.dao.dto.Cart ,Not found @TableId annotation, Cannot use Mybatis-Plus 'xxById' Method.
2022-04-06 19:57:56.023 [main] WARN  o.s.boot.autoconfigure.AutoConfigurationPackages - @EnableAutoConfiguration was declared on a class in the default package. Automatic @Repository and @Entity scanning is not enabled.
2022-04-06 19:57:57.583 [main] WARN  c.b.mybatisplus.core.injector.DefaultSqlInjector - class com.a243.magicbazaar.dao.dto.Cart ,Not found @TableId annotation, Cannot use Mybatis-Plus 'xxById' Method.
2022-04-06 19:58:59.361 [main] WARN  o.s.boot.autoconfigure.AutoConfigurationPackages - @EnableAutoConfiguration was declared on a class in the default package. Automatic @Repository and @Entity scanning is not enabled.
2022-04-06 19:59:01.105 [main] WARN  c.b.mybatisplus.core.injector.DefaultSqlInjector - class com.a243.magicbazaar.dao.dto.Cart ,Not found @TableId annotation, Cannot use Mybatis-Plus 'xxById' Method.
2022-04-06 20:00:46.293 [main] WARN  o.s.boot.autoconfigure.AutoConfigurationPackages - @EnableAutoConfiguration was declared on a class in the default package. Automatic @Repository and @Entity scanning is not enabled.
2022-04-06 20:00:48.019 [main] WARN  c.b.mybatisplus.core.injector.DefaultSqlInjector - class com.a243.magicbazaar.dao.dto.Cart ,Not found @TableId annotation, Cannot use Mybatis-Plus 'xxById' Method.
2022-04-06 20:02:33.416 [main] WARN  o.s.boot.autoconfigure.AutoConfigurationPackages - @EnableAutoConfiguration was declared on a class in the default package. Automatic @Repository and @Entity scanning is not enabled.
2022-04-06 20:02:35.112 [main] WARN  c.b.mybatisplus.core.injector.DefaultSqlInjector - class com.a243.magicbazaar.dao.dto.Cart ,Not found @TableId annotation, Cannot use Mybatis-Plus 'xxById' Method.
2022-04-06 20:05:50.953 [main] WARN  o.s.boot.autoconfigure.AutoConfigurationPackages - @EnableAutoConfiguration was declared on a class in the default package. Automatic @Repository and @Entity scanning is not enabled.
2022-04-06 20:05:52.533 [main] WARN  c.b.mybatisplus.core.injector.DefaultSqlInjector - class com.a243.magicbazaar.dao.dto.Cart ,Not found @TableId annotation, Cannot use Mybatis-Plus 'xxById' Method.
2022-04-06 20:06:29.203 [main] WARN  o.s.boot.autoconfigure.AutoConfigurationPackages - @EnableAutoConfiguration was declared on a class in the default package. Automatic @Repository and @Entity scanning is not enabled.
2022-04-06 20:06:30.805 [main] WARN  c.b.mybatisplus.core.injector.DefaultSqlInjector - class com.a243.magicbazaar.dao.dto.Cart ,Not found @TableId annotation, Cannot use Mybatis-Plus 'xxById' Method.
2022-04-06 20:09:17.838 [http-nio-8080-exec-2] WARN  com.alibaba.druid.pool.DruidAbstractDataSource - discard long time none received connection. , jdbcUrl : jdbc:mysql://localhost:3306/magicbazaar?useUnicode=true&characterEncoding=utf-8&serverTimeZone=UTC, version : 1.2.8, lastPacketReceivedIdleMillis : 102499
2022-04-06 20:09:17.838 [http-nio-8080-exec-9] WARN  com.alibaba.druid.pool.DruidAbstractDataSource - discard long time none received connection. , jdbcUrl : jdbc:mysql://localhost:3306/magicbazaar?useUnicode=true&characterEncoding=utf-8&serverTimeZone=UTC, version : 1.2.8, lastPacketReceivedIdleMillis : 102499
2022-04-06 20:09:17.839 [http-nio-8080-exec-2] WARN  com.alibaba.druid.pool.DruidAbstractDataSource - discard long time none received connection. , jdbcUrl : jdbc:mysql://localhost:3306/magicbazaar?useUnicode=true&characterEncoding=utf-8&serverTimeZone=UTC, version : 1.2.8, lastPacketReceivedIdleMillis : 102794
2022-04-06 20:13:30.721 [main] WARN  o.s.boot.autoconfigure.AutoConfigurationPackages - @EnableAutoConfiguration was declared on a class in the default package. Automatic @Repository and @Entity scanning is not enabled.
2022-04-06 20:13:32.406 [main] WARN  c.b.mybatisplus.core.injector.DefaultSqlInjector - class com.a243.magicbazaar.dao.dto.Cart ,Not found @TableId annotation, Cannot use Mybatis-Plus 'xxById' Method.
2022-04-06 20:14:42.505 [main] WARN  o.s.boot.autoconfigure.AutoConfigurationPackages - @EnableAutoConfiguration was declared on a class in the default package. Automatic @Repository and @Entity scanning is not enabled.
2022-04-06 20:14:44.234 [main] WARN  c.b.mybatisplus.core.injector.DefaultSqlInjector - class com.a243.magicbazaar.dao.dto.Cart ,Not found @TableId annotation, Cannot use Mybatis-Plus 'xxById' Method.
2022-04-06 20:58:57.914 [main] WARN  o.s.boot.autoconfigure.AutoConfigurationPackages - @EnableAutoConfiguration was declared on a class in the default package. Automatic @Repository and @Entity scanning is not enabled.
2022-04-06 20:58:59.477 [main] WARN  c.b.mybatisplus.core.injector.DefaultSqlInjector - class com.a243.magicbazaar.dao.dto.Cart ,Not found @TableId annotation, Cannot use Mybatis-Plus 'xxById' Method.
2022-04-06 21:00:43.818 [main] WARN  o.s.boot.autoconfigure.AutoConfigurationPackages - @EnableAutoConfiguration was declared on a class in the default package. Automatic @Repository and @Entity scanning is not enabled.
2022-04-06 21:00:45.521 [main] WARN  c.b.mybatisplus.core.injector.DefaultSqlInjector - class com.a243.magicbazaar.dao.dto.Cart ,Not found @TableId annotation, Cannot use Mybatis-Plus 'xxById' Method.
2022-04-06 21:01:59.321 [main] WARN  o.s.boot.autoconfigure.AutoConfigurationPackages - @EnableAutoConfiguration was declared on a class in the default package. Automatic @Repository and @Entity scanning is not enabled.
2022-04-06 21:02:01.021 [main] WARN  c.b.mybatisplus.core.injector.DefaultSqlInjector - class com.a243.magicbazaar.dao.dto.Cart ,Not found @TableId annotation, Cannot use Mybatis-Plus 'xxById' Method.
2022-04-06 21:07:33.566 [main] WARN  o.s.boot.autoconfigure.AutoConfigurationPackages - @EnableAutoConfiguration was declared on a class in the default package. Automatic @Repository and @Entity scanning is not enabled.
2022-04-06 21:07:35.305 [main] WARN  c.b.mybatisplus.core.injector.DefaultSqlInjector - class com.a243.magicbazaar.dao.dto.Cart ,Not found @TableId annotation, Cannot use Mybatis-Plus 'xxById' Method.
2022-04-06 21:08:41.303 [main] WARN  o.s.boot.autoconfigure.AutoConfigurationPackages - @EnableAutoConfiguration was declared on a class in the default package. Automatic @Repository and @Entity scanning is not enabled.
2022-04-06 21:08:42.982 [main] WARN  c.b.mybatisplus.core.injector.DefaultSqlInjector - class com.a243.magicbazaar.dao.dto.Cart ,Not found @TableId annotation, Cannot use Mybatis-Plus 'xxById' Method.
2022-04-06 21:10:36.385 [main] WARN  o.s.boot.autoconfigure.AutoConfigurationPackages - @EnableAutoConfiguration was declared on a class in the default package. Automatic @Repository and @Entity scanning is not enabled.
2022-04-06 21:10:38.192 [main] WARN  c.b.mybatisplus.core.injector.DefaultSqlInjector - class com.a243.magicbazaar.dao.dto.Cart ,Not found @TableId annotation, Cannot use Mybatis-Plus 'xxById' Method.
2022-04-06 21:21:50.570 [main] WARN  o.s.boot.autoconfigure.AutoConfigurationPackages - @EnableAutoConfiguration was declared on a class in the default package. Automatic @Repository and @Entity scanning is not enabled.
2022-04-06 21:21:52.260 [main] WARN  c.b.mybatisplus.core.injector.DefaultSqlInjector - class com.a243.magicbazaar.dao.dto.Cart ,Not found @TableId annotation, Cannot use Mybatis-Plus 'xxById' Method.
