2022-04-02 08:01:37.857 [http-nio-8080-exec-3] WARN  com.alibaba.druid.pool.DruidAbstractDataSource - discard long time none received connection. , jdbcUrl : jdbc:mysql://localhost:3306/magicbazaar?useUnicode=true&characterEncoding=utf-8&serverTimeZone=UTC, version : 1.2.8, lastPacketReceivedIdleMillis : 160303
2022-04-02 08:01:37.859 [http-nio-8080-exec-3] WARN  com.alibaba.druid.pool.DruidAbstractDataSource - discard long time none received connection. , jdbcUrl : jdbc:mysql://localhost:3306/magicbazaar?useUnicode=true&characterEncoding=utf-8&serverTimeZone=UTC, version : 1.2.8, lastPacketReceivedIdleMillis : 160313
2022-04-02 08:03:36.889 [main] WARN  o.s.boot.autoconfigure.AutoConfigurationPackages - @EnableAutoConfiguration was declared on a class in the default package. Automatic @Repository and @Entity scanning is not enabled.
2022-04-02 08:03:39.342 [main] WARN  c.b.mybatisplus.core.metadata.TableInfoHelper - Can not find table primary key in Class: "com.a243.magicbazaar.dao.dto.Cart".
2022-04-02 08:03:39.342 [main] WARN  c.b.mybatisplus.core.injector.DefaultSqlInjector - class com.a243.magicbazaar.dao.dto.Cart ,Not found @TableId annotation, Cannot use Mybatis-Plus 'xxById' Method.
2022-04-02 08:03:40.171 [main] WARN  o.s.b.w.s.c.AnnotationConfigServletWebServerApplicationContext - Exception encountered during context initialization - cancelling refresh attempt: org.springframework.context.ApplicationContextException: Failed to start bean 'webServerStartStop'; nested exception is org.springframework.boot.web.server.PortInUseException: Port 8080 is already in use
2022-04-02 08:06:09.663 [main] WARN  o.s.boot.autoconfigure.AutoConfigurationPackages - @EnableAutoConfiguration was declared on a class in the default package. Automatic @Repository and @Entity scanning is not enabled.
2022-04-02 08:06:12.064 [main] WARN  c.b.mybatisplus.core.metadata.TableInfoHelper - Can not find table primary key in Class: "com.a243.magicbazaar.dao.dto.Cart".
2022-04-02 08:06:12.064 [main] WARN  c.b.mybatisplus.core.injector.DefaultSqlInjector - class com.a243.magicbazaar.dao.dto.Cart ,Not found @TableId annotation, Cannot use Mybatis-Plus 'xxById' Method.
2022-04-02 08:06:13.143 [main] WARN  o.s.b.w.s.c.AnnotationConfigServletWebServerApplicationContext - Exception encountered during context initialization - cancelling refresh attempt: org.springframework.context.ApplicationContextException: Failed to start bean 'webServerStartStop'; nested exception is org.springframework.boot.web.server.PortInUseException: Port 8080 is already in use
2022-04-02 08:06:36.873 [main] WARN  o.s.boot.autoconfigure.AutoConfigurationPackages - @EnableAutoConfiguration was declared on a class in the default package. Automatic @Repository and @Entity scanning is not enabled.
2022-04-02 08:06:42.405 [main] WARN  c.b.mybatisplus.core.metadata.TableInfoHelper - Can not find table primary key in Class: "com.a243.magicbazaar.dao.dto.Cart".
2022-04-02 08:06:42.405 [main] WARN  c.b.mybatisplus.core.injector.DefaultSqlInjector - class com.a243.magicbazaar.dao.dto.Cart ,Not found @TableId annotation, Cannot use Mybatis-Plus 'xxById' Method.
2022-04-02 08:07:19.347 [main] WARN  o.s.boot.autoconfigure.AutoConfigurationPackages - @EnableAutoConfiguration was declared on a class in the default package. Automatic @Repository and @Entity scanning is not enabled.
2022-04-02 08:07:22.481 [main] WARN  c.b.mybatisplus.core.injector.DefaultSqlInjector - class com.a243.magicbazaar.dao.dto.Cart ,Not found @TableId annotation, Cannot use Mybatis-Plus 'xxById' Method.
2022-04-02 08:15:23.092 [main] WARN  o.s.boot.autoconfigure.AutoConfigurationPackages - @EnableAutoConfiguration was declared on a class in the default package. Automatic @Repository and @Entity scanning is not enabled.
2022-04-02 08:15:25.519 [main] WARN  c.b.mybatisplus.core.injector.DefaultSqlInjector - class com.a243.magicbazaar.dao.dto.Cart ,Not found @TableId annotation, Cannot use Mybatis-Plus 'xxById' Method.
2022-04-02 08:19:15.671 [main] WARN  o.s.boot.autoconfigure.AutoConfigurationPackages - @EnableAutoConfiguration was declared on a class in the default package. Automatic @Repository and @Entity scanning is not enabled.
2022-04-02 08:19:18.109 [main] WARN  c.b.mybatisplus.core.injector.DefaultSqlInjector - class com.a243.magicbazaar.dao.dto.Cart ,Not found @TableId annotation, Cannot use Mybatis-Plus 'xxById' Method.
2022-04-02 08:21:28.115 [http-nio-8081-exec-4] WARN  com.alibaba.druid.pool.DruidAbstractDataSource - discard long time none received connection. , jdbcUrl : jdbc:mysql://localhost:3306/magicbazaar?useUnicode=true&characterEncoding=utf-8&serverTimeZone=UTC, version : 1.2.8, lastPacketReceivedIdleMillis : 126757
2022-04-02 08:22:53.683 [main] WARN  o.s.boot.autoconfigure.AutoConfigurationPackages - @EnableAutoConfiguration was declared on a class in the default package. Automatic @Repository and @Entity scanning is not enabled.
2022-04-02 08:22:56.172 [main] WARN  c.b.mybatisplus.core.injector.DefaultSqlInjector - class com.a243.magicbazaar.dao.dto.Cart ,Not found @TableId annotation, Cannot use Mybatis-Plus 'xxById' Method.
2022-04-02 08:24:54.177 [main] WARN  o.s.boot.autoconfigure.AutoConfigurationPackages - @EnableAutoConfiguration was declared on a class in the default package. Automatic @Repository and @Entity scanning is not enabled.
2022-04-02 08:24:56.637 [main] WARN  c.b.mybatisplus.core.injector.DefaultSqlInjector - class com.a243.magicbazaar.dao.dto.Cart ,Not found @TableId annotation, Cannot use Mybatis-Plus 'xxById' Method.
2022-04-02 08:31:11.781 [main] WARN  o.s.boot.autoconfigure.AutoConfigurationPackages - @EnableAutoConfiguration was declared on a class in the default package. Automatic @Repository and @Entity scanning is not enabled.
2022-04-02 08:31:14.305 [main] WARN  c.b.mybatisplus.core.injector.DefaultSqlInjector - class com.a243.magicbazaar.dao.dto.Cart ,Not found @TableId annotation, Cannot use Mybatis-Plus 'xxById' Method.
2022-04-02 08:32:00.261 [http-nio-8080-exec-9] WARN  com.alibaba.druid.pool.DruidAbstractDataSource - discard long time none received connection. , jdbcUrl : jdbc:mysql://localhost:3306/magicbazaar?useUnicode=true&characterEncoding=utf-8&serverTimeZone=UTC, version : 1.2.8, lastPacketReceivedIdleMillis : 1773773
2022-04-02 08:32:00.262 [http-nio-8080-exec-9] WARN  com.alibaba.druid.pool.DruidAbstractDataSource - discard long time none received connection. , jdbcUrl : jdbc:mysql://localhost:3306/magicbazaar?useUnicode=true&characterEncoding=utf-8&serverTimeZone=UTC, version : 1.2.8, lastPacketReceivedIdleMillis : 1773778
2022-04-02 08:35:04.265 [main] WARN  o.s.boot.autoconfigure.AutoConfigurationPackages - @EnableAutoConfiguration was declared on a class in the default package. Automatic @Repository and @Entity scanning is not enabled.
2022-04-02 08:35:06.863 [main] WARN  c.b.mybatisplus.core.injector.DefaultSqlInjector - class com.a243.magicbazaar.dao.dto.Cart ,Not found @TableId annotation, Cannot use Mybatis-Plus 'xxById' Method.
2022-04-02 08:36:06.153 [main] WARN  o.s.boot.autoconfigure.AutoConfigurationPackages - @EnableAutoConfiguration was declared on a class in the default package. Automatic @Repository and @Entity scanning is not enabled.
2022-04-02 08:36:08.627 [main] WARN  c.b.mybatisplus.core.injector.DefaultSqlInjector - class com.a243.magicbazaar.dao.dto.Cart ,Not found @TableId annotation, Cannot use Mybatis-Plus 'xxById' Method.
2022-04-02 08:37:31.960 [http-nio-8080-exec-8] WARN  com.alibaba.druid.pool.DruidAbstractDataSource - discard long time none received connection. , jdbcUrl : jdbc:mysql://localhost:3306/magicbazaar?useUnicode=true&characterEncoding=utf-8&serverTimeZone=UTC, version : 1.2.8, lastPacketReceivedIdleMillis : 293162
2022-04-02 08:38:48.767 [main] WARN  o.s.boot.autoconfigure.AutoConfigurationPackages - @EnableAutoConfiguration was declared on a class in the default package. Automatic @Repository and @Entity scanning is not enabled.
2022-04-02 08:38:51.639 [main] WARN  c.b.mybatisplus.core.injector.DefaultSqlInjector - class com.a243.magicbazaar.dao.dto.Cart ,Not found @TableId annotation, Cannot use Mybatis-Plus 'xxById' Method.
2022-04-02 08:44:11.230 [main] WARN  o.s.boot.autoconfigure.AutoConfigurationPackages - @EnableAutoConfiguration was declared on a class in the default package. Automatic @Repository and @Entity scanning is not enabled.
2022-04-02 08:44:13.657 [main] WARN  c.b.mybatisplus.core.injector.DefaultSqlInjector - class com.a243.magicbazaar.dao.dto.Cart ,Not found @TableId annotation, Cannot use Mybatis-Plus 'xxById' Method.
2022-04-02 08:50:33.477 [main] WARN  o.s.boot.autoconfigure.AutoConfigurationPackages - @EnableAutoConfiguration was declared on a class in the default package. Automatic @Repository and @Entity scanning is not enabled.
2022-04-02 08:50:36.360 [main] WARN  c.b.mybatisplus.core.injector.DefaultSqlInjector - class com.a243.magicbazaar.dao.dto.Cart ,Not found @TableId annotation, Cannot use Mybatis-Plus 'xxById' Method.
2022-04-02 09:03:37.416 [main] WARN  o.s.boot.autoconfigure.AutoConfigurationPackages - @EnableAutoConfiguration was declared on a class in the default package. Automatic @Repository and @Entity scanning is not enabled.
2022-04-02 09:03:40.018 [main] WARN  c.b.mybatisplus.core.injector.DefaultSqlInjector - class com.a243.magicbazaar.dao.dto.Cart ,Not found @TableId annotation, Cannot use Mybatis-Plus 'xxById' Method.
2022-04-02 09:06:22.169 [http-nio-8081-exec-5] WARN  com.alibaba.druid.pool.DruidAbstractDataSource - discard long time none received connection. , jdbcUrl : jdbc:mysql://localhost:3306/magicbazaar?useUnicode=true&characterEncoding=utf-8&serverTimeZone=UTC, version : 1.2.8, lastPacketReceivedIdleMillis : 155529
2022-04-02 09:06:22.170 [http-nio-8081-exec-5] WARN  com.alibaba.druid.pool.DruidAbstractDataSource - discard long time none received connection. , jdbcUrl : jdbc:mysql://localhost:3306/magicbazaar?useUnicode=true&characterEncoding=utf-8&serverTimeZone=UTC, version : 1.2.8, lastPacketReceivedIdleMillis : 155537
2022-04-02 09:07:27.091 [main] WARN  o.s.boot.autoconfigure.AutoConfigurationPackages - @EnableAutoConfiguration was declared on a class in the default package. Automatic @Repository and @Entity scanning is not enabled.
2022-04-02 09:07:29.606 [main] WARN  c.b.mybatisplus.core.injector.DefaultSqlInjector - class com.a243.magicbazaar.dao.dto.Cart ,Not found @TableId annotation, Cannot use Mybatis-Plus 'xxById' Method.
2022-04-02 09:11:00.456 [main] WARN  o.s.boot.autoconfigure.AutoConfigurationPackages - @EnableAutoConfiguration was declared on a class in the default package. Automatic @Repository and @Entity scanning is not enabled.
2022-04-02 09:11:04.036 [main] WARN  c.b.mybatisplus.core.injector.DefaultSqlInjector - class com.a243.magicbazaar.dao.dto.Cart ,Not found @TableId annotation, Cannot use Mybatis-Plus 'xxById' Method.
2022-04-02 09:13:21.084 [http-nio-8081-exec-10] WARN  com.alibaba.druid.pool.DruidAbstractDataSource - discard long time none received connection. , jdbcUrl : jdbc:mysql://localhost:3306/magicbazaar?useUnicode=true&characterEncoding=utf-8&serverTimeZone=UTC, version : 1.2.8, lastPacketReceivedIdleMillis : 85646
2022-04-02 09:17:03.440 [main] WARN  o.s.boot.autoconfigure.AutoConfigurationPackages - @EnableAutoConfiguration was declared on a class in the default package. Automatic @Repository and @Entity scanning is not enabled.
2022-04-02 09:17:05.910 [main] WARN  c.b.mybatisplus.core.injector.DefaultSqlInjector - class com.a243.magicbazaar.dao.dto.Cart ,Not found @TableId annotation, Cannot use Mybatis-Plus 'xxById' Method.
2022-04-02 09:18:31.448 [main] WARN  o.s.boot.autoconfigure.AutoConfigurationPackages - @EnableAutoConfiguration was declared on a class in the default package. Automatic @Repository and @Entity scanning is not enabled.
2022-04-02 09:18:34.063 [main] WARN  c.b.mybatisplus.core.injector.DefaultSqlInjector - class com.a243.magicbazaar.dao.dto.Cart ,Not found @TableId annotation, Cannot use Mybatis-Plus 'xxById' Method.
2022-04-02 09:34:33.666 [main] WARN  o.s.boot.autoconfigure.AutoConfigurationPackages - @EnableAutoConfiguration was declared on a class in the default package. Automatic @Repository and @Entity scanning is not enabled.
2022-04-02 09:34:36.261 [main] WARN  c.b.mybatisplus.core.injector.DefaultSqlInjector - class com.a243.magicbazaar.dao.dto.Cart ,Not found @TableId annotation, Cannot use Mybatis-Plus 'xxById' Method.
2022-04-02 09:40:08.349 [main] WARN  o.s.boot.autoconfigure.AutoConfigurationPackages - @EnableAutoConfiguration was declared on a class in the default package. Automatic @Repository and @Entity scanning is not enabled.
2022-04-02 09:40:10.923 [main] WARN  c.b.mybatisplus.core.injector.DefaultSqlInjector - class com.a243.magicbazaar.dao.dto.Cart ,Not found @TableId annotation, Cannot use Mybatis-Plus 'xxById' Method.
2022-04-02 09:40:25.826 [main] WARN  o.s.boot.autoconfigure.AutoConfigurationPackages - @EnableAutoConfiguration was declared on a class in the default package. Automatic @Repository and @Entity scanning is not enabled.
2022-04-02 09:40:28.424 [main] WARN  c.b.mybatisplus.core.injector.DefaultSqlInjector - class com.a243.magicbazaar.dao.dto.Cart ,Not found @TableId annotation, Cannot use Mybatis-Plus 'xxById' Method.
2022-04-02 09:41:07.775 [main] WARN  o.s.boot.autoconfigure.AutoConfigurationPackages - @EnableAutoConfiguration was declared on a class in the default package. Automatic @Repository and @Entity scanning is not enabled.
2022-04-02 09:41:10.437 [main] WARN  c.b.mybatisplus.core.injector.DefaultSqlInjector - class com.a243.magicbazaar.dao.dto.Cart ,Not found @TableId annotation, Cannot use Mybatis-Plus 'xxById' Method.
2022-04-02 09:41:33.481 [main] WARN  o.s.boot.autoconfigure.AutoConfigurationPackages - @EnableAutoConfiguration was declared on a class in the default package. Automatic @Repository and @Entity scanning is not enabled.
2022-04-02 09:41:36.159 [main] WARN  c.b.mybatisplus.core.injector.DefaultSqlInjector - class com.a243.magicbazaar.dao.dto.Cart ,Not found @TableId annotation, Cannot use Mybatis-Plus 'xxById' Method.
2022-04-02 09:41:51.806 [main] WARN  o.s.boot.autoconfigure.AutoConfigurationPackages - @EnableAutoConfiguration was declared on a class in the default package. Automatic @Repository and @Entity scanning is not enabled.
2022-04-02 09:41:54.453 [main] WARN  c.b.mybatisplus.core.injector.DefaultSqlInjector - class com.a243.magicbazaar.dao.dto.Cart ,Not found @TableId annotation, Cannot use Mybatis-Plus 'xxById' Method.
2022-04-02 09:42:29.565 [main] WARN  o.s.boot.autoconfigure.AutoConfigurationPackages - @EnableAutoConfiguration was declared on a class in the default package. Automatic @Repository and @Entity scanning is not enabled.
2022-04-02 09:42:32.150 [main] WARN  c.b.mybatisplus.core.injector.DefaultSqlInjector - class com.a243.magicbazaar.dao.dto.Cart ,Not found @TableId annotation, Cannot use Mybatis-Plus 'xxById' Method.
2022-04-02 09:43:10.286 [main] WARN  o.s.boot.autoconfigure.AutoConfigurationPackages - @EnableAutoConfiguration was declared on a class in the default package. Automatic @Repository and @Entity scanning is not enabled.
2022-04-02 09:43:12.746 [main] WARN  c.b.mybatisplus.core.injector.DefaultSqlInjector - class com.a243.magicbazaar.dao.dto.Cart ,Not found @TableId annotation, Cannot use Mybatis-Plus 'xxById' Method.
2022-04-02 09:44:43.009 [main] WARN  o.s.boot.autoconfigure.AutoConfigurationPackages - @EnableAutoConfiguration was declared on a class in the default package. Automatic @Repository and @Entity scanning is not enabled.
2022-04-02 09:44:45.684 [main] WARN  c.b.mybatisplus.core.injector.DefaultSqlInjector - class com.a243.magicbazaar.dao.dto.Cart ,Not found @TableId annotation, Cannot use Mybatis-Plus 'xxById' Method.
2022-04-02 09:46:27.230 [main] WARN  o.s.boot.autoconfigure.AutoConfigurationPackages - @EnableAutoConfiguration was declared on a class in the default package. Automatic @Repository and @Entity scanning is not enabled.
2022-04-02 09:46:29.794 [main] WARN  c.b.mybatisplus.core.injector.DefaultSqlInjector - class com.a243.magicbazaar.dao.dto.Cart ,Not found @TableId annotation, Cannot use Mybatis-Plus 'xxById' Method.
2022-04-02 09:55:26.839 [main] WARN  o.s.boot.autoconfigure.AutoConfigurationPackages - @EnableAutoConfiguration was declared on a class in the default package. Automatic @Repository and @Entity scanning is not enabled.
2022-04-02 09:55:29.384 [main] WARN  c.b.mybatisplus.core.injector.DefaultSqlInjector - class com.a243.magicbazaar.dao.dto.Cart ,Not found @TableId annotation, Cannot use Mybatis-Plus 'xxById' Method.
2022-04-02 09:56:46.391 [main] WARN  o.s.boot.autoconfigure.AutoConfigurationPackages - @EnableAutoConfiguration was declared on a class in the default package. Automatic @Repository and @Entity scanning is not enabled.
2022-04-02 09:56:48.951 [main] WARN  c.b.mybatisplus.core.injector.DefaultSqlInjector - class com.a243.magicbazaar.dao.dto.Cart ,Not found @TableId annotation, Cannot use Mybatis-Plus 'xxById' Method.
2022-04-02 10:02:35.573 [main] WARN  o.s.boot.autoconfigure.AutoConfigurationPackages - @EnableAutoConfiguration was declared on a class in the default package. Automatic @Repository and @Entity scanning is not enabled.
2022-04-02 10:02:38.119 [main] WARN  c.b.mybatisplus.core.injector.DefaultSqlInjector - class com.a243.magicbazaar.dao.dto.Cart ,Not found @TableId annotation, Cannot use Mybatis-Plus 'xxById' Method.
2022-04-02 10:17:24.125 [http-nio-8081-exec-1] WARN  com.alibaba.druid.pool.DruidAbstractDataSource - discard long time none received connection. , jdbcUrl : jdbc:mysql://localhost:3306/magicbazaar?useUnicode=true&characterEncoding=utf-8&serverTimeZone=UTC, version : 1.2.8, lastPacketReceivedIdleMillis : 883583
2022-04-02 10:30:57.150 [main] WARN  o.s.boot.autoconfigure.AutoConfigurationPackages - @EnableAutoConfiguration was declared on a class in the default package. Automatic @Repository and @Entity scanning is not enabled.
2022-04-02 10:30:59.687 [main] WARN  c.b.mybatisplus.core.injector.DefaultSqlInjector - class com.a243.magicbazaar.dao.dto.Cart ,Not found @TableId annotation, Cannot use Mybatis-Plus 'xxById' Method.
2022-04-02 10:33:20.504 [main] WARN  o.s.boot.autoconfigure.AutoConfigurationPackages - @EnableAutoConfiguration was declared on a class in the default package. Automatic @Repository and @Entity scanning is not enabled.
2022-04-02 10:33:22.970 [main] WARN  c.b.mybatisplus.core.injector.DefaultSqlInjector - class com.a243.magicbazaar.dao.dto.Cart ,Not found @TableId annotation, Cannot use Mybatis-Plus 'xxById' Method.
2022-04-02 10:34:46.500 [main] WARN  o.s.boot.autoconfigure.AutoConfigurationPackages - @EnableAutoConfiguration was declared on a class in the default package. Automatic @Repository and @Entity scanning is not enabled.
2022-04-02 10:34:49.117 [main] WARN  c.b.mybatisplus.core.injector.DefaultSqlInjector - class com.a243.magicbazaar.dao.dto.Cart ,Not found @TableId annotation, Cannot use Mybatis-Plus 'xxById' Method.
2022-04-02 10:39:27.023 [main] WARN  o.s.boot.autoconfigure.AutoConfigurationPackages - @EnableAutoConfiguration was declared on a class in the default package. Automatic @Repository and @Entity scanning is not enabled.
2022-04-02 10:39:29.653 [main] WARN  c.b.mybatisplus.core.injector.DefaultSqlInjector - class com.a243.magicbazaar.dao.dto.Cart ,Not found @TableId annotation, Cannot use Mybatis-Plus 'xxById' Method.
2022-04-02 10:39:58.606 [main] WARN  o.s.boot.autoconfigure.AutoConfigurationPackages - @EnableAutoConfiguration was declared on a class in the default package. Automatic @Repository and @Entity scanning is not enabled.
2022-04-02 10:40:01.443 [main] WARN  c.b.mybatisplus.core.injector.DefaultSqlInjector - class com.a243.magicbazaar.dao.dto.Cart ,Not found @TableId annotation, Cannot use Mybatis-Plus 'xxById' Method.
2022-04-02 10:40:06.129 [main] WARN  o.s.boot.autoconfigure.AutoConfigurationPackages - @EnableAutoConfiguration was declared on a class in the default package. Automatic @Repository and @Entity scanning is not enabled.
2022-04-02 10:40:08.651 [main] WARN  c.b.mybatisplus.core.injector.DefaultSqlInjector - class com.a243.magicbazaar.dao.dto.Cart ,Not found @TableId annotation, Cannot use Mybatis-Plus 'xxById' Method.
2022-04-02 10:43:47.366 [main] WARN  o.s.boot.autoconfigure.AutoConfigurationPackages - @EnableAutoConfiguration was declared on a class in the default package. Automatic @Repository and @Entity scanning is not enabled.
2022-04-02 10:43:50.033 [main] WARN  c.b.mybatisplus.core.injector.DefaultSqlInjector - class com.a243.magicbazaar.dao.dto.Cart ,Not found @TableId annotation, Cannot use Mybatis-Plus 'xxById' Method.
2022-04-02 10:47:39.357 [main] WARN  o.s.boot.autoconfigure.AutoConfigurationPackages - @EnableAutoConfiguration was declared on a class in the default package. Automatic @Repository and @Entity scanning is not enabled.
2022-04-02 10:47:41.984 [main] WARN  c.b.mybatisplus.core.injector.DefaultSqlInjector - class com.a243.magicbazaar.dao.dto.Cart ,Not found @TableId annotation, Cannot use Mybatis-Plus 'xxById' Method.
2022-04-02 10:48:41.471 [main] WARN  o.s.boot.autoconfigure.AutoConfigurationPackages - @EnableAutoConfiguration was declared on a class in the default package. Automatic @Repository and @Entity scanning is not enabled.
2022-04-02 10:48:43.903 [main] WARN  c.b.mybatisplus.core.injector.DefaultSqlInjector - class com.a243.magicbazaar.dao.dto.Cart ,Not found @TableId annotation, Cannot use Mybatis-Plus 'xxById' Method.
2022-04-02 10:53:39.912 [main] WARN  o.s.boot.autoconfigure.AutoConfigurationPackages - @EnableAutoConfiguration was declared on a class in the default package. Automatic @Repository and @Entity scanning is not enabled.
2022-04-02 10:53:42.514 [main] WARN  c.b.mybatisplus.core.injector.DefaultSqlInjector - class com.a243.magicbazaar.dao.dto.Cart ,Not found @TableId annotation, Cannot use Mybatis-Plus 'xxById' Method.
2022-04-02 12:12:18.358 [main] WARN  o.s.boot.autoconfigure.AutoConfigurationPackages - @EnableAutoConfiguration was declared on a class in the default package. Automatic @Repository and @Entity scanning is not enabled.
2022-04-02 12:12:20.826 [main] WARN  c.b.mybatisplus.core.injector.DefaultSqlInjector - class com.a243.magicbazaar.dao.dto.Cart ,Not found @TableId annotation, Cannot use Mybatis-Plus 'xxById' Method.
2022-04-02 12:14:53.823 [main] WARN  o.s.boot.autoconfigure.AutoConfigurationPackages - @EnableAutoConfiguration was declared on a class in the default package. Automatic @Repository and @Entity scanning is not enabled.
2022-04-02 12:14:56.438 [main] WARN  c.b.mybatisplus.core.injector.DefaultSqlInjector - class com.a243.magicbazaar.dao.dto.Cart ,Not found @TableId annotation, Cannot use Mybatis-Plus 'xxById' Method.
2022-04-02 12:24:18.093 [http-nio-8081-exec-7] WARN  com.alibaba.druid.pool.DruidAbstractDataSource - discard long time none received connection. , jdbcUrl : jdbc:mysql://localhost:3306/magicbazaar?useUnicode=true&characterEncoding=utf-8&serverTimeZone=UTC, version : 1.2.8, lastPacketReceivedIdleMillis : 559485
2022-04-02 12:36:14.002 [main] WARN  o.s.boot.autoconfigure.AutoConfigurationPackages - @EnableAutoConfiguration was declared on a class in the default package. Automatic @Repository and @Entity scanning is not enabled.
2022-04-02 12:36:16.546 [main] WARN  c.b.mybatisplus.core.injector.DefaultSqlInjector - class com.a243.magicbazaar.dao.dto.Cart ,Not found @TableId annotation, Cannot use Mybatis-Plus 'xxById' Method.
2022-04-02 13:08:35.079 [main] WARN  o.s.boot.autoconfigure.AutoConfigurationPackages - @EnableAutoConfiguration was declared on a class in the default package. Automatic @Repository and @Entity scanning is not enabled.
2022-04-02 13:08:37.580 [main] WARN  c.b.mybatisplus.core.injector.DefaultSqlInjector - class com.a243.magicbazaar.dao.dto.Cart ,Not found @TableId annotation, Cannot use Mybatis-Plus 'xxById' Method.
2022-04-02 17:03:07.876 [main] WARN  o.s.boot.autoconfigure.AutoConfigurationPackages - @EnableAutoConfiguration was declared on a class in the default package. Automatic @Repository and @Entity scanning is not enabled.
2022-04-02 17:03:11.438 [main] WARN  c.b.mybatisplus.core.injector.DefaultSqlInjector - class com.a243.magicbazaar.dao.dto.Cart ,Not found @TableId annotation, Cannot use Mybatis-Plus 'xxById' Method.
2022-04-02 17:04:26.444 [main] WARN  o.s.boot.autoconfigure.AutoConfigurationPackages - @EnableAutoConfiguration was declared on a class in the default package. Automatic @Repository and @Entity scanning is not enabled.
2022-04-02 17:04:29.136 [main] WARN  c.b.mybatisplus.core.injector.DefaultSqlInjector - class com.a243.magicbazaar.dao.dto.Cart ,Not found @TableId annotation, Cannot use Mybatis-Plus 'xxById' Method.
2022-04-02 17:06:18.491 [http-nio-8081-exec-5] WARN  com.alibaba.druid.pool.DruidAbstractDataSource - discard long time none received connection. , jdbcUrl : jdbc:mysql://localhost:3306/magicbazaar?useUnicode=true&characterEncoding=utf-8&serverTimeZone=UTC, version : 1.2.8, lastPacketReceivedIdleMillis : 105120
2022-04-02 17:07:07.226 [main] WARN  o.s.boot.autoconfigure.AutoConfigurationPackages - @EnableAutoConfiguration was declared on a class in the default package. Automatic @Repository and @Entity scanning is not enabled.
2022-04-02 17:07:10.486 [main] WARN  c.b.mybatisplus.core.injector.DefaultSqlInjector - class com.a243.magicbazaar.dao.dto.Cart ,Not found @TableId annotation, Cannot use Mybatis-Plus 'xxById' Method.
2022-04-02 17:08:27.430 [main] WARN  o.s.boot.autoconfigure.AutoConfigurationPackages - @EnableAutoConfiguration was declared on a class in the default package. Automatic @Repository and @Entity scanning is not enabled.
2022-04-02 17:08:29.954 [main] WARN  c.b.mybatisplus.core.injector.DefaultSqlInjector - class com.a243.magicbazaar.dao.dto.Cart ,Not found @TableId annotation, Cannot use Mybatis-Plus 'xxById' Method.
2022-04-02 17:10:31.172 [http-nio-8081-exec-4] WARN  com.alibaba.druid.pool.DruidAbstractDataSource - discard long time none received connection. , jdbcUrl : jdbc:mysql://localhost:3306/magicbazaar?useUnicode=true&characterEncoding=utf-8&serverTimeZone=UTC, version : 1.2.8, lastPacketReceivedIdleMillis : 78371
2022-04-02 17:11:55.038 [main] WARN  o.s.boot.autoconfigure.AutoConfigurationPackages - @EnableAutoConfiguration was declared on a class in the default package. Automatic @Repository and @Entity scanning is not enabled.
2022-04-02 17:11:57.691 [main] WARN  c.b.mybatisplus.core.injector.DefaultSqlInjector - class com.a243.magicbazaar.dao.dto.Cart ,Not found @TableId annotation, Cannot use Mybatis-Plus 'xxById' Method.
2022-04-02 17:14:14.002 [main] WARN  o.s.boot.autoconfigure.AutoConfigurationPackages - @EnableAutoConfiguration was declared on a class in the default package. Automatic @Repository and @Entity scanning is not enabled.
2022-04-02 17:14:16.633 [main] WARN  c.b.mybatisplus.core.injector.DefaultSqlInjector - class com.a243.magicbazaar.dao.dto.Cart ,Not found @TableId annotation, Cannot use Mybatis-Plus 'xxById' Method.
2022-04-02 17:17:13.820 [http-nio-8081-exec-8] WARN  com.alibaba.druid.pool.DruidAbstractDataSource - discard long time none received connection. , jdbcUrl : jdbc:mysql://localhost:3306/magicbazaar?useUnicode=true&characterEncoding=utf-8&serverTimeZone=UTC, version : 1.2.8, lastPacketReceivedIdleMillis : 175067
2022-04-02 17:23:29.623 [main] WARN  o.s.boot.autoconfigure.AutoConfigurationPackages - @EnableAutoConfiguration was declared on a class in the default package. Automatic @Repository and @Entity scanning is not enabled.
2022-04-02 17:23:32.195 [main] WARN  c.b.mybatisplus.core.injector.DefaultSqlInjector - class com.a243.magicbazaar.dao.dto.Cart ,Not found @TableId annotation, Cannot use Mybatis-Plus 'xxById' Method.
2022-04-02 17:28:02.623 [main] WARN  o.s.boot.autoconfigure.AutoConfigurationPackages - @EnableAutoConfiguration was declared on a class in the default package. Automatic @Repository and @Entity scanning is not enabled.
2022-04-02 17:28:05.163 [main] WARN  c.b.mybatisplus.core.injector.DefaultSqlInjector - class com.a243.magicbazaar.dao.dto.Cart ,Not found @TableId annotation, Cannot use Mybatis-Plus 'xxById' Method.
2022-04-02 17:29:11.809 [main] WARN  o.s.boot.autoconfigure.AutoConfigurationPackages - @EnableAutoConfiguration was declared on a class in the default package. Automatic @Repository and @Entity scanning is not enabled.
2022-04-02 17:29:14.274 [main] WARN  c.b.mybatisplus.core.injector.DefaultSqlInjector - class com.a243.magicbazaar.dao.dto.Cart ,Not found @TableId annotation, Cannot use Mybatis-Plus 'xxById' Method.
2022-04-02 17:29:57.824 [main] WARN  o.s.boot.autoconfigure.AutoConfigurationPackages - @EnableAutoConfiguration was declared on a class in the default package. Automatic @Repository and @Entity scanning is not enabled.
2022-04-02 17:30:00.402 [main] WARN  c.b.mybatisplus.core.injector.DefaultSqlInjector - class com.a243.magicbazaar.dao.dto.Cart ,Not found @TableId annotation, Cannot use Mybatis-Plus 'xxById' Method.
2022-04-02 17:35:35.780 [http-nio-8081-exec-9] WARN  com.alibaba.druid.pool.DruidAbstractDataSource - discard long time none received connection. , jdbcUrl : jdbc:mysql://localhost:3306/magicbazaar?useUnicode=true&characterEncoding=utf-8&serverTimeZone=UTC, version : 1.2.8, lastPacketReceivedIdleMillis : 333327
2022-04-02 20:05:06.242 [main] WARN  o.s.boot.autoconfigure.AutoConfigurationPackages - @EnableAutoConfiguration was declared on a class in the default package. Automatic @Repository and @Entity scanning is not enabled.
2022-04-02 20:05:09.573 [main] WARN  c.b.mybatisplus.core.injector.DefaultSqlInjector - class com.a243.magicbazaar.dao.dto.Cart ,Not found @TableId annotation, Cannot use Mybatis-Plus 'xxById' Method.
2022-04-02 20:07:20.706 [taskExecutor-4] WARN  com.alibaba.druid.pool.DruidAbstractDataSource - discard long time none received connection. , jdbcUrl : jdbc:mysql://localhost:3306/magicbazaar?useUnicode=true&characterEncoding=utf-8&serverTimeZone=UTC, version : 1.2.8, lastPacketReceivedIdleMillis : 124582
2022-04-02 20:23:42.191 [http-nio-8081-exec-2] WARN  com.alibaba.druid.pool.DruidAbstractDataSource - discard long time none received connection. , jdbcUrl : jdbc:mysql://localhost:3306/magicbazaar?useUnicode=true&characterEncoding=utf-8&serverTimeZone=UTC, version : 1.2.8, lastPacketReceivedIdleMillis : 981467
2022-04-02 20:40:14.799 [http-nio-8081-exec-6] WARN  com.alibaba.druid.pool.DruidAbstractDataSource - discard long time none received connection. , jdbcUrl : jdbc:mysql://localhost:3306/magicbazaar?useUnicode=true&characterEncoding=utf-8&serverTimeZone=UTC, version : 1.2.8, lastPacketReceivedIdleMillis : 992534
2022-04-02 20:40:14.800 [http-nio-8081-exec-6] WARN  com.alibaba.druid.pool.DruidAbstractDataSource - discard long time none received connection. , jdbcUrl : jdbc:mysql://localhost:3306/magicbazaar?useUnicode=true&characterEncoding=utf-8&serverTimeZone=UTC, version : 1.2.8, lastPacketReceivedIdleMillis : 992552
2022-04-02 20:47:22.036 [main] WARN  o.s.boot.autoconfigure.AutoConfigurationPackages - @EnableAutoConfiguration was declared on a class in the default package. Automatic @Repository and @Entity scanning is not enabled.
2022-04-02 20:47:24.551 [main] WARN  c.b.mybatisplus.core.injector.DefaultSqlInjector - class com.a243.magicbazaar.dao.dto.Cart ,Not found @TableId annotation, Cannot use Mybatis-Plus 'xxById' Method.
2022-04-02 20:48:57.137 [main] WARN  o.s.boot.autoconfigure.AutoConfigurationPackages - @EnableAutoConfiguration was declared on a class in the default package. Automatic @Repository and @Entity scanning is not enabled.
2022-04-02 20:48:59.787 [main] WARN  c.b.mybatisplus.core.injector.DefaultSqlInjector - class com.a243.magicbazaar.dao.dto.Cart ,Not found @TableId annotation, Cannot use Mybatis-Plus 'xxById' Method.
2022-04-02 21:05:14.713 [main] WARN  o.s.boot.autoconfigure.AutoConfigurationPackages - @EnableAutoConfiguration was declared on a class in the default package. Automatic @Repository and @Entity scanning is not enabled.
2022-04-02 21:05:17.639 [main] WARN  c.b.mybatisplus.core.injector.DefaultSqlInjector - class com.a243.magicbazaar.dao.dto.Cart ,Not found @TableId annotation, Cannot use Mybatis-Plus 'xxById' Method.
2022-04-02 21:11:40.222 [http-nio-8081-exec-3] WARN  com.alibaba.druid.pool.DruidAbstractDataSource - discard long time none received connection. , jdbcUrl : jdbc:mysql://localhost:3306/magicbazaar?useUnicode=true&characterEncoding=utf-8&serverTimeZone=UTC, version : 1.2.8, lastPacketReceivedIdleMillis : 379108
2022-04-02 21:39:50.903 [main] WARN  o.s.boot.autoconfigure.AutoConfigurationPackages - @EnableAutoConfiguration was declared on a class in the default package. Automatic @Repository and @Entity scanning is not enabled.
2022-04-02 21:39:53.403 [main] WARN  c.b.mybatisplus.core.injector.DefaultSqlInjector - class com.a243.magicbazaar.dao.dto.Cart ,Not found @TableId annotation, Cannot use Mybatis-Plus 'xxById' Method.
2022-04-02 21:54:13.108 [http-nio-8081-exec-3] WARN  com.alibaba.druid.pool.DruidAbstractDataSource - discard long time none received connection. , jdbcUrl : jdbc:mysql://localhost:3306/magicbazaar?useUnicode=true&characterEncoding=utf-8&serverTimeZone=UTC, version : 1.2.8, lastPacketReceivedIdleMillis : 813898
2022-04-02 22:06:46.720 [main] WARN  o.s.boot.autoconfigure.AutoConfigurationPackages - @EnableAutoConfiguration was declared on a class in the default package. Automatic @Repository and @Entity scanning is not enabled.
2022-04-02 22:06:49.278 [main] WARN  c.b.mybatisplus.core.injector.DefaultSqlInjector - class com.a243.magicbazaar.dao.dto.Cart ,Not found @TableId annotation, Cannot use Mybatis-Plus 'xxById' Method.
2022-04-02 22:07:36.722 [main] WARN  o.s.boot.autoconfigure.AutoConfigurationPackages - @EnableAutoConfiguration was declared on a class in the default package. Automatic @Repository and @Entity scanning is not enabled.
2022-04-02 22:07:39.267 [main] WARN  c.b.mybatisplus.core.injector.DefaultSqlInjector - class com.a243.magicbazaar.dao.dto.Cart ,Not found @TableId annotation, Cannot use Mybatis-Plus 'xxById' Method.
2022-04-02 22:09:35.153 [main] WARN  o.s.boot.autoconfigure.AutoConfigurationPackages - @EnableAutoConfiguration was declared on a class in the default package. Automatic @Repository and @Entity scanning is not enabled.
2022-04-02 22:09:37.669 [main] WARN  c.b.mybatisplus.core.injector.DefaultSqlInjector - class com.a243.magicbazaar.dao.dto.Cart ,Not found @TableId annotation, Cannot use Mybatis-Plus 'xxById' Method.
2022-04-02 22:10:58.458 [main] WARN  o.s.boot.autoconfigure.AutoConfigurationPackages - @EnableAutoConfiguration was declared on a class in the default package. Automatic @Repository and @Entity scanning is not enabled.
2022-04-02 22:11:01.104 [main] WARN  c.b.mybatisplus.core.injector.DefaultSqlInjector - class com.a243.magicbazaar.dao.dto.Cart ,Not found @TableId annotation, Cannot use Mybatis-Plus 'xxById' Method.
2022-04-02 22:33:17.538 [main] WARN  o.s.boot.autoconfigure.AutoConfigurationPackages - @EnableAutoConfiguration was declared on a class in the default package. Automatic @Repository and @Entity scanning is not enabled.
2022-04-02 22:33:20.081 [main] WARN  c.b.mybatisplus.core.injector.DefaultSqlInjector - class com.a243.magicbazaar.dao.dto.Cart ,Not found @TableId annotation, Cannot use Mybatis-Plus 'xxById' Method.
2022-04-02 22:33:50.137 [main] WARN  o.s.boot.autoconfigure.AutoConfigurationPackages - @EnableAutoConfiguration was declared on a class in the default package. Automatic @Repository and @Entity scanning is not enabled.
2022-04-02 22:33:52.573 [main] WARN  c.b.mybatisplus.core.injector.DefaultSqlInjector - class com.a243.magicbazaar.dao.dto.Cart ,Not found @TableId annotation, Cannot use Mybatis-Plus 'xxById' Method.
2022-04-02 22:35:56.838 [main] WARN  o.s.boot.autoconfigure.AutoConfigurationPackages - @EnableAutoConfiguration was declared on a class in the default package. Automatic @Repository and @Entity scanning is not enabled.
2022-04-02 22:35:59.377 [main] WARN  c.b.mybatisplus.core.injector.DefaultSqlInjector - class com.a243.magicbazaar.dao.dto.Cart ,Not found @TableId annotation, Cannot use Mybatis-Plus 'xxById' Method.
2022-04-02 22:36:41.566 [main] WARN  o.s.boot.autoconfigure.AutoConfigurationPackages - @EnableAutoConfiguration was declared on a class in the default package. Automatic @Repository and @Entity scanning is not enabled.
2022-04-02 22:36:44.466 [main] WARN  c.b.mybatisplus.core.injector.DefaultSqlInjector - class com.a243.magicbazaar.dao.dto.Cart ,Not found @TableId annotation, Cannot use Mybatis-Plus 'xxById' Method.
2022-04-02 22:37:19.349 [main] WARN  o.s.boot.autoconfigure.AutoConfigurationPackages - @EnableAutoConfiguration was declared on a class in the default package. Automatic @Repository and @Entity scanning is not enabled.
2022-04-02 22:37:21.898 [main] WARN  c.b.mybatisplus.core.injector.DefaultSqlInjector - class com.a243.magicbazaar.dao.dto.Cart ,Not found @TableId annotation, Cannot use Mybatis-Plus 'xxById' Method.
