2022-04-07 10:03:02.955 [main] WARN  o.s.boot.autoconfigure.AutoConfigurationPackages - @EnableAutoConfiguration was declared on a class in the default package. Automatic @Repository and @Entity scanning is not enabled.
2022-04-07 10:03:05.480 [main] WARN  c.b.mybatisplus.core.injector.DefaultSqlInjector - class com.a243.magicbazaar.dao.dto.Cart ,Not found @TableId annotation, Cannot use Mybatis-Plus 'xxById' Method.
2022-04-07 10:06:04.437 [http-nio-8080-exec-7] WARN  com.alibaba.druid.pool.DruidAbstractDataSource - discard long time none received connection. , jdbcUrl : jdbc:mysql://localhost:3306/magicbazaar?useUnicode=true&characterEncoding=utf-8&serverTimeZone=UTC, version : 1.2.8, lastPacketReceivedIdleMillis : 66526
2022-04-07 10:06:04.437 [http-nio-8080-exec-5] WARN  com.alibaba.druid.pool.DruidAbstractDataSource - discard long time none received connection. , jdbcUrl : jdbc:mysql://localhost:3306/magicbazaar?useUnicode=true&characterEncoding=utf-8&serverTimeZone=UTC, version : 1.2.8, lastPacketReceivedIdleMillis : 66545
2022-04-07 10:06:04.437 [http-nio-8080-exec-2] WARN  com.alibaba.druid.pool.DruidAbstractDataSource - discard long time none received connection. , jdbcUrl : jdbc:mysql://localhost:3306/magicbazaar?useUnicode=true&characterEncoding=utf-8&serverTimeZone=UTC, version : 1.2.8, lastPacketReceivedIdleMillis : 105148
2022-04-07 10:08:10.911 [http-nio-8080-exec-6] WARN  com.alibaba.druid.pool.DruidAbstractDataSource - discard long time none received connection. , jdbcUrl : jdbc:mysql://localhost:3306/magicbazaar?useUnicode=true&characterEncoding=utf-8&serverTimeZone=UTC, version : 1.2.8, lastPacketReceivedIdleMillis : 126454
2022-04-07 10:09:13.282 [http-nio-8080-exec-5] WARN  com.alibaba.druid.pool.DruidAbstractDataSource - discard long time none received connection. , jdbcUrl : jdbc:mysql://localhost:3306/magicbazaar?useUnicode=true&characterEncoding=utf-8&serverTimeZone=UTC, version : 1.2.8, lastPacketReceivedIdleMillis : 62333
2022-04-07 10:09:13.282 [http-nio-8080-exec-10] WARN  com.alibaba.druid.pool.DruidAbstractDataSource - discard long time none received connection. , jdbcUrl : jdbc:mysql://localhost:3306/magicbazaar?useUnicode=true&characterEncoding=utf-8&serverTimeZone=UTC, version : 1.2.8, lastPacketReceivedIdleMillis : 62335
2022-04-07 10:12:23.203 [http-nio-8080-exec-3] WARN  com.alibaba.druid.pool.DruidAbstractDataSource - discard long time none received connection. , jdbcUrl : jdbc:mysql://localhost:3306/magicbazaar?useUnicode=true&characterEncoding=utf-8&serverTimeZone=UTC, version : 1.2.8, lastPacketReceivedIdleMillis : 186467
2022-04-07 10:12:23.203 [http-nio-8080-exec-4] WARN  com.alibaba.druid.pool.DruidAbstractDataSource - discard long time none received connection. , jdbcUrl : jdbc:mysql://localhost:3306/magicbazaar?useUnicode=true&characterEncoding=utf-8&serverTimeZone=UTC, version : 1.2.8, lastPacketReceivedIdleMillis : 186465
2022-04-07 10:33:27.169 [http-nio-8080-exec-10] WARN  com.alibaba.druid.pool.DruidAbstractDataSource - discard long time none received connection. , jdbcUrl : jdbc:mysql://localhost:3306/magicbazaar?useUnicode=true&characterEncoding=utf-8&serverTimeZone=UTC, version : 1.2.8, lastPacketReceivedIdleMillis : 1232058
2022-04-07 10:33:27.170 [http-nio-8080-exec-6] WARN  com.alibaba.druid.pool.DruidAbstractDataSource - discard long time none received connection. , jdbcUrl : jdbc:mysql://localhost:3306/magicbazaar?useUnicode=true&characterEncoding=utf-8&serverTimeZone=UTC, version : 1.2.8, lastPacketReceivedIdleMillis : 1232059
2022-04-07 10:33:27.170 [http-nio-8080-exec-2] WARN  com.alibaba.druid.pool.DruidAbstractDataSource - discard long time none received connection. , jdbcUrl : jdbc:mysql://localhost:3306/magicbazaar?useUnicode=true&characterEncoding=utf-8&serverTimeZone=UTC, version : 1.2.8, lastPacketReceivedIdleMillis : 1262380
2022-04-07 10:53:05.743 [main] WARN  o.s.boot.autoconfigure.AutoConfigurationPackages - @EnableAutoConfiguration was declared on a class in the default package. Automatic @Repository and @Entity scanning is not enabled.
2022-04-07 10:53:07.553 [main] WARN  c.b.mybatisplus.core.injector.DefaultSqlInjector - class com.a243.magicbazaar.dao.dto.Cart ,Not found @TableId annotation, Cannot use Mybatis-Plus 'xxById' Method.
2022-04-07 10:58:26.002 [http-nio-8080-exec-10] WARN  com.alibaba.druid.pool.DruidAbstractDataSource - discard long time none received connection. , jdbcUrl : jdbc:mysql://localhost:3306/magicbazaar?useUnicode=true&characterEncoding=utf-8&serverTimeZone=UTC, version : 1.2.8, lastPacketReceivedIdleMillis : 287195
2022-04-07 10:58:26.002 [http-nio-8080-exec-4] WARN  com.alibaba.druid.pool.DruidAbstractDataSource - discard long time none received connection. , jdbcUrl : jdbc:mysql://localhost:3306/magicbazaar?useUnicode=true&characterEncoding=utf-8&serverTimeZone=UTC, version : 1.2.8, lastPacketReceivedIdleMillis : 287183
2022-04-07 10:58:26.004 [http-nio-8080-exec-1] WARN  com.alibaba.druid.pool.DruidAbstractDataSource - discard long time none received connection. , jdbcUrl : jdbc:mysql://localhost:3306/magicbazaar?useUnicode=true&characterEncoding=utf-8&serverTimeZone=UTC, version : 1.2.8, lastPacketReceivedIdleMillis : 287197
2022-04-07 10:58:26.006 [http-nio-8080-exec-3] WARN  com.alibaba.druid.pool.DruidAbstractDataSource - discard long time none received connection. , jdbcUrl : jdbc:mysql://localhost:3306/magicbazaar?useUnicode=true&characterEncoding=utf-8&serverTimeZone=UTC, version : 1.2.8, lastPacketReceivedIdleMillis : 287202
2022-04-07 10:59:29.833 [http-nio-8080-exec-5] WARN  com.alibaba.druid.pool.DruidAbstractDataSource - discard long time none received connection. , jdbcUrl : jdbc:mysql://localhost:3306/magicbazaar?useUnicode=true&characterEncoding=utf-8&serverTimeZone=UTC, version : 1.2.8, lastPacketReceivedIdleMillis : 63803
2022-04-07 12:33:37.097 [taskExecutor-7] WARN  com.alibaba.druid.pool.DruidAbstractDataSource - discard long time none received connection. , jdbcUrl : jdbc:mysql://localhost:3306/magicbazaar?useUnicode=true&characterEncoding=utf-8&serverTimeZone=UTC, version : 1.2.8, lastPacketReceivedIdleMillis : 103030
2022-04-07 12:33:37.100 [taskExecutor-8] WARN  com.alibaba.druid.pool.DruidAbstractDataSource - discard long time none received connection. , jdbcUrl : jdbc:mysql://localhost:3306/magicbazaar?useUnicode=true&characterEncoding=utf-8&serverTimeZone=UTC, version : 1.2.8, lastPacketReceivedIdleMillis : 103041
2022-04-07 13:04:25.315 [main] WARN  o.s.boot.autoconfigure.AutoConfigurationPackages - @EnableAutoConfiguration was declared on a class in the default package. Automatic @Repository and @Entity scanning is not enabled.
2022-04-07 13:04:27.181 [main] WARN  c.b.mybatisplus.core.injector.DefaultSqlInjector - class com.a243.magicbazaar.dao.dto.Cart ,Not found @TableId annotation, Cannot use Mybatis-Plus 'xxById' Method.
2022-04-07 13:09:43.395 [main] WARN  o.s.boot.autoconfigure.AutoConfigurationPackages - @EnableAutoConfiguration was declared on a class in the default package. Automatic @Repository and @Entity scanning is not enabled.
2022-04-07 13:09:45.049 [main] WARN  c.b.mybatisplus.core.injector.DefaultSqlInjector - class com.a243.magicbazaar.dao.dto.Cart ,Not found @TableId annotation, Cannot use Mybatis-Plus 'xxById' Method.
2022-04-07 13:11:15.271 [main] WARN  o.s.boot.autoconfigure.AutoConfigurationPackages - @EnableAutoConfiguration was declared on a class in the default package. Automatic @Repository and @Entity scanning is not enabled.
2022-04-07 13:11:16.850 [main] WARN  c.b.mybatisplus.core.injector.DefaultSqlInjector - class com.a243.magicbazaar.dao.dto.Cart ,Not found @TableId annotation, Cannot use Mybatis-Plus 'xxById' Method.
2022-04-07 13:15:31.985 [main] WARN  o.s.boot.autoconfigure.AutoConfigurationPackages - @EnableAutoConfiguration was declared on a class in the default package. Automatic @Repository and @Entity scanning is not enabled.
2022-04-07 13:15:33.707 [main] WARN  c.b.mybatisplus.core.injector.DefaultSqlInjector - class com.a243.magicbazaar.dao.dto.Cart ,Not found @TableId annotation, Cannot use Mybatis-Plus 'xxById' Method.
2022-04-07 13:26:26.428 [taskExecutor-1] WARN  com.alibaba.druid.pool.DruidAbstractDataSource - discard long time none received connection. , jdbcUrl : jdbc:mysql://localhost:3306/magicbazaar?useUnicode=true&characterEncoding=utf-8&serverTimeZone=UTC, version : 1.2.8, lastPacketReceivedIdleMillis : 500396
2022-04-07 13:43:17.274 [taskExecutor-4] WARN  com.alibaba.druid.pool.DruidAbstractDataSource - discard long time none received connection. , jdbcUrl : jdbc:mysql://localhost:3306/magicbazaar?useUnicode=true&characterEncoding=utf-8&serverTimeZone=UTC, version : 1.2.8, lastPacketReceivedIdleMillis : 680487
2022-04-07 13:43:17.275 [taskExecutor-4] WARN  com.alibaba.druid.pool.DruidAbstractDataSource - discard long time none received connection. , jdbcUrl : jdbc:mysql://localhost:3306/magicbazaar?useUnicode=true&characterEncoding=utf-8&serverTimeZone=UTC, version : 1.2.8, lastPacketReceivedIdleMillis : 1649155
2022-04-07 13:43:17.277 [taskExecutor-4] WARN  com.alibaba.druid.pool.DruidAbstractDataSource - discard long time none received connection. , jdbcUrl : jdbc:mysql://localhost:3306/magicbazaar?useUnicode=true&characterEncoding=utf-8&serverTimeZone=UTC, version : 1.2.8, lastPacketReceivedIdleMillis : 1649158
2022-04-07 13:47:15.188 [main] WARN  o.s.boot.autoconfigure.AutoConfigurationPackages - @EnableAutoConfiguration was declared on a class in the default package. Automatic @Repository and @Entity scanning is not enabled.
2022-04-07 13:47:16.926 [main] WARN  c.b.mybatisplus.core.injector.DefaultSqlInjector - class com.a243.magicbazaar.dao.dto.Cart ,Not found @TableId annotation, Cannot use Mybatis-Plus 'xxById' Method.
2022-04-07 13:48:07.544 [main] WARN  o.s.boot.autoconfigure.AutoConfigurationPackages - @EnableAutoConfiguration was declared on a class in the default package. Automatic @Repository and @Entity scanning is not enabled.
2022-04-07 13:48:09.234 [main] WARN  c.b.mybatisplus.core.injector.DefaultSqlInjector - class com.a243.magicbazaar.dao.dto.Cart ,Not found @TableId annotation, Cannot use Mybatis-Plus 'xxById' Method.
2022-04-07 13:53:32.295 [main] WARN  o.s.boot.autoconfigure.AutoConfigurationPackages - @EnableAutoConfiguration was declared on a class in the default package. Automatic @Repository and @Entity scanning is not enabled.
2022-04-07 13:53:33.967 [main] WARN  c.b.mybatisplus.core.injector.DefaultSqlInjector - class com.a243.magicbazaar.dao.dto.Cart ,Not found @TableId annotation, Cannot use Mybatis-Plus 'xxById' Method.
2022-04-07 13:55:44.370 [main] WARN  o.s.boot.autoconfigure.AutoConfigurationPackages - @EnableAutoConfiguration was declared on a class in the default package. Automatic @Repository and @Entity scanning is not enabled.
2022-04-07 13:55:45.135 [main] WARN  o.s.b.w.s.c.AnnotationConfigServletWebServerApplicationContext - Exception encountered during context initialization - cancelling refresh attempt: org.springframework.beans.factory.UnsatisfiedDependencyException: Error creating bean with name 'permissionInterceptor': Unsatisfied dependency expressed through method 'setStaffRoleMapper' parameter 0; nested exception is org.springframework.beans.factory.UnsatisfiedDependencyException: Error creating bean with name 'staffRoleMapper' defined in file [D:\Idea-Project\magicbazaar\magicbazaar-mapper\target\classes\com\a243\magicbazaar\dao\mapper\StaffRoleMapper.class]: Unsatisfied dependency expressed through bean property 'sqlSessionFactory'; nested exception is org.springframework.beans.factory.UnsatisfiedDependencyException: Error creating bean with name 'com.baomidou.mybatisplus.autoconfigure.MybatisPlusAutoConfiguration': Unsatisfied dependency expressed through constructor parameter 0; nested exception is org.springframework.boot.context.properties.ConfigurationPropertiesBindException: Error creating bean with name 'mybatis-plus-com.baomidou.mybatisplus.autoconfigure.MybatisPlusProperties': Could not bind properties to 'MybatisPlusProperties' : prefix=mybatis-plus, ignoreInvalidFields=false, ignoreUnknownFields=true; nested exception is org.springframework.boot.context.properties.bind.BindException: Failed to bind properties under 'mybatis-plus.configuration' to com.baomidou.mybatisplus.core.MybatisConfiguration
2022-04-07 13:56:10.681 [main] WARN  o.s.boot.autoconfigure.AutoConfigurationPackages - @EnableAutoConfiguration was declared on a class in the default package. Automatic @Repository and @Entity scanning is not enabled.
2022-04-07 13:56:12.336 [main] WARN  c.b.mybatisplus.core.metadata.TableInfoHelper - Can not find table primary key in Class: "com.a243.magicbazaar.dao.dto.Cart".
2022-04-07 13:56:12.336 [main] WARN  c.b.mybatisplus.core.injector.DefaultSqlInjector - class com.a243.magicbazaar.dao.dto.Cart ,Not found @TableId annotation, Cannot use Mybatis-Plus 'xxById' Method.
2022-04-07 13:56:53.081 [main] WARN  o.s.boot.autoconfigure.AutoConfigurationPackages - @EnableAutoConfiguration was declared on a class in the default package. Automatic @Repository and @Entity scanning is not enabled.
2022-04-07 13:56:54.674 [main] WARN  c.b.mybatisplus.core.metadata.TableInfoHelper - Can not find table primary key in Class: "com.a243.magicbazaar.dao.dto.Cart".
2022-04-07 13:56:54.674 [main] WARN  c.b.mybatisplus.core.injector.DefaultSqlInjector - class com.a243.magicbazaar.dao.dto.Cart ,Not found @TableId annotation, Cannot use Mybatis-Plus 'xxById' Method.
2022-04-07 13:59:50.665 [main] WARN  o.s.boot.autoconfigure.AutoConfigurationPackages - @EnableAutoConfiguration was declared on a class in the default package. Automatic @Repository and @Entity scanning is not enabled.
2022-04-07 13:59:52.326 [main] WARN  c.b.mybatisplus.core.metadata.TableInfoHelper - Can not find table primary key in Class: "com.a243.magicbazaar.dao.dto.Cart".
2022-04-07 13:59:52.327 [main] WARN  c.b.mybatisplus.core.injector.DefaultSqlInjector - class com.a243.magicbazaar.dao.dto.Cart ,Not found @TableId annotation, Cannot use Mybatis-Plus 'xxById' Method.
2022-04-07 14:01:20.474 [main] WARN  o.s.boot.autoconfigure.AutoConfigurationPackages - @EnableAutoConfiguration was declared on a class in the default package. Automatic @Repository and @Entity scanning is not enabled.
2022-04-07 14:01:22.341 [main] WARN  c.b.mybatisplus.core.metadata.TableInfoHelper - Can not find table primary key in Class: "com.a243.magicbazaar.dao.dto.Cart".
2022-04-07 14:01:22.341 [main] WARN  c.b.mybatisplus.core.injector.DefaultSqlInjector - class com.a243.magicbazaar.dao.dto.Cart ,Not found @TableId annotation, Cannot use Mybatis-Plus 'xxById' Method.
2022-04-07 14:01:49.214 [main] WARN  o.s.boot.autoconfigure.AutoConfigurationPackages - @EnableAutoConfiguration was declared on a class in the default package. Automatic @Repository and @Entity scanning is not enabled.
2022-04-07 14:01:50.854 [main] WARN  c.b.mybatisplus.core.metadata.TableInfoHelper - Can not find table primary key in Class: "com.a243.magicbazaar.dao.dto.Cart".
2022-04-07 14:01:50.854 [main] WARN  c.b.mybatisplus.core.injector.DefaultSqlInjector - class com.a243.magicbazaar.dao.dto.Cart ,Not found @TableId annotation, Cannot use Mybatis-Plus 'xxById' Method.
2022-04-07 14:03:21.392 [main] WARN  o.s.boot.autoconfigure.AutoConfigurationPackages - @EnableAutoConfiguration was declared on a class in the default package. Automatic @Repository and @Entity scanning is not enabled.
2022-04-07 14:03:23.077 [main] WARN  c.b.mybatisplus.core.metadata.TableInfoHelper - Can not find table primary key in Class: "com.a243.magicbazaar.dao.dto.Cart".
2022-04-07 14:03:23.077 [main] WARN  c.b.mybatisplus.core.injector.DefaultSqlInjector - class com.a243.magicbazaar.dao.dto.Cart ,Not found @TableId annotation, Cannot use Mybatis-Plus 'xxById' Method.
2022-04-07 14:04:15.008 [main] WARN  o.s.boot.autoconfigure.AutoConfigurationPackages - @EnableAutoConfiguration was declared on a class in the default package. Automatic @Repository and @Entity scanning is not enabled.
2022-04-07 14:04:16.787 [main] WARN  c.b.mybatisplus.core.metadata.TableInfoHelper - Can not find table primary key in Class: "com.a243.magicbazaar.dao.dto.Cart".
2022-04-07 14:04:16.788 [main] WARN  c.b.mybatisplus.core.injector.DefaultSqlInjector - class com.a243.magicbazaar.dao.dto.Cart ,Not found @TableId annotation, Cannot use Mybatis-Plus 'xxById' Method.
2022-04-07 14:06:56.229 [taskExecutor-7] WARN  com.alibaba.druid.pool.DruidAbstractDataSource - discard long time none received connection. , jdbcUrl : jdbc:mysql://localhost:3306/magicbazaar?useUnicode=true&characterEncoding=utf-8&serverTimeZone=UTC, version : 1.2.8, lastPacketReceivedIdleMillis : 66018
2022-04-07 14:06:56.229 [taskExecutor-8] WARN  com.alibaba.druid.pool.DruidAbstractDataSource - discard long time none received connection. , jdbcUrl : jdbc:mysql://localhost:3306/magicbazaar?useUnicode=true&characterEncoding=utf-8&serverTimeZone=UTC, version : 1.2.8, lastPacketReceivedIdleMillis : 64895
2022-04-07 14:06:56.748 [taskExecutor-8] WARN  com.alibaba.druid.pool.DruidAbstractDataSource - discard long time none received connection. , jdbcUrl : jdbc:mysql://localhost:3306/magicbazaar?useUnicode=true&characterEncoding=utf-8&serverTimeZone=UTC, version : 1.2.8, lastPacketReceivedIdleMillis : 149683
2022-04-07 14:08:07.990 [main] WARN  o.s.boot.autoconfigure.AutoConfigurationPackages - @EnableAutoConfiguration was declared on a class in the default package. Automatic @Repository and @Entity scanning is not enabled.
2022-04-07 14:08:09.716 [main] WARN  c.b.mybatisplus.core.metadata.TableInfoHelper - Can not find table primary key in Class: "com.a243.magicbazaar.dao.dto.Cart".
2022-04-07 14:08:09.717 [main] WARN  c.b.mybatisplus.core.injector.DefaultSqlInjector - class com.a243.magicbazaar.dao.dto.Cart ,Not found @TableId annotation, Cannot use Mybatis-Plus 'xxById' Method.
2022-04-07 14:25:34.090 [main] WARN  o.s.boot.autoconfigure.AutoConfigurationPackages - @EnableAutoConfiguration was declared on a class in the default package. Automatic @Repository and @Entity scanning is not enabled.
2022-04-07 14:25:35.925 [main] WARN  c.b.mybatisplus.core.metadata.TableInfoHelper - Can not find table primary key in Class: "com.a243.magicbazaar.dao.dto.Cart".
2022-04-07 14:25:35.925 [main] WARN  c.b.mybatisplus.core.injector.DefaultSqlInjector - class com.a243.magicbazaar.dao.dto.Cart ,Not found @TableId annotation, Cannot use Mybatis-Plus 'xxById' Method.
2022-04-07 14:27:41.404 [main] WARN  o.s.boot.autoconfigure.AutoConfigurationPackages - @EnableAutoConfiguration was declared on a class in the default package. Automatic @Repository and @Entity scanning is not enabled.
2022-04-07 14:27:42.930 [main] WARN  c.b.mybatisplus.core.metadata.TableInfoHelper - Can not find table primary key in Class: "com.a243.magicbazaar.dao.dto.Cart".
2022-04-07 14:27:42.930 [main] WARN  c.b.mybatisplus.core.injector.DefaultSqlInjector - class com.a243.magicbazaar.dao.dto.Cart ,Not found @TableId annotation, Cannot use Mybatis-Plus 'xxById' Method.
2022-04-07 14:29:09.874 [main] WARN  o.s.boot.autoconfigure.AutoConfigurationPackages - @EnableAutoConfiguration was declared on a class in the default package. Automatic @Repository and @Entity scanning is not enabled.
2022-04-07 14:29:11.559 [main] WARN  c.b.mybatisplus.core.metadata.TableInfoHelper - Can not find table primary key in Class: "com.a243.magicbazaar.dao.dto.Cart".
2022-04-07 14:29:11.559 [main] WARN  c.b.mybatisplus.core.injector.DefaultSqlInjector - class com.a243.magicbazaar.dao.dto.Cart ,Not found @TableId annotation, Cannot use Mybatis-Plus 'xxById' Method.
2022-04-07 14:30:45.528 [main] WARN  o.s.boot.autoconfigure.AutoConfigurationPackages - @EnableAutoConfiguration was declared on a class in the default package. Automatic @Repository and @Entity scanning is not enabled.
2022-04-07 14:30:47.421 [main] WARN  c.b.mybatisplus.core.metadata.TableInfoHelper - Can not find table primary key in Class: "com.a243.magicbazaar.dao.dto.Cart".
2022-04-07 14:30:47.421 [main] WARN  c.b.mybatisplus.core.injector.DefaultSqlInjector - class com.a243.magicbazaar.dao.dto.Cart ,Not found @TableId annotation, Cannot use Mybatis-Plus 'xxById' Method.
2022-04-07 14:33:32.301 [http-nio-8080-exec-9] WARN  com.alibaba.druid.pool.DruidAbstractDataSource - discard long time none received connection. , jdbcUrl : jdbc:mysql://localhost:3306/magicbazaar?useUnicode=true&characterEncoding=utf-8&serverTimeZone=UTC, version : 1.2.8, lastPacketReceivedIdleMillis : 159667
2022-04-07 14:33:32.301 [http-nio-8080-exec-2] WARN  com.alibaba.druid.pool.DruidAbstractDataSource - discard long time none received connection. , jdbcUrl : jdbc:mysql://localhost:3306/magicbazaar?useUnicode=true&characterEncoding=utf-8&serverTimeZone=UTC, version : 1.2.8, lastPacketReceivedIdleMillis : 159653
2022-04-07 14:57:56.832 [main] WARN  o.s.boot.autoconfigure.AutoConfigurationPackages - @EnableAutoConfiguration was declared on a class in the default package. Automatic @Repository and @Entity scanning is not enabled.
2022-04-07 14:57:58.410 [main] WARN  c.b.mybatisplus.core.metadata.TableInfoHelper - Can not find table primary key in Class: "com.a243.magicbazaar.dao.dto.Cart".
2022-04-07 14:57:58.410 [main] WARN  c.b.mybatisplus.core.injector.DefaultSqlInjector - class com.a243.magicbazaar.dao.dto.Cart ,Not found @TableId annotation, Cannot use Mybatis-Plus 'xxById' Method.
2022-04-07 15:01:26.612 [main] WARN  o.s.boot.autoconfigure.AutoConfigurationPackages - @EnableAutoConfiguration was declared on a class in the default package. Automatic @Repository and @Entity scanning is not enabled.
2022-04-07 15:01:28.209 [main] WARN  c.b.mybatisplus.core.metadata.TableInfoHelper - Can not find table primary key in Class: "com.a243.magicbazaar.dao.dto.Cart".
2022-04-07 15:01:28.209 [main] WARN  c.b.mybatisplus.core.injector.DefaultSqlInjector - class com.a243.magicbazaar.dao.dto.Cart ,Not found @TableId annotation, Cannot use Mybatis-Plus 'xxById' Method.
2022-04-07 15:02:10.688 [main] WARN  o.s.boot.autoconfigure.AutoConfigurationPackages - @EnableAutoConfiguration was declared on a class in the default package. Automatic @Repository and @Entity scanning is not enabled.
2022-04-07 15:02:12.529 [main] WARN  c.b.mybatisplus.core.metadata.TableInfoHelper - Can not find table primary key in Class: "com.a243.magicbazaar.dao.dto.Cart".
2022-04-07 15:02:12.529 [main] WARN  c.b.mybatisplus.core.injector.DefaultSqlInjector - class com.a243.magicbazaar.dao.dto.Cart ,Not found @TableId annotation, Cannot use Mybatis-Plus 'xxById' Method.
2022-04-07 15:04:35.533 [http-nio-8080-exec-6] WARN  com.alibaba.druid.pool.DruidAbstractDataSource - discard long time none received connection. , jdbcUrl : jdbc:mysql://localhost:3306/magicbazaar?useUnicode=true&characterEncoding=utf-8&serverTimeZone=UTC, version : 1.2.8, lastPacketReceivedIdleMillis : 139465
2022-04-07 15:04:35.533 [http-nio-8080-exec-5] WARN  com.alibaba.druid.pool.DruidAbstractDataSource - discard long time none received connection. , jdbcUrl : jdbc:mysql://localhost:3306/magicbazaar?useUnicode=true&characterEncoding=utf-8&serverTimeZone=UTC, version : 1.2.8, lastPacketReceivedIdleMillis : 139465
2022-04-07 15:09:38.787 [main] WARN  o.s.boot.autoconfigure.AutoConfigurationPackages - @EnableAutoConfiguration was declared on a class in the default package. Automatic @Repository and @Entity scanning is not enabled.
2022-04-07 15:09:40.450 [main] WARN  c.b.mybatisplus.core.metadata.TableInfoHelper - Can not find table primary key in Class: "com.a243.magicbazaar.dao.dto.Cart".
2022-04-07 15:09:40.451 [main] WARN  c.b.mybatisplus.core.injector.DefaultSqlInjector - class com.a243.magicbazaar.dao.dto.Cart ,Not found @TableId annotation, Cannot use Mybatis-Plus 'xxById' Method.
2022-04-07 15:12:35.944 [main] WARN  o.s.boot.autoconfigure.AutoConfigurationPackages - @EnableAutoConfiguration was declared on a class in the default package. Automatic @Repository and @Entity scanning is not enabled.
2022-04-07 15:12:37.678 [main] WARN  c.b.mybatisplus.core.metadata.TableInfoHelper - Can not find table primary key in Class: "com.a243.magicbazaar.dao.dto.Cart".
2022-04-07 15:12:37.678 [main] WARN  c.b.mybatisplus.core.injector.DefaultSqlInjector - class com.a243.magicbazaar.dao.dto.Cart ,Not found @TableId annotation, Cannot use Mybatis-Plus 'xxById' Method.
2022-04-07 15:35:46.804 [http-nio-8080-exec-3] WARN  com.alibaba.druid.pool.DruidAbstractDataSource - discard long time none received connection. , jdbcUrl : jdbc:mysql://localhost:3306/magicbazaar?useUnicode=true&characterEncoding=utf-8&serverTimeZone=UTC, version : 1.2.8, lastPacketReceivedIdleMillis : 1384406
2022-04-07 15:35:46.804 [http-nio-8080-exec-3] WARN  com.alibaba.druid.pool.DruidAbstractDataSource - discard long time none received connection. , jdbcUrl : jdbc:mysql://localhost:3306/magicbazaar?useUnicode=true&characterEncoding=utf-8&serverTimeZone=UTC, version : 1.2.8, lastPacketReceivedIdleMillis : 1384416
2022-04-07 15:42:11.094 [taskExecutor-6] WARN  com.alibaba.druid.pool.DruidAbstractDataSource - discard long time none received connection. , jdbcUrl : jdbc:mysql://localhost:3306/magicbazaar?useUnicode=true&characterEncoding=utf-8&serverTimeZone=UTC, version : 1.2.8, lastPacketReceivedIdleMillis : 80177
2022-04-07 15:42:11.095 [taskExecutor-6] WARN  com.alibaba.druid.pool.DruidAbstractDataSource - discard long time none received connection. , jdbcUrl : jdbc:mysql://localhost:3306/magicbazaar?useUnicode=true&characterEncoding=utf-8&serverTimeZone=UTC, version : 1.2.8, lastPacketReceivedIdleMillis : 374261
2022-04-07 15:42:11.097 [taskExecutor-6] WARN  com.alibaba.druid.pool.DruidAbstractDataSource - discard long time none received connection. , jdbcUrl : jdbc:mysql://localhost:3306/magicbazaar?useUnicode=true&characterEncoding=utf-8&serverTimeZone=UTC, version : 1.2.8, lastPacketReceivedIdleMillis : 374267
2022-04-07 15:42:11.098 [taskExecutor-6] WARN  com.alibaba.druid.pool.DruidAbstractDataSource - discard long time none received connection. , jdbcUrl : jdbc:mysql://localhost:3306/magicbazaar?useUnicode=true&characterEncoding=utf-8&serverTimeZone=UTC, version : 1.2.8, lastPacketReceivedIdleMillis : 374269
2022-04-07 15:42:17.480 [main] WARN  o.s.boot.autoconfigure.AutoConfigurationPackages - @EnableAutoConfiguration was declared on a class in the default package. Automatic @Repository and @Entity scanning is not enabled.
2022-04-07 15:42:19.926 [main] WARN  c.b.mybatisplus.core.metadata.TableInfoHelper - Can not find table primary key in Class: "com.a243.magicbazaar.dao.dto.Cart".
2022-04-07 15:42:19.926 [main] WARN  c.b.mybatisplus.core.injector.DefaultSqlInjector - class com.a243.magicbazaar.dao.dto.Cart ,Not found @TableId annotation, Cannot use Mybatis-Plus 'xxById' Method.
2022-04-07 15:42:21.822 [main] WARN  o.s.b.w.s.c.AnnotationConfigServletWebServerApplicationContext - Exception encountered during context initialization - cancelling refresh attempt: org.springframework.beans.factory.UnsatisfiedDependencyException: Error creating bean with name 'orderScheduledTask' defined in file [D:\Idea-Project\magicbazaar\magicbazaar-util\target\classes\com\a243\magicbazaar\util\scheduled\OrderScheduledTask.class]: Unsatisfied dependency expressed through constructor parameter 0; nested exception is org.springframework.beans.factory.BeanCreationException: Error creating bean with name 'orderSql' defined in file [D:\Idea-Project\magicbazaar\magicbazaar-util\target\classes\com\a243\magicbazaar\util\scheduled\sql\OrderSql.class]: Invocation of init method failed; nested exception is java.lang.IllegalArgumentException: org.apache.ibatis.builder.BuilderException: Detected conflicting annotations '@org.apache.ibatis.annotations.Update(databaseId="", value={"update magicbazaar.mb_order set order_type_id = 16 where create_time < (now(), interval 1 day)"})' and '@org.apache.ibatis.annotations.Update(databaseId="", value={"update magicbazaar.mb_order_info set order_type_id = 16 where order_id in (select mcmcvi.id from (select mb_order.id from magicbazaar.mb_order where mb_order.order_type_id = 16) as mcmcvi)"})' on 'com.a243.magicbazaar.util.scheduled.sql.OrderSql.timeout'.
2022-04-07 15:47:36.414 [main] WARN  o.s.boot.autoconfigure.AutoConfigurationPackages - @EnableAutoConfiguration was declared on a class in the default package. Automatic @Repository and @Entity scanning is not enabled.
2022-04-07 15:47:37.966 [main] WARN  c.b.mybatisplus.core.metadata.TableInfoHelper - Can not find table primary key in Class: "com.a243.magicbazaar.dao.dto.Cart".
2022-04-07 15:47:37.966 [main] WARN  c.b.mybatisplus.core.injector.DefaultSqlInjector - class com.a243.magicbazaar.dao.dto.Cart ,Not found @TableId annotation, Cannot use Mybatis-Plus 'xxById' Method.
2022-04-07 15:47:39.098 [main] WARN  o.s.b.w.s.c.AnnotationConfigServletWebServerApplicationContext - Exception encountered during context initialization - cancelling refresh attempt: org.springframework.beans.factory.UnsatisfiedDependencyException: Error creating bean with name 'orderScheduledTask' defined in file [D:\Idea-Project\magicbazaar\magicbazaar-util\target\classes\com\a243\magicbazaar\util\scheduled\OrderScheduledTask.class]: Unsatisfied dependency expressed through constructor parameter 0; nested exception is org.springframework.beans.factory.BeanCreationException: Error creating bean with name 'orderSql' defined in file [D:\Idea-Project\magicbazaar\magicbazaar-util\target\classes\com\a243\magicbazaar\util\scheduled\sql\OrderSql.class]: Invocation of init method failed; nested exception is java.lang.IllegalArgumentException: org.apache.ibatis.builder.BuilderException: Detected conflicting annotations '@org.apache.ibatis.annotations.Update(databaseId="", value={"update magicbazaar.mb_order set order_type_id = 16 where create_time < date_sub(now(), interval 1 day) and order_type_id = 1"})' and '@org.apache.ibatis.annotations.Update(databaseId="", value={"update magicbazaar.mb_order_info set order_type_id = 16 where order_id in (select mcmcvi.id from (select mb_order.id from magicbazaar.mb_order where mb_order.order_type_id = 16) as mcmcvi)"})' on 'com.a243.magicbazaar.util.scheduled.sql.OrderSql.timeout'.
2022-04-07 15:51:00.227 [main] WARN  o.s.boot.autoconfigure.AutoConfigurationPackages - @EnableAutoConfiguration was declared on a class in the default package. Automatic @Repository and @Entity scanning is not enabled.
2022-04-07 15:51:01.910 [main] WARN  c.b.mybatisplus.core.metadata.TableInfoHelper - Can not find table primary key in Class: "com.a243.magicbazaar.dao.dto.Cart".
2022-04-07 15:51:01.910 [main] WARN  c.b.mybatisplus.core.injector.DefaultSqlInjector - class com.a243.magicbazaar.dao.dto.Cart ,Not found @TableId annotation, Cannot use Mybatis-Plus 'xxById' Method.
2022-04-07 16:06:51.395 [main] WARN  o.s.boot.autoconfigure.AutoConfigurationPackages - @EnableAutoConfiguration was declared on a class in the default package. Automatic @Repository and @Entity scanning is not enabled.
2022-04-07 16:06:53.051 [main] WARN  c.b.mybatisplus.core.metadata.TableInfoHelper - Can not find table primary key in Class: "com.a243.magicbazaar.dao.dto.Cart".
2022-04-07 16:06:53.051 [main] WARN  c.b.mybatisplus.core.injector.DefaultSqlInjector - class com.a243.magicbazaar.dao.dto.Cart ,Not found @TableId annotation, Cannot use Mybatis-Plus 'xxById' Method.
2022-04-07 16:19:51.061 [main] WARN  o.s.boot.autoconfigure.AutoConfigurationPackages - @EnableAutoConfiguration was declared on a class in the default package. Automatic @Repository and @Entity scanning is not enabled.
2022-04-07 16:19:52.699 [main] WARN  c.b.mybatisplus.core.metadata.TableInfoHelper - Can not find table primary key in Class: "com.a243.magicbazaar.dao.dto.Cart".
2022-04-07 16:19:52.699 [main] WARN  c.b.mybatisplus.core.injector.DefaultSqlInjector - class com.a243.magicbazaar.dao.dto.Cart ,Not found @TableId annotation, Cannot use Mybatis-Plus 'xxById' Method.
2022-04-07 16:22:53.986 [main] WARN  o.s.boot.autoconfigure.AutoConfigurationPackages - @EnableAutoConfiguration was declared on a class in the default package. Automatic @Repository and @Entity scanning is not enabled.
2022-04-07 16:22:55.608 [main] WARN  c.b.mybatisplus.core.metadata.TableInfoHelper - Can not find table primary key in Class: "com.a243.magicbazaar.dao.dto.Cart".
2022-04-07 16:22:55.608 [main] WARN  c.b.mybatisplus.core.injector.DefaultSqlInjector - class com.a243.magicbazaar.dao.dto.Cart ,Not found @TableId annotation, Cannot use Mybatis-Plus 'xxById' Method.
2022-04-07 17:12:30.515 [http-nio-8080-exec-5] WARN  com.alibaba.druid.pool.DruidAbstractDataSource - discard long time none received connection. , jdbcUrl : jdbc:mysql://localhost:3306/magicbazaar?useUnicode=true&characterEncoding=utf-8&serverTimeZone=UTC, version : 1.2.8, lastPacketReceivedIdleMillis : 155370
2022-04-07 17:50:58.651 [main] WARN  o.s.boot.autoconfigure.AutoConfigurationPackages - @EnableAutoConfiguration was declared on a class in the default package. Automatic @Repository and @Entity scanning is not enabled.
2022-04-07 17:51:00.283 [main] WARN  c.b.mybatisplus.core.metadata.TableInfoHelper - Can not find table primary key in Class: "com.a243.magicbazaar.dao.dto.Cart".
2022-04-07 17:51:00.283 [main] WARN  c.b.mybatisplus.core.injector.DefaultSqlInjector - class com.a243.magicbazaar.dao.dto.Cart ,Not found @TableId annotation, Cannot use Mybatis-Plus 'xxById' Method.
2022-04-07 17:53:03.672 [main] WARN  o.s.boot.autoconfigure.AutoConfigurationPackages - @EnableAutoConfiguration was declared on a class in the default package. Automatic @Repository and @Entity scanning is not enabled.
2022-04-07 17:53:05.329 [main] WARN  c.b.mybatisplus.core.metadata.TableInfoHelper - Can not find table primary key in Class: "com.a243.magicbazaar.dao.dto.Cart".
2022-04-07 17:53:05.329 [main] WARN  c.b.mybatisplus.core.injector.DefaultSqlInjector - class com.a243.magicbazaar.dao.dto.Cart ,Not found @TableId annotation, Cannot use Mybatis-Plus 'xxById' Method.
2022-04-07 17:55:05.272 [main] WARN  o.s.boot.autoconfigure.AutoConfigurationPackages - @EnableAutoConfiguration was declared on a class in the default package. Automatic @Repository and @Entity scanning is not enabled.
2022-04-07 17:55:06.849 [main] WARN  c.b.mybatisplus.core.metadata.TableInfoHelper - Can not find table primary key in Class: "com.a243.magicbazaar.dao.dto.Cart".
2022-04-07 17:55:06.849 [main] WARN  c.b.mybatisplus.core.injector.DefaultSqlInjector - class com.a243.magicbazaar.dao.dto.Cart ,Not found @TableId annotation, Cannot use Mybatis-Plus 'xxById' Method.
2022-04-07 17:57:08.896 [main] WARN  o.s.boot.autoconfigure.AutoConfigurationPackages - @EnableAutoConfiguration was declared on a class in the default package. Automatic @Repository and @Entity scanning is not enabled.
2022-04-07 17:57:10.773 [main] WARN  c.b.mybatisplus.core.metadata.TableInfoHelper - Can not find table primary key in Class: "com.a243.magicbazaar.dao.dto.Cart".
2022-04-07 17:57:10.773 [main] WARN  c.b.mybatisplus.core.injector.DefaultSqlInjector - class com.a243.magicbazaar.dao.dto.Cart ,Not found @TableId annotation, Cannot use Mybatis-Plus 'xxById' Method.
2022-04-07 17:58:46.023 [taskExecutor-9] WARN  com.alibaba.druid.pool.DruidAbstractDataSource - discard long time none received connection. , jdbcUrl : jdbc:mysql://localhost:3306/magicbazaar?useUnicode=true&characterEncoding=utf-8&serverTimeZone=UTC, version : 1.2.8, lastPacketReceivedIdleMillis : 83046
2022-04-07 17:58:46.023 [taskExecutor-7] WARN  com.alibaba.druid.pool.DruidAbstractDataSource - discard long time none received connection. , jdbcUrl : jdbc:mysql://localhost:3306/magicbazaar?useUnicode=true&characterEncoding=utf-8&serverTimeZone=UTC, version : 1.2.8, lastPacketReceivedIdleMillis : 91040
2022-04-07 17:58:46.023 [taskExecutor-8] WARN  com.alibaba.druid.pool.DruidAbstractDataSource - discard long time none received connection. , jdbcUrl : jdbc:mysql://localhost:3306/magicbazaar?useUnicode=true&characterEncoding=utf-8&serverTimeZone=UTC, version : 1.2.8, lastPacketReceivedIdleMillis : 83045
2022-04-07 17:58:53.777 [main] WARN  o.s.boot.autoconfigure.AutoConfigurationPackages - @EnableAutoConfiguration was declared on a class in the default package. Automatic @Repository and @Entity scanning is not enabled.
2022-04-07 17:58:55.470 [main] WARN  c.b.mybatisplus.core.metadata.TableInfoHelper - Can not find table primary key in Class: "com.a243.magicbazaar.dao.dto.Cart".
2022-04-07 17:58:55.470 [main] WARN  c.b.mybatisplus.core.injector.DefaultSqlInjector - class com.a243.magicbazaar.dao.dto.Cart ,Not found @TableId annotation, Cannot use Mybatis-Plus 'xxById' Method.
2022-04-07 18:00:05.174 [http-nio-8080-exec-8] WARN  com.alibaba.druid.pool.DruidAbstractDataSource - discard long time none received connection. , jdbcUrl : jdbc:mysql://localhost:3306/magicbazaar?useUnicode=true&characterEncoding=utf-8&serverTimeZone=UTC, version : 1.2.8, lastPacketReceivedIdleMillis : 65835
2022-04-07 18:01:41.523 [http-nio-8080-exec-6] WARN  com.alibaba.druid.pool.DruidAbstractDataSource - discard long time none received connection. , jdbcUrl : jdbc:mysql://localhost:3306/magicbazaar?useUnicode=true&characterEncoding=utf-8&serverTimeZone=UTC, version : 1.2.8, lastPacketReceivedIdleMillis : 96345
2022-04-07 18:03:03.007 [main] WARN  o.s.boot.autoconfigure.AutoConfigurationPackages - @EnableAutoConfiguration was declared on a class in the default package. Automatic @Repository and @Entity scanning is not enabled.
2022-04-07 18:03:04.796 [main] WARN  c.b.mybatisplus.core.metadata.TableInfoHelper - Can not find table primary key in Class: "com.a243.magicbazaar.dao.dto.Cart".
2022-04-07 18:03:04.796 [main] WARN  c.b.mybatisplus.core.injector.DefaultSqlInjector - class com.a243.magicbazaar.dao.dto.Cart ,Not found @TableId annotation, Cannot use Mybatis-Plus 'xxById' Method.
2022-04-07 18:04:29.187 [http-nio-8080-exec-7] WARN  com.alibaba.druid.pool.DruidAbstractDataSource - discard long time none received connection. , jdbcUrl : jdbc:mysql://localhost:3306/magicbazaar?useUnicode=true&characterEncoding=utf-8&serverTimeZone=UTC, version : 1.2.8, lastPacketReceivedIdleMillis : 81028
2022-04-07 18:04:57.403 [main] WARN  o.s.boot.autoconfigure.AutoConfigurationPackages - @EnableAutoConfiguration was declared on a class in the default package. Automatic @Repository and @Entity scanning is not enabled.
2022-04-07 18:04:59.075 [main] WARN  c.b.mybatisplus.core.metadata.TableInfoHelper - Can not find table primary key in Class: "com.a243.magicbazaar.dao.dto.Cart".
2022-04-07 18:04:59.075 [main] WARN  c.b.mybatisplus.core.injector.DefaultSqlInjector - class com.a243.magicbazaar.dao.dto.Cart ,Not found @TableId annotation, Cannot use Mybatis-Plus 'xxById' Method.
2022-04-07 18:06:20.097 [main] WARN  o.s.boot.autoconfigure.AutoConfigurationPackages - @EnableAutoConfiguration was declared on a class in the default package. Automatic @Repository and @Entity scanning is not enabled.
2022-04-07 18:06:21.995 [main] WARN  c.b.mybatisplus.core.metadata.TableInfoHelper - Can not find table primary key in Class: "com.a243.magicbazaar.dao.dto.Cart".
2022-04-07 18:06:21.995 [main] WARN  c.b.mybatisplus.core.injector.DefaultSqlInjector - class com.a243.magicbazaar.dao.dto.Cart ,Not found @TableId annotation, Cannot use Mybatis-Plus 'xxById' Method.
2022-04-07 18:07:58.159 [main] WARN  o.s.boot.autoconfigure.AutoConfigurationPackages - @EnableAutoConfiguration was declared on a class in the default package. Automatic @Repository and @Entity scanning is not enabled.
2022-04-07 18:08:00.024 [main] WARN  c.b.mybatisplus.core.metadata.TableInfoHelper - Can not find table primary key in Class: "com.a243.magicbazaar.dao.dto.Cart".
2022-04-07 18:08:00.024 [main] WARN  c.b.mybatisplus.core.injector.DefaultSqlInjector - class com.a243.magicbazaar.dao.dto.Cart ,Not found @TableId annotation, Cannot use Mybatis-Plus 'xxById' Method.
2022-04-07 18:08:28.559 [main] WARN  o.s.boot.autoconfigure.AutoConfigurationPackages - @EnableAutoConfiguration was declared on a class in the default package. Automatic @Repository and @Entity scanning is not enabled.
2022-04-07 18:08:30.115 [main] WARN  c.b.mybatisplus.core.metadata.TableInfoHelper - Can not find table primary key in Class: "com.a243.magicbazaar.dao.dto.Cart".
2022-04-07 18:08:30.115 [main] WARN  c.b.mybatisplus.core.injector.DefaultSqlInjector - class com.a243.magicbazaar.dao.dto.Cart ,Not found @TableId annotation, Cannot use Mybatis-Plus 'xxById' Method.
2022-04-07 18:09:56.579 [main] WARN  o.s.boot.autoconfigure.AutoConfigurationPackages - @EnableAutoConfiguration was declared on a class in the default package. Automatic @Repository and @Entity scanning is not enabled.
2022-04-07 18:09:58.313 [main] WARN  c.b.mybatisplus.core.metadata.TableInfoHelper - Can not find table primary key in Class: "com.a243.magicbazaar.dao.dto.Cart".
2022-04-07 18:09:58.314 [main] WARN  c.b.mybatisplus.core.injector.DefaultSqlInjector - class com.a243.magicbazaar.dao.dto.Cart ,Not found @TableId annotation, Cannot use Mybatis-Plus 'xxById' Method.
2022-04-07 18:11:06.756 [main] WARN  o.s.boot.autoconfigure.AutoConfigurationPackages - @EnableAutoConfiguration was declared on a class in the default package. Automatic @Repository and @Entity scanning is not enabled.
2022-04-07 18:11:08.462 [main] WARN  c.b.mybatisplus.core.metadata.TableInfoHelper - Can not find table primary key in Class: "com.a243.magicbazaar.dao.dto.Cart".
2022-04-07 18:11:08.462 [main] WARN  c.b.mybatisplus.core.injector.DefaultSqlInjector - class com.a243.magicbazaar.dao.dto.Cart ,Not found @TableId annotation, Cannot use Mybatis-Plus 'xxById' Method.
2022-04-07 18:11:26.527 [main] WARN  o.s.boot.autoconfigure.AutoConfigurationPackages - @EnableAutoConfiguration was declared on a class in the default package. Automatic @Repository and @Entity scanning is not enabled.
2022-04-07 18:11:28.305 [main] WARN  c.b.mybatisplus.core.metadata.TableInfoHelper - Can not find table primary key in Class: "com.a243.magicbazaar.dao.dto.Cart".
2022-04-07 18:11:28.305 [main] WARN  c.b.mybatisplus.core.injector.DefaultSqlInjector - class com.a243.magicbazaar.dao.dto.Cart ,Not found @TableId annotation, Cannot use Mybatis-Plus 'xxById' Method.
2022-04-07 18:16:13.162 [main] WARN  o.s.boot.autoconfigure.AutoConfigurationPackages - @EnableAutoConfiguration was declared on a class in the default package. Automatic @Repository and @Entity scanning is not enabled.
2022-04-07 18:16:14.849 [main] WARN  c.b.mybatisplus.core.metadata.TableInfoHelper - Can not find table primary key in Class: "com.a243.magicbazaar.dao.dto.Cart".
2022-04-07 18:16:14.850 [main] WARN  c.b.mybatisplus.core.injector.DefaultSqlInjector - class com.a243.magicbazaar.dao.dto.Cart ,Not found @TableId annotation, Cannot use Mybatis-Plus 'xxById' Method.
2022-04-07 18:17:22.898 [main] WARN  o.s.boot.autoconfigure.AutoConfigurationPackages - @EnableAutoConfiguration was declared on a class in the default package. Automatic @Repository and @Entity scanning is not enabled.
2022-04-07 18:17:24.569 [main] WARN  c.b.mybatisplus.core.metadata.TableInfoHelper - Can not find table primary key in Class: "com.a243.magicbazaar.dao.dto.Cart".
2022-04-07 18:17:24.569 [main] WARN  c.b.mybatisplus.core.injector.DefaultSqlInjector - class com.a243.magicbazaar.dao.dto.Cart ,Not found @TableId annotation, Cannot use Mybatis-Plus 'xxById' Method.
2022-04-07 18:18:44.622 [main] WARN  o.s.boot.autoconfigure.AutoConfigurationPackages - @EnableAutoConfiguration was declared on a class in the default package. Automatic @Repository and @Entity scanning is not enabled.
2022-04-07 18:18:46.243 [main] WARN  c.b.mybatisplus.core.metadata.TableInfoHelper - Can not find table primary key in Class: "com.a243.magicbazaar.dao.dto.Cart".
2022-04-07 18:18:46.244 [main] WARN  c.b.mybatisplus.core.injector.DefaultSqlInjector - class com.a243.magicbazaar.dao.dto.Cart ,Not found @TableId annotation, Cannot use Mybatis-Plus 'xxById' Method.
2022-04-07 18:19:50.026 [main] WARN  o.s.boot.autoconfigure.AutoConfigurationPackages - @EnableAutoConfiguration was declared on a class in the default package. Automatic @Repository and @Entity scanning is not enabled.
2022-04-07 18:19:51.579 [main] WARN  c.b.mybatisplus.core.metadata.TableInfoHelper - Can not find table primary key in Class: "com.a243.magicbazaar.dao.dto.Cart".
2022-04-07 18:19:51.579 [main] WARN  c.b.mybatisplus.core.injector.DefaultSqlInjector - class com.a243.magicbazaar.dao.dto.Cart ,Not found @TableId annotation, Cannot use Mybatis-Plus 'xxById' Method.
2022-04-07 18:20:24.235 [main] WARN  o.s.boot.autoconfigure.AutoConfigurationPackages - @EnableAutoConfiguration was declared on a class in the default package. Automatic @Repository and @Entity scanning is not enabled.
2022-04-07 18:20:25.898 [main] WARN  c.b.mybatisplus.core.metadata.TableInfoHelper - Can not find table primary key in Class: "com.a243.magicbazaar.dao.dto.Cart".
2022-04-07 18:20:25.899 [main] WARN  c.b.mybatisplus.core.injector.DefaultSqlInjector - class com.a243.magicbazaar.dao.dto.Cart ,Not found @TableId annotation, Cannot use Mybatis-Plus 'xxById' Method.
2022-04-07 18:20:59.312 [main] WARN  o.s.boot.autoconfigure.AutoConfigurationPackages - @EnableAutoConfiguration was declared on a class in the default package. Automatic @Repository and @Entity scanning is not enabled.
2022-04-07 18:21:01.021 [main] WARN  c.b.mybatisplus.core.metadata.TableInfoHelper - Can not find table primary key in Class: "com.a243.magicbazaar.dao.dto.Cart".
2022-04-07 18:21:01.021 [main] WARN  c.b.mybatisplus.core.injector.DefaultSqlInjector - class com.a243.magicbazaar.dao.dto.Cart ,Not found @TableId annotation, Cannot use Mybatis-Plus 'xxById' Method.
2022-04-07 18:22:05.793 [main] WARN  o.s.boot.autoconfigure.AutoConfigurationPackages - @EnableAutoConfiguration was declared on a class in the default package. Automatic @Repository and @Entity scanning is not enabled.
2022-04-07 18:22:07.421 [main] WARN  c.b.mybatisplus.core.metadata.TableInfoHelper - Can not find table primary key in Class: "com.a243.magicbazaar.dao.dto.Cart".
2022-04-07 18:22:07.421 [main] WARN  c.b.mybatisplus.core.injector.DefaultSqlInjector - class com.a243.magicbazaar.dao.dto.Cart ,Not found @TableId annotation, Cannot use Mybatis-Plus 'xxById' Method.
2022-04-07 18:22:35.041 [main] WARN  o.s.boot.autoconfigure.AutoConfigurationPackages - @EnableAutoConfiguration was declared on a class in the default package. Automatic @Repository and @Entity scanning is not enabled.
2022-04-07 18:22:36.746 [main] WARN  c.b.mybatisplus.core.metadata.TableInfoHelper - Can not find table primary key in Class: "com.a243.magicbazaar.dao.dto.Cart".
2022-04-07 18:22:36.746 [main] WARN  c.b.mybatisplus.core.injector.DefaultSqlInjector - class com.a243.magicbazaar.dao.dto.Cart ,Not found @TableId annotation, Cannot use Mybatis-Plus 'xxById' Method.
2022-04-07 18:23:30.975 [main] WARN  o.s.boot.autoconfigure.AutoConfigurationPackages - @EnableAutoConfiguration was declared on a class in the default package. Automatic @Repository and @Entity scanning is not enabled.
2022-04-07 18:23:32.829 [main] WARN  c.b.mybatisplus.core.metadata.TableInfoHelper - Can not find table primary key in Class: "com.a243.magicbazaar.dao.dto.Cart".
2022-04-07 18:23:32.830 [main] WARN  c.b.mybatisplus.core.injector.DefaultSqlInjector - class com.a243.magicbazaar.dao.dto.Cart ,Not found @TableId annotation, Cannot use Mybatis-Plus 'xxById' Method.
2022-04-07 18:24:03.667 [main] WARN  o.s.boot.autoconfigure.AutoConfigurationPackages - @EnableAutoConfiguration was declared on a class in the default package. Automatic @Repository and @Entity scanning is not enabled.
2022-04-07 18:24:05.229 [main] WARN  c.b.mybatisplus.core.metadata.TableInfoHelper - Can not find table primary key in Class: "com.a243.magicbazaar.dao.dto.Cart".
2022-04-07 18:24:05.230 [main] WARN  c.b.mybatisplus.core.injector.DefaultSqlInjector - class com.a243.magicbazaar.dao.dto.Cart ,Not found @TableId annotation, Cannot use Mybatis-Plus 'xxById' Method.
2022-04-07 18:25:20.286 [main] WARN  o.s.boot.autoconfigure.AutoConfigurationPackages - @EnableAutoConfiguration was declared on a class in the default package. Automatic @Repository and @Entity scanning is not enabled.
2022-04-07 18:25:22.051 [main] WARN  c.b.mybatisplus.core.metadata.TableInfoHelper - Can not find table primary key in Class: "com.a243.magicbazaar.dao.dto.Cart".
2022-04-07 18:25:22.052 [main] WARN  c.b.mybatisplus.core.injector.DefaultSqlInjector - class com.a243.magicbazaar.dao.dto.Cart ,Not found @TableId annotation, Cannot use Mybatis-Plus 'xxById' Method.
2022-04-07 18:26:40.395 [main] WARN  o.s.boot.autoconfigure.AutoConfigurationPackages - @EnableAutoConfiguration was declared on a class in the default package. Automatic @Repository and @Entity scanning is not enabled.
2022-04-07 18:26:42.052 [main] WARN  c.b.mybatisplus.core.metadata.TableInfoHelper - Can not find table primary key in Class: "com.a243.magicbazaar.dao.dto.Cart".
2022-04-07 18:26:42.052 [main] WARN  c.b.mybatisplus.core.injector.DefaultSqlInjector - class com.a243.magicbazaar.dao.dto.Cart ,Not found @TableId annotation, Cannot use Mybatis-Plus 'xxById' Method.
2022-04-07 18:27:22.520 [main] WARN  o.s.boot.autoconfigure.AutoConfigurationPackages - @EnableAutoConfiguration was declared on a class in the default package. Automatic @Repository and @Entity scanning is not enabled.
2022-04-07 18:27:24.310 [main] WARN  c.b.mybatisplus.core.metadata.TableInfoHelper - Can not find table primary key in Class: "com.a243.magicbazaar.dao.dto.Cart".
2022-04-07 18:27:24.310 [main] WARN  c.b.mybatisplus.core.injector.DefaultSqlInjector - class com.a243.magicbazaar.dao.dto.Cart ,Not found @TableId annotation, Cannot use Mybatis-Plus 'xxById' Method.
2022-04-07 18:28:14.069 [main] WARN  o.s.boot.autoconfigure.AutoConfigurationPackages - @EnableAutoConfiguration was declared on a class in the default package. Automatic @Repository and @Entity scanning is not enabled.
2022-04-07 18:28:15.747 [main] WARN  c.b.mybatisplus.core.metadata.TableInfoHelper - Can not find table primary key in Class: "com.a243.magicbazaar.dao.dto.Cart".
2022-04-07 18:28:15.748 [main] WARN  c.b.mybatisplus.core.injector.DefaultSqlInjector - class com.a243.magicbazaar.dao.dto.Cart ,Not found @TableId annotation, Cannot use Mybatis-Plus 'xxById' Method.
2022-04-07 18:28:36.470 [main] WARN  o.s.boot.autoconfigure.AutoConfigurationPackages - @EnableAutoConfiguration was declared on a class in the default package. Automatic @Repository and @Entity scanning is not enabled.
2022-04-07 18:28:38.262 [main] WARN  c.b.mybatisplus.core.metadata.TableInfoHelper - Can not find table primary key in Class: "com.a243.magicbazaar.dao.dto.Cart".
2022-04-07 18:28:38.262 [main] WARN  c.b.mybatisplus.core.injector.DefaultSqlInjector - class com.a243.magicbazaar.dao.dto.Cart ,Not found @TableId annotation, Cannot use Mybatis-Plus 'xxById' Method.
2022-04-07 18:29:02.877 [main] WARN  o.s.boot.autoconfigure.AutoConfigurationPackages - @EnableAutoConfiguration was declared on a class in the default package. Automatic @Repository and @Entity scanning is not enabled.
2022-04-07 18:29:04.557 [main] WARN  c.b.mybatisplus.core.metadata.TableInfoHelper - Can not find table primary key in Class: "com.a243.magicbazaar.dao.dto.Cart".
2022-04-07 18:29:04.557 [main] WARN  c.b.mybatisplus.core.injector.DefaultSqlInjector - class com.a243.magicbazaar.dao.dto.Cart ,Not found @TableId annotation, Cannot use Mybatis-Plus 'xxById' Method.
2022-04-07 18:30:19.823 [main] WARN  o.s.boot.autoconfigure.AutoConfigurationPackages - @EnableAutoConfiguration was declared on a class in the default package. Automatic @Repository and @Entity scanning is not enabled.
2022-04-07 18:30:21.583 [main] WARN  c.b.mybatisplus.core.metadata.TableInfoHelper - Can not find table primary key in Class: "com.a243.magicbazaar.dao.dto.Cart".
2022-04-07 18:30:21.583 [main] WARN  c.b.mybatisplus.core.injector.DefaultSqlInjector - class com.a243.magicbazaar.dao.dto.Cart ,Not found @TableId annotation, Cannot use Mybatis-Plus 'xxById' Method.
2022-04-07 18:51:29.980 [http-nio-8080-exec-2] WARN  com.alibaba.druid.pool.DruidAbstractDataSource - discard long time none received connection. , jdbcUrl : jdbc:mysql://localhost:3306/magicbazaar?useUnicode=true&characterEncoding=utf-8&serverTimeZone=UTC, version : 1.2.8, lastPacketReceivedIdleMillis : 1241162
2022-04-07 18:51:29.980 [http-nio-8080-exec-5] WARN  com.alibaba.druid.pool.DruidAbstractDataSource - discard long time none received connection. , jdbcUrl : jdbc:mysql://localhost:3306/magicbazaar?useUnicode=true&characterEncoding=utf-8&serverTimeZone=UTC, version : 1.2.8, lastPacketReceivedIdleMillis : 1241166
2022-04-07 19:04:48.800 [main] WARN  o.s.boot.autoconfigure.AutoConfigurationPackages - @EnableAutoConfiguration was declared on a class in the default package. Automatic @Repository and @Entity scanning is not enabled.
2022-04-07 19:04:50.548 [main] WARN  c.b.mybatisplus.core.metadata.TableInfoHelper - Can not find table primary key in Class: "com.a243.magicbazaar.dao.dto.Cart".
2022-04-07 19:04:50.548 [main] WARN  c.b.mybatisplus.core.injector.DefaultSqlInjector - class com.a243.magicbazaar.dao.dto.Cart ,Not found @TableId annotation, Cannot use Mybatis-Plus 'xxById' Method.
2022-04-07 19:06:38.302 [main] WARN  o.s.boot.autoconfigure.AutoConfigurationPackages - @EnableAutoConfiguration was declared on a class in the default package. Automatic @Repository and @Entity scanning is not enabled.
2022-04-07 19:06:39.971 [main] WARN  c.b.mybatisplus.core.metadata.TableInfoHelper - Can not find table primary key in Class: "com.a243.magicbazaar.dao.dto.Cart".
2022-04-07 19:06:39.971 [main] WARN  c.b.mybatisplus.core.injector.DefaultSqlInjector - class com.a243.magicbazaar.dao.dto.Cart ,Not found @TableId annotation, Cannot use Mybatis-Plus 'xxById' Method.
2022-04-07 19:07:02.669 [main] WARN  o.s.boot.autoconfigure.AutoConfigurationPackages - @EnableAutoConfiguration was declared on a class in the default package. Automatic @Repository and @Entity scanning is not enabled.
2022-04-07 19:07:04.341 [main] WARN  c.b.mybatisplus.core.metadata.TableInfoHelper - Can not find table primary key in Class: "com.a243.magicbazaar.dao.dto.Cart".
2022-04-07 19:07:04.342 [main] WARN  c.b.mybatisplus.core.injector.DefaultSqlInjector - class com.a243.magicbazaar.dao.dto.Cart ,Not found @TableId annotation, Cannot use Mybatis-Plus 'xxById' Method.
2022-04-07 19:25:42.412 [main] WARN  o.s.boot.autoconfigure.AutoConfigurationPackages - @EnableAutoConfiguration was declared on a class in the default package. Automatic @Repository and @Entity scanning is not enabled.
2022-04-07 19:25:44.170 [main] WARN  c.b.mybatisplus.core.metadata.TableInfoHelper - Can not find table primary key in Class: "com.a243.magicbazaar.dao.dto.Cart".
2022-04-07 19:25:44.170 [main] WARN  c.b.mybatisplus.core.injector.DefaultSqlInjector - class com.a243.magicbazaar.dao.dto.Cart ,Not found @TableId annotation, Cannot use Mybatis-Plus 'xxById' Method.
2022-04-07 19:27:22.397 [http-nio-8080-exec-3] WARN  com.alibaba.druid.pool.DruidAbstractDataSource - discard long time none received connection. , jdbcUrl : jdbc:mysql://localhost:3306/magicbazaar?useUnicode=true&characterEncoding=utf-8&serverTimeZone=UTC, version : 1.2.8, lastPacketReceivedIdleMillis : 78318
2022-04-07 19:29:37.265 [main] WARN  o.s.boot.autoconfigure.AutoConfigurationPackages - @EnableAutoConfiguration was declared on a class in the default package. Automatic @Repository and @Entity scanning is not enabled.
2022-04-07 19:29:38.909 [main] WARN  c.b.mybatisplus.core.metadata.TableInfoHelper - Can not find table primary key in Class: "com.a243.magicbazaar.dao.dto.Cart".
2022-04-07 19:29:38.909 [main] WARN  c.b.mybatisplus.core.injector.DefaultSqlInjector - class com.a243.magicbazaar.dao.dto.Cart ,Not found @TableId annotation, Cannot use Mybatis-Plus 'xxById' Method.
2022-04-07 19:33:10.384 [main] WARN  o.s.boot.autoconfigure.AutoConfigurationPackages - @EnableAutoConfiguration was declared on a class in the default package. Automatic @Repository and @Entity scanning is not enabled.
2022-04-07 19:33:12.091 [main] WARN  c.b.mybatisplus.core.metadata.TableInfoHelper - Can not find table primary key in Class: "com.a243.magicbazaar.dao.dto.Cart".
2022-04-07 19:33:12.091 [main] WARN  c.b.mybatisplus.core.injector.DefaultSqlInjector - class com.a243.magicbazaar.dao.dto.Cart ,Not found @TableId annotation, Cannot use Mybatis-Plus 'xxById' Method.
2022-04-07 20:51:51.324 [main] WARN  o.s.boot.autoconfigure.AutoConfigurationPackages - @EnableAutoConfiguration was declared on a class in the default package. Automatic @Repository and @Entity scanning is not enabled.
2022-04-07 20:51:53.742 [main] WARN  c.b.mybatisplus.core.metadata.TableInfoHelper - Can not find table primary key in Class: "com.a243.magicbazaar.dao.dto.Cart".
2022-04-07 20:51:53.742 [main] WARN  c.b.mybatisplus.core.injector.DefaultSqlInjector - class com.a243.magicbazaar.dao.dto.Cart ,Not found @TableId annotation, Cannot use Mybatis-Plus 'xxById' Method.
2022-04-07 22:11:43.429 [lettuce-nioEventLoop-4-2] WARN  io.lettuce.core.protocol.ConnectionWatchdog - Cannot reconnect to [localhost/<unresolved>:6379]: Connection refused: no further information: localhost/127.0.0.1:6379
